INFO: [HLS 200-10] Running '/home/francisco/xilinx/Vivado/2019.2/bin/unwrapped/lnx64.o/vivado_hls'
INFO: [HLS 200-10] For user 'francisco' on host 'frblazquezm-PC' (Linux_x86_64 version 5.8.0-53-generic) on Sun May 16 23:15:19 CEST 2021
INFO: [HLS 200-10] On os Ubuntu 20.04.2 LTS
INFO: [HLS 200-10] In directory '/home/francisco/Documents/Universidad/5_Carrera/Advanced_Computer_Architecture/Homeworks/homework_3/kernels/kernel3'
Sourcing Tcl script '/home/francisco/Documents/Universidad/5_Carrera/Advanced_Computer_Architecture/Homeworks/homework_3/kernels/kernel3/prj_kernel3/solution4/csynth.tcl'
INFO: [HLS 200-10] Opening project '/home/francisco/Documents/Universidad/5_Carrera/Advanced_Computer_Architecture/Homeworks/homework_3/kernels/kernel3/prj_kernel3'.
INFO: [HLS 200-10] Adding design file 'kernel3.cpp' to the project
INFO: [HLS 200-10] Adding test bench file 'kernel3_test.cpp' to the project
INFO: [HLS 200-10] Opening solution '/home/francisco/Documents/Universidad/5_Carrera/Advanced_Computer_Architecture/Homeworks/homework_3/kernels/kernel3/prj_kernel3/solution4'.
INFO: [SYN 201-201] Setting up clock 'default' with a period of 10ns.
INFO: [HLS 200-10] Setting target device to 'xc7k160t-fbg484-1'
INFO: [SCHED 204-61] Option 'relax_ii_for_timing' is enabled, will increase II to preserve clock frequency constraints.
INFO: [HLS 200-10] Analyzing design file 'kernel3.cpp' ... 
INFO: [HLS 200-111] Finished Linking Time (s): cpu = 00:00:07 ; elapsed = 00:00:08 . Memory (MB): peak = 942.363 ; gain = 528.973 ; free physical = 1797 ; free virtual = 4615
INFO: [HLS 200-111] Finished Checking Pragmas Time (s): cpu = 00:00:07 ; elapsed = 00:00:08 . Memory (MB): peak = 942.363 ; gain = 528.973 ; free physical = 1797 ; free virtual = 4615
INFO: [HLS 200-10] Starting code transformations ...
INFO: [HLS 200-111] Finished Standard Transforms Time (s): cpu = 00:00:08 ; elapsed = 00:00:09 . Memory (MB): peak = 942.363 ; gain = 528.973 ; free physical = 1801 ; free virtual = 4613
INFO: [HLS 200-10] Checking synthesizability ...
INFO: [HLS 200-111] Finished Checking Synthesizability Time (s): cpu = 00:00:08 ; elapsed = 00:00:09 . Memory (MB): peak = 942.363 ; gain = 528.973 ; free physical = 1801 ; free virtual = 4613
WARNING: [XFORM 203-104] Completely partitioning array 'hist' (kernel3.cpp:3) accessed through non-constant indices on dimension 1 (kernel3.cpp:6:9), which may result in long runtime and suboptimal QoR due to large multiplexers. Please consider wrapping the array access into a function or using a register file core instead.
INFO: [XFORM 203-101] Partitioning array 'hist' (kernel3.cpp:3) in dimension 1 completely.
INFO: [HLS 200-111] Finished Pre-synthesis Time (s): cpu = 00:00:15 ; elapsed = 00:00:16 . Memory (MB): peak = 944.426 ; gain = 531.035 ; free physical = 1750 ; free virtual = 4558
INFO: [HLS 200-111] Finished Architecture Synthesis Time (s): cpu = 00:03:21 ; elapsed = 00:03:22 . Memory (MB): peak = 944.426 ; gain = 531.035 ; free physical = 1750 ; free virtual = 4533
INFO: [HLS 200-10] Starting hardware synthesis ...
INFO: [HLS 200-10] Synthesizing 'kernel3' ...
INFO: [HLS 200-10] ----------------------------------------------------------------
INFO: [HLS 200-42] -- Implementing module 'kernel3' 
INFO: [HLS 200-10] ----------------------------------------------------------------
INFO: [SCHED 204-11] Starting scheduling ...
INFO: [SCHED 204-61] Pipelining loop 'kernel3_loop'.
WARNING: [SCHED 204-68] The II Violation in module 'kernel3' (Loop: kernel3_loop): Unable to enforce a carried dependence constraint (II = 1, distance = 1, offset = 1)
   between wire write on port 'hist_0' (kernel3.cpp:6) and wire read on port 'hist_0' (kernel3.cpp:6).
WARNING: [SCHED 204-68] The II Violation in module 'kernel3' (Loop: kernel3_loop): Unable to enforce a carried dependence constraint (II = 2, distance = 1, offset = 1)
   between wire write on port 'hist_0' (kernel3.cpp:6) and wire read on port 'hist_0' (kernel3.cpp:6).
WARNING: [SCHED 204-68] The II Violation in module 'kernel3' (Loop: kernel3_loop): Unable to enforce a carried dependence constraint (II = 3, distance = 1, offset = 1)
   between wire write on port 'hist_0' (kernel3.cpp:6) and wire read on port 'hist_0' (kernel3.cpp:6).
WARNING: [SCHED 204-68] The II Violation in module 'kernel3' (Loop: kernel3_loop): Unable to enforce a carried dependence constraint (II = 4, distance = 1, offset = 1)
   between wire write on port 'hist_0' (kernel3.cpp:6) and wire read on port 'hist_0' (kernel3.cpp:6).
INFO: [SCHED 204-61] Pipelining result : Target II = 1, Final II = 5, Depth = 6.
INFO: [SCHED 204-11] Finished scheduling.
INFO: [HLS 200-111]  Elapsed time: 352.87 seconds; current allocated memory: 952.371 MB.
INFO: [BIND 205-100] Starting micro-architecture generation ...
INFO: [BIND 205-101] Performing variable lifetime analysis.
INFO: [BIND 205-101] Exploring resource sharing.
INFO: [BIND 205-101] Binding ...
INFO: [BIND 205-100] Finished micro-architecture generation.
INFO: [HLS 200-111]  Elapsed time: 21.97 seconds; current allocated memory: 963.633 MB.
INFO: [HLS 200-10] ----------------------------------------------------------------
INFO: [HLS 200-10] -- Generating RTL for module 'kernel3' 
INFO: [HLS 200-10] ----------------------------------------------------------------
INFO: [RTGEN 206-500] Setting interface mode on port 'kernel3/hist_0' to 'ap_ovld'.
INFO: [RTGEN 206-500] Setting interface mode on port 'kernel3/hist_1' to 'ap_ovld'.
INFO: [RTGEN 206-500] Setting interface mode on port 'kernel3/hist_2' to 'ap_ovld'.
INFO: [RTGEN 206-500] Setting interface mode on port 'kernel3/hist_3' to 'ap_ovld'.
INFO: [RTGEN 206-500] Setting interface mode on port 'kernel3/hist_4' to 'ap_ovld'.
INFO: [RTGEN 206-500] Setting interface mode on port 'kernel3/hist_5' to 'ap_ovld'.
INFO: [RTGEN 206-500] Setting interface mode on port 'kernel3/hist_6' to 'ap_ovld'.
INFO: [RTGEN 206-500] Setting interface mode on port 'kernel3/hist_7' to 'ap_ovld'.
INFO: [RTGEN 206-500] Setting interface mode on port 'kernel3/hist_8' to 'ap_ovld'.
INFO: [RTGEN 206-500] Setting interface mode on port 'kernel3/hist_9' to 'ap_ovld'.
INFO: [RTGEN 206-500] Setting interface mode on port 'kernel3/hist_10' to 'ap_ovld'.
INFO: [RTGEN 206-500] Setting interface mode on port 'kernel3/hist_11' to 'ap_ovld'.
INFO: [RTGEN 206-500] Setting interface mode on port 'kernel3/hist_12' to 'ap_ovld'.
INFO: [RTGEN 206-500] Setting interface mode on port 'kernel3/hist_13' to 'ap_ovld'.
INFO: [RTGEN 206-500] Setting interface mode on port 'kernel3/hist_14' to 'ap_ovld'.
INFO: [RTGEN 206-500] Setting interface mode on port 'kernel3/hist_15' to 'ap_ovld'.
INFO: [RTGEN 206-500] Setting interface mode on port 'kernel3/hist_16' to 'ap_ovld'.
INFO: [RTGEN 206-500] Setting interface mode on port 'kernel3/hist_17' to 'ap_ovld'.
INFO: [RTGEN 206-500] Setting interface mode on port 'kernel3/hist_18' to 'ap_ovld'.
INFO: [RTGEN 206-500] Setting interface mode on port 'kernel3/hist_19' to 'ap_ovld'.
INFO: [RTGEN 206-500] Setting interface mode on port 'kernel3/hist_20' to 'ap_ovld'.
INFO: [RTGEN 206-500] Setting interface mode on port 'kernel3/hist_21' to 'ap_ovld'.
INFO: [RTGEN 206-500] Setting interface mode on port 'kernel3/hist_22' to 'ap_ovld'.
INFO: [RTGEN 206-500] Setting interface mode on port 'kernel3/hist_23' to 'ap_ovld'.
INFO: [RTGEN 206-500] Setting interface mode on port 'kernel3/hist_24' to 'ap_ovld'.
INFO: [RTGEN 206-500] Setting interface mode on port 'kernel3/hist_25' to 'ap_ovld'.
INFO: [RTGEN 206-500] Setting interface mode on port 'kernel3/hist_26' to 'ap_ovld'.
INFO: [RTGEN 206-500] Setting interface mode on port 'kernel3/hist_27' to 'ap_ovld'.
INFO: [RTGEN 206-500] Setting interface mode on port 'kernel3/hist_28' to 'ap_ovld'.
INFO: [RTGEN 206-500] Setting interface mode on port 'kernel3/hist_29' to 'ap_ovld'.
INFO: [RTGEN 206-500] Setting interface mode on port 'kernel3/hist_30' to 'ap_ovld'.
INFO: [RTGEN 206-500] Setting interface mode on port 'kernel3/hist_31' to 'ap_ovld'.
INFO: [RTGEN 206-500] Setting interface mode on port 'kernel3/hist_32' to 'ap_ovld'.
INFO: [RTGEN 206-500] Setting interface mode on port 'kernel3/hist_33' to 'ap_ovld'.
INFO: [RTGEN 206-500] Setting interface mode on port 'kernel3/hist_34' to 'ap_ovld'.
INFO: [RTGEN 206-500] Setting interface mode on port 'kernel3/hist_35' to 'ap_ovld'.
INFO: [RTGEN 206-500] Setting interface mode on port 'kernel3/hist_36' to 'ap_ovld'.
INFO: [RTGEN 206-500] Setting interface mode on port 'kernel3/hist_37' to 'ap_ovld'.
INFO: [RTGEN 206-500] Setting interface mode on port 'kernel3/hist_38' to 'ap_ovld'.
INFO: [RTGEN 206-500] Setting interface mode on port 'kernel3/hist_39' to 'ap_ovld'.
INFO: [RTGEN 206-500] Setting interface mode on port 'kernel3/hist_40' to 'ap_ovld'.
INFO: [RTGEN 206-500] Setting interface mode on port 'kernel3/hist_41' to 'ap_ovld'.
INFO: [RTGEN 206-500] Setting interface mode on port 'kernel3/hist_42' to 'ap_ovld'.
INFO: [RTGEN 206-500] Setting interface mode on port 'kernel3/hist_43' to 'ap_ovld'.
INFO: [RTGEN 206-500] Setting interface mode on port 'kernel3/hist_44' to 'ap_ovld'.
INFO: [RTGEN 206-500] Setting interface mode on port 'kernel3/hist_45' to 'ap_ovld'.
INFO: [RTGEN 206-500] Setting interface mode on port 'kernel3/hist_46' to 'ap_ovld'.
INFO: [RTGEN 206-500] Setting interface mode on port 'kernel3/hist_47' to 'ap_ovld'.
INFO: [RTGEN 206-500] Setting interface mode on port 'kernel3/hist_48' to 'ap_ovld'.
INFO: [RTGEN 206-500] Setting interface mode on port 'kernel3/hist_49' to 'ap_ovld'.
INFO: [RTGEN 206-500] Setting interface mode on port 'kernel3/hist_50' to 'ap_ovld'.
INFO: [RTGEN 206-500] Setting interface mode on port 'kernel3/hist_51' to 'ap_ovld'.
INFO: [RTGEN 206-500] Setting interface mode on port 'kernel3/hist_52' to 'ap_ovld'.
INFO: [RTGEN 206-500] Setting interface mode on port 'kernel3/hist_53' to 'ap_ovld'.
INFO: [RTGEN 206-500] Setting interface mode on port 'kernel3/hist_54' to 'ap_ovld'.
INFO: [RTGEN 206-500] Setting interface mode on port 'kernel3/hist_55' to 'ap_ovld'.
INFO: [RTGEN 206-500] Setting interface mode on port 'kernel3/hist_56' to 'ap_ovld'.
INFO: [RTGEN 206-500] Setting interface mode on port 'kernel3/hist_57' to 'ap_ovld'.
INFO: [RTGEN 206-500] Setting interface mode on port 'kernel3/hist_58' to 'ap_ovld'.
INFO: [RTGEN 206-500] Setting interface mode on port 'kernel3/hist_59' to 'ap_ovld'.
INFO: [RTGEN 206-500] Setting interface mode on port 'kernel3/hist_60' to 'ap_ovld'.
INFO: [RTGEN 206-500] Setting interface mode on port 'kernel3/hist_61' to 'ap_ovld'.
INFO: [RTGEN 206-500] Setting interface mode on port 'kernel3/hist_62' to 'ap_ovld'.
INFO: [RTGEN 206-500] Setting interface mode on port 'kernel3/hist_63' to 'ap_ovld'.
INFO: [RTGEN 206-500] Setting interface mode on port 'kernel3/hist_64' to 'ap_ovld'.
INFO: [RTGEN 206-500] Setting interface mode on port 'kernel3/hist_65' to 'ap_ovld'.
INFO: [RTGEN 206-500] Setting interface mode on port 'kernel3/hist_66' to 'ap_ovld'.
INFO: [RTGEN 206-500] Setting interface mode on port 'kernel3/hist_67' to 'ap_ovld'.
INFO: [RTGEN 206-500] Setting interface mode on port 'kernel3/hist_68' to 'ap_ovld'.
INFO: [RTGEN 206-500] Setting interface mode on port 'kernel3/hist_69' to 'ap_ovld'.
INFO: [RTGEN 206-500] Setting interface mode on port 'kernel3/hist_70' to 'ap_ovld'.
INFO: [RTGEN 206-500] Setting interface mode on port 'kernel3/hist_71' to 'ap_ovld'.
INFO: [RTGEN 206-500] Setting interface mode on port 'kernel3/hist_72' to 'ap_ovld'.
INFO: [RTGEN 206-500] Setting interface mode on port 'kernel3/hist_73' to 'ap_ovld'.
INFO: [RTGEN 206-500] Setting interface mode on port 'kernel3/hist_74' to 'ap_ovld'.
INFO: [RTGEN 206-500] Setting interface mode on port 'kernel3/hist_75' to 'ap_ovld'.
INFO: [RTGEN 206-500] Setting interface mode on port 'kernel3/hist_76' to 'ap_ovld'.
INFO: [RTGEN 206-500] Setting interface mode on port 'kernel3/hist_77' to 'ap_ovld'.
INFO: [RTGEN 206-500] Setting interface mode on port 'kernel3/hist_78' to 'ap_ovld'.
INFO: [RTGEN 206-500] Setting interface mode on port 'kernel3/hist_79' to 'ap_ovld'.
INFO: [RTGEN 206-500] Setting interface mode on port 'kernel3/hist_80' to 'ap_ovld'.
INFO: [RTGEN 206-500] Setting interface mode on port 'kernel3/hist_81' to 'ap_ovld'.
INFO: [RTGEN 206-500] Setting interface mode on port 'kernel3/hist_82' to 'ap_ovld'.
INFO: [RTGEN 206-500] Setting interface mode on port 'kernel3/hist_83' to 'ap_ovld'.
INFO: [RTGEN 206-500] Setting interface mode on port 'kernel3/hist_84' to 'ap_ovld'.
INFO: [RTGEN 206-500] Setting interface mode on port 'kernel3/hist_85' to 'ap_ovld'.
INFO: [RTGEN 206-500] Setting interface mode on port 'kernel3/hist_86' to 'ap_ovld'.
INFO: [RTGEN 206-500] Setting interface mode on port 'kernel3/hist_87' to 'ap_ovld'.
INFO: [RTGEN 206-500] Setting interface mode on port 'kernel3/hist_88' to 'ap_ovld'.
INFO: [RTGEN 206-500] Setting interface mode on port 'kernel3/hist_89' to 'ap_ovld'.
INFO: [RTGEN 206-500] Setting interface mode on port 'kernel3/hist_90' to 'ap_ovld'.
INFO: [RTGEN 206-500] Setting interface mode on port 'kernel3/hist_91' to 'ap_ovld'.
INFO: [RTGEN 206-500] Setting interface mode on port 'kernel3/hist_92' to 'ap_ovld'.
INFO: [RTGEN 206-500] Setting interface mode on port 'kernel3/hist_93' to 'ap_ovld'.
INFO: [RTGEN 206-500] Setting interface mode on port 'kernel3/hist_94' to 'ap_ovld'.
INFO: [RTGEN 206-500] Setting interface mode on port 'kernel3/hist_95' to 'ap_ovld'.
INFO: [RTGEN 206-500] Setting interface mode on port 'kernel3/hist_96' to 'ap_ovld'.
INFO: [RTGEN 206-500] Setting interface mode on port 'kernel3/hist_97' to 'ap_ovld'.
INFO: [RTGEN 206-500] Setting interface mode on port 'kernel3/hist_98' to 'ap_ovld'.
INFO: [RTGEN 206-500] Setting interface mode on port 'kernel3/hist_99' to 'ap_ovld'.
INFO: [RTGEN 206-500] Setting interface mode on port 'kernel3/hist_100' to 'ap_ovld'.
INFO: [RTGEN 206-500] Setting interface mode on port 'kernel3/hist_101' to 'ap_ovld'.
INFO: [RTGEN 206-500] Setting interface mode on port 'kernel3/hist_102' to 'ap_ovld'.
INFO: [RTGEN 206-500] Setting interface mode on port 'kernel3/hist_103' to 'ap_ovld'.
INFO: [RTGEN 206-500] Setting interface mode on port 'kernel3/hist_104' to 'ap_ovld'.
INFO: [RTGEN 206-500] Setting interface mode on port 'kernel3/hist_105' to 'ap_ovld'.
INFO: [RTGEN 206-500] Setting interface mode on port 'kernel3/hist_106' to 'ap_ovld'.
INFO: [RTGEN 206-500] Setting interface mode on port 'kernel3/hist_107' to 'ap_ovld'.
INFO: [RTGEN 206-500] Setting interface mode on port 'kernel3/hist_108' to 'ap_ovld'.
INFO: [RTGEN 206-500] Setting interface mode on port 'kernel3/hist_109' to 'ap_ovld'.
INFO: [RTGEN 206-500] Setting interface mode on port 'kernel3/hist_110' to 'ap_ovld'.
INFO: [RTGEN 206-500] Setting interface mode on port 'kernel3/hist_111' to 'ap_ovld'.
INFO: [RTGEN 206-500] Setting interface mode on port 'kernel3/hist_112' to 'ap_ovld'.
INFO: [RTGEN 206-500] Setting interface mode on port 'kernel3/hist_113' to 'ap_ovld'.
INFO: [RTGEN 206-500] Setting interface mode on port 'kernel3/hist_114' to 'ap_ovld'.
INFO: [RTGEN 206-500] Setting interface mode on port 'kernel3/hist_115' to 'ap_ovld'.
INFO: [RTGEN 206-500] Setting interface mode on port 'kernel3/hist_116' to 'ap_ovld'.
INFO: [RTGEN 206-500] Setting interface mode on port 'kernel3/hist_117' to 'ap_ovld'.
INFO: [RTGEN 206-500] Setting interface mode on port 'kernel3/hist_118' to 'ap_ovld'.
INFO: [RTGEN 206-500] Setting interface mode on port 'kernel3/hist_119' to 'ap_ovld'.
INFO: [RTGEN 206-500] Setting interface mode on port 'kernel3/hist_120' to 'ap_ovld'.
INFO: [RTGEN 206-500] Setting interface mode on port 'kernel3/hist_121' to 'ap_ovld'.
INFO: [RTGEN 206-500] Setting interface mode on port 'kernel3/hist_122' to 'ap_ovld'.
INFO: [RTGEN 206-500] Setting interface mode on port 'kernel3/hist_123' to 'ap_ovld'.
INFO: [RTGEN 206-500] Setting interface mode on port 'kernel3/hist_124' to 'ap_ovld'.
INFO: [RTGEN 206-500] Setting interface mode on port 'kernel3/hist_125' to 'ap_ovld'.
INFO: [RTGEN 206-500] Setting interface mode on port 'kernel3/hist_126' to 'ap_ovld'.
INFO: [RTGEN 206-500] Setting interface mode on port 'kernel3/hist_127' to 'ap_ovld'.
INFO: [RTGEN 206-500] Setting interface mode on port 'kernel3/hist_128' to 'ap_ovld'.
INFO: [RTGEN 206-500] Setting interface mode on port 'kernel3/hist_129' to 'ap_ovld'.
INFO: [RTGEN 206-500] Setting interface mode on port 'kernel3/hist_130' to 'ap_ovld'.
INFO: [RTGEN 206-500] Setting interface mode on port 'kernel3/hist_131' to 'ap_ovld'.
INFO: [RTGEN 206-500] Setting interface mode on port 'kernel3/hist_132' to 'ap_ovld'.
INFO: [RTGEN 206-500] Setting interface mode on port 'kernel3/hist_133' to 'ap_ovld'.
INFO: [RTGEN 206-500] Setting interface mode on port 'kernel3/hist_134' to 'ap_ovld'.
INFO: [RTGEN 206-500] Setting interface mode on port 'kernel3/hist_135' to 'ap_ovld'.
INFO: [RTGEN 206-500] Setting interface mode on port 'kernel3/hist_136' to 'ap_ovld'.
INFO: [RTGEN 206-500] Setting interface mode on port 'kernel3/hist_137' to 'ap_ovld'.
INFO: [RTGEN 206-500] Setting interface mode on port 'kernel3/hist_138' to 'ap_ovld'.
INFO: [RTGEN 206-500] Setting interface mode on port 'kernel3/hist_139' to 'ap_ovld'.
INFO: [RTGEN 206-500] Setting interface mode on port 'kernel3/hist_140' to 'ap_ovld'.
INFO: [RTGEN 206-500] Setting interface mode on port 'kernel3/hist_141' to 'ap_ovld'.
INFO: [RTGEN 206-500] Setting interface mode on port 'kernel3/hist_142' to 'ap_ovld'.
INFO: [RTGEN 206-500] Setting interface mode on port 'kernel3/hist_143' to 'ap_ovld'.
INFO: [RTGEN 206-500] Setting interface mode on port 'kernel3/hist_144' to 'ap_ovld'.
INFO: [RTGEN 206-500] Setting interface mode on port 'kernel3/hist_145' to 'ap_ovld'.
INFO: [RTGEN 206-500] Setting interface mode on port 'kernel3/hist_146' to 'ap_ovld'.
INFO: [RTGEN 206-500] Setting interface mode on port 'kernel3/hist_147' to 'ap_ovld'.
INFO: [RTGEN 206-500] Setting interface mode on port 'kernel3/hist_148' to 'ap_ovld'.
INFO: [RTGEN 206-500] Setting interface mode on port 'kernel3/hist_149' to 'ap_ovld'.
INFO: [RTGEN 206-500] Setting interface mode on port 'kernel3/hist_150' to 'ap_ovld'.
INFO: [RTGEN 206-500] Setting interface mode on port 'kernel3/hist_151' to 'ap_ovld'.
INFO: [RTGEN 206-500] Setting interface mode on port 'kernel3/hist_152' to 'ap_ovld'.
INFO: [RTGEN 206-500] Setting interface mode on port 'kernel3/hist_153' to 'ap_ovld'.
INFO: [RTGEN 206-500] Setting interface mode on port 'kernel3/hist_154' to 'ap_ovld'.
INFO: [RTGEN 206-500] Setting interface mode on port 'kernel3/hist_155' to 'ap_ovld'.
INFO: [RTGEN 206-500] Setting interface mode on port 'kernel3/hist_156' to 'ap_ovld'.
INFO: [RTGEN 206-500] Setting interface mode on port 'kernel3/hist_157' to 'ap_ovld'.
INFO: [RTGEN 206-500] Setting interface mode on port 'kernel3/hist_158' to 'ap_ovld'.
INFO: [RTGEN 206-500] Setting interface mode on port 'kernel3/hist_159' to 'ap_ovld'.
INFO: [RTGEN 206-500] Setting interface mode on port 'kernel3/hist_160' to 'ap_ovld'.
INFO: [RTGEN 206-500] Setting interface mode on port 'kernel3/hist_161' to 'ap_ovld'.
INFO: [RTGEN 206-500] Setting interface mode on port 'kernel3/hist_162' to 'ap_ovld'.
INFO: [RTGEN 206-500] Setting interface mode on port 'kernel3/hist_163' to 'ap_ovld'.
INFO: [RTGEN 206-500] Setting interface mode on port 'kernel3/hist_164' to 'ap_ovld'.
INFO: [RTGEN 206-500] Setting interface mode on port 'kernel3/hist_165' to 'ap_ovld'.
INFO: [RTGEN 206-500] Setting interface mode on port 'kernel3/hist_166' to 'ap_ovld'.
INFO: [RTGEN 206-500] Setting interface mode on port 'kernel3/hist_167' to 'ap_ovld'.
INFO: [RTGEN 206-500] Setting interface mode on port 'kernel3/hist_168' to 'ap_ovld'.
INFO: [RTGEN 206-500] Setting interface mode on port 'kernel3/hist_169' to 'ap_ovld'.
INFO: [RTGEN 206-500] Setting interface mode on port 'kernel3/hist_170' to 'ap_ovld'.
INFO: [RTGEN 206-500] Setting interface mode on port 'kernel3/hist_171' to 'ap_ovld'.
INFO: [RTGEN 206-500] Setting interface mode on port 'kernel3/hist_172' to 'ap_ovld'.
INFO: [RTGEN 206-500] Setting interface mode on port 'kernel3/hist_173' to 'ap_ovld'.
INFO: [RTGEN 206-500] Setting interface mode on port 'kernel3/hist_174' to 'ap_ovld'.
INFO: [RTGEN 206-500] Setting interface mode on port 'kernel3/hist_175' to 'ap_ovld'.
INFO: [RTGEN 206-500] Setting interface mode on port 'kernel3/hist_176' to 'ap_ovld'.
INFO: [RTGEN 206-500] Setting interface mode on port 'kernel3/hist_177' to 'ap_ovld'.
INFO: [RTGEN 206-500] Setting interface mode on port 'kernel3/hist_178' to 'ap_ovld'.
INFO: [RTGEN 206-500] Setting interface mode on port 'kernel3/hist_179' to 'ap_ovld'.
INFO: [RTGEN 206-500] Setting interface mode on port 'kernel3/hist_180' to 'ap_ovld'.
INFO: [RTGEN 206-500] Setting interface mode on port 'kernel3/hist_181' to 'ap_ovld'.
INFO: [RTGEN 206-500] Setting interface mode on port 'kernel3/hist_182' to 'ap_ovld'.
INFO: [RTGEN 206-500] Setting interface mode on port 'kernel3/hist_183' to 'ap_ovld'.
INFO: [RTGEN 206-500] Setting interface mode on port 'kernel3/hist_184' to 'ap_ovld'.
INFO: [RTGEN 206-500] Setting interface mode on port 'kernel3/hist_185' to 'ap_ovld'.
INFO: [RTGEN 206-500] Setting interface mode on port 'kernel3/hist_186' to 'ap_ovld'.
INFO: [RTGEN 206-500] Setting interface mode on port 'kernel3/hist_187' to 'ap_ovld'.
INFO: [RTGEN 206-500] Setting interface mode on port 'kernel3/hist_188' to 'ap_ovld'.
INFO: [RTGEN 206-500] Setting interface mode on port 'kernel3/hist_189' to 'ap_ovld'.
INFO: [RTGEN 206-500] Setting interface mode on port 'kernel3/hist_190' to 'ap_ovld'.
INFO: [RTGEN 206-500] Setting interface mode on port 'kernel3/hist_191' to 'ap_ovld'.
INFO: [RTGEN 206-500] Setting interface mode on port 'kernel3/hist_192' to 'ap_ovld'.
INFO: [RTGEN 206-500] Setting interface mode on port 'kernel3/hist_193' to 'ap_ovld'.
INFO: [RTGEN 206-500] Setting interface mode on port 'kernel3/hist_194' to 'ap_ovld'.
INFO: [RTGEN 206-500] Setting interface mode on port 'kernel3/hist_195' to 'ap_ovld'.
INFO: [RTGEN 206-500] Setting interface mode on port 'kernel3/hist_196' to 'ap_ovld'.
INFO: [RTGEN 206-500] Setting interface mode on port 'kernel3/hist_197' to 'ap_ovld'.
INFO: [RTGEN 206-500] Setting interface mode on port 'kernel3/hist_198' to 'ap_ovld'.
INFO: [RTGEN 206-500] Setting interface mode on port 'kernel3/hist_199' to 'ap_ovld'.
INFO: [RTGEN 206-500] Setting interface mode on port 'kernel3/hist_200' to 'ap_ovld'.
INFO: [RTGEN 206-500] Setting interface mode on port 'kernel3/hist_201' to 'ap_ovld'.
INFO: [RTGEN 206-500] Setting interface mode on port 'kernel3/hist_202' to 'ap_ovld'.
INFO: [RTGEN 206-500] Setting interface mode on port 'kernel3/hist_203' to 'ap_ovld'.
INFO: [RTGEN 206-500] Setting interface mode on port 'kernel3/hist_204' to 'ap_ovld'.
INFO: [RTGEN 206-500] Setting interface mode on port 'kernel3/hist_205' to 'ap_ovld'.
INFO: [RTGEN 206-500] Setting interface mode on port 'kernel3/hist_206' to 'ap_ovld'.
INFO: [RTGEN 206-500] Setting interface mode on port 'kernel3/hist_207' to 'ap_ovld'.
INFO: [RTGEN 206-500] Setting interface mode on port 'kernel3/hist_208' to 'ap_ovld'.
INFO: [RTGEN 206-500] Setting interface mode on port 'kernel3/hist_209' to 'ap_ovld'.
INFO: [RTGEN 206-500] Setting interface mode on port 'kernel3/hist_210' to 'ap_ovld'.
INFO: [RTGEN 206-500] Setting interface mode on port 'kernel3/hist_211' to 'ap_ovld'.
INFO: [RTGEN 206-500] Setting interface mode on port 'kernel3/hist_212' to 'ap_ovld'.
INFO: [RTGEN 206-500] Setting interface mode on port 'kernel3/hist_213' to 'ap_ovld'.
INFO: [RTGEN 206-500] Setting interface mode on port 'kernel3/hist_214' to 'ap_ovld'.
INFO: [RTGEN 206-500] Setting interface mode on port 'kernel3/hist_215' to 'ap_ovld'.
INFO: [RTGEN 206-500] Setting interface mode on port 'kernel3/hist_216' to 'ap_ovld'.
INFO: [RTGEN 206-500] Setting interface mode on port 'kernel3/hist_217' to 'ap_ovld'.
INFO: [RTGEN 206-500] Setting interface mode on port 'kernel3/hist_218' to 'ap_ovld'.
INFO: [RTGEN 206-500] Setting interface mode on port 'kernel3/hist_219' to 'ap_ovld'.
INFO: [RTGEN 206-500] Setting interface mode on port 'kernel3/hist_220' to 'ap_ovld'.
INFO: [RTGEN 206-500] Setting interface mode on port 'kernel3/hist_221' to 'ap_ovld'.
INFO: [RTGEN 206-500] Setting interface mode on port 'kernel3/hist_222' to 'ap_ovld'.
INFO: [RTGEN 206-500] Setting interface mode on port 'kernel3/hist_223' to 'ap_ovld'.
INFO: [RTGEN 206-500] Setting interface mode on port 'kernel3/hist_224' to 'ap_ovld'.
INFO: [RTGEN 206-500] Setting interface mode on port 'kernel3/hist_225' to 'ap_ovld'.
INFO: [RTGEN 206-500] Setting interface mode on port 'kernel3/hist_226' to 'ap_ovld'.
INFO: [RTGEN 206-500] Setting interface mode on port 'kernel3/hist_227' to 'ap_ovld'.
INFO: [RTGEN 206-500] Setting interface mode on port 'kernel3/hist_228' to 'ap_ovld'.
INFO: [RTGEN 206-500] Setting interface mode on port 'kernel3/hist_229' to 'ap_ovld'.
INFO: [RTGEN 206-500] Setting interface mode on port 'kernel3/hist_230' to 'ap_ovld'.
INFO: [RTGEN 206-500] Setting interface mode on port 'kernel3/hist_231' to 'ap_ovld'.
INFO: [RTGEN 206-500] Setting interface mode on port 'kernel3/hist_232' to 'ap_ovld'.
INFO: [RTGEN 206-500] Setting interface mode on port 'kernel3/hist_233' to 'ap_ovld'.
INFO: [RTGEN 206-500] Setting interface mode on port 'kernel3/hist_234' to 'ap_ovld'.
INFO: [RTGEN 206-500] Setting interface mode on port 'kernel3/hist_235' to 'ap_ovld'.
INFO: [RTGEN 206-500] Setting interface mode on port 'kernel3/hist_236' to 'ap_ovld'.
INFO: [RTGEN 206-500] Setting interface mode on port 'kernel3/hist_237' to 'ap_ovld'.
INFO: [RTGEN 206-500] Setting interface mode on port 'kernel3/hist_238' to 'ap_ovld'.
INFO: [RTGEN 206-500] Setting interface mode on port 'kernel3/hist_239' to 'ap_ovld'.
INFO: [RTGEN 206-500] Setting interface mode on port 'kernel3/hist_240' to 'ap_ovld'.
INFO: [RTGEN 206-500] Setting interface mode on port 'kernel3/hist_241' to 'ap_ovld'.
INFO: [RTGEN 206-500] Setting interface mode on port 'kernel3/hist_242' to 'ap_ovld'.
INFO: [RTGEN 206-500] Setting interface mode on port 'kernel3/hist_243' to 'ap_ovld'.
INFO: [RTGEN 206-500] Setting interface mode on port 'kernel3/hist_244' to 'ap_ovld'.
INFO: [RTGEN 206-500] Setting interface mode on port 'kernel3/hist_245' to 'ap_ovld'.
INFO: [RTGEN 206-500] Setting interface mode on port 'kernel3/hist_246' to 'ap_ovld'.
INFO: [RTGEN 206-500] Setting interface mode on port 'kernel3/hist_247' to 'ap_ovld'.
INFO: [RTGEN 206-500] Setting interface mode on port 'kernel3/hist_248' to 'ap_ovld'.
INFO: [RTGEN 206-500] Setting interface mode on port 'kernel3/hist_249' to 'ap_ovld'.
INFO: [RTGEN 206-500] Setting interface mode on port 'kernel3/hist_250' to 'ap_ovld'.
INFO: [RTGEN 206-500] Setting interface mode on port 'kernel3/hist_251' to 'ap_ovld'.
INFO: [RTGEN 206-500] Setting interface mode on port 'kernel3/hist_252' to 'ap_ovld'.
INFO: [RTGEN 206-500] Setting interface mode on port 'kernel3/hist_253' to 'ap_ovld'.
INFO: [RTGEN 206-500] Setting interface mode on port 'kernel3/hist_254' to 'ap_ovld'.
INFO: [RTGEN 206-500] Setting interface mode on port 'kernel3/hist_255' to 'ap_ovld'.
INFO: [RTGEN 206-500] Setting interface mode on port 'kernel3/hist_256' to 'ap_ovld'.
INFO: [RTGEN 206-500] Setting interface mode on port 'kernel3/hist_257' to 'ap_ovld'.
INFO: [RTGEN 206-500] Setting interface mode on port 'kernel3/hist_258' to 'ap_ovld'.
INFO: [RTGEN 206-500] Setting interface mode on port 'kernel3/hist_259' to 'ap_ovld'.
INFO: [RTGEN 206-500] Setting interface mode on port 'kernel3/hist_260' to 'ap_ovld'.
INFO: [RTGEN 206-500] Setting interface mode on port 'kernel3/hist_261' to 'ap_ovld'.
INFO: [RTGEN 206-500] Setting interface mode on port 'kernel3/hist_262' to 'ap_ovld'.
INFO: [RTGEN 206-500] Setting interface mode on port 'kernel3/hist_263' to 'ap_ovld'.
INFO: [RTGEN 206-500] Setting interface mode on port 'kernel3/hist_264' to 'ap_ovld'.
INFO: [RTGEN 206-500] Setting interface mode on port 'kernel3/hist_265' to 'ap_ovld'.
INFO: [RTGEN 206-500] Setting interface mode on port 'kernel3/hist_266' to 'ap_ovld'.
INFO: [RTGEN 206-500] Setting interface mode on port 'kernel3/hist_267' to 'ap_ovld'.
INFO: [RTGEN 206-500] Setting interface mode on port 'kernel3/hist_268' to 'ap_ovld'.
INFO: [RTGEN 206-500] Setting interface mode on port 'kernel3/hist_269' to 'ap_ovld'.
INFO: [RTGEN 206-500] Setting interface mode on port 'kernel3/hist_270' to 'ap_ovld'.
INFO: [RTGEN 206-500] Setting interface mode on port 'kernel3/hist_271' to 'ap_ovld'.
INFO: [RTGEN 206-500] Setting interface mode on port 'kernel3/hist_272' to 'ap_ovld'.
INFO: [RTGEN 206-500] Setting interface mode on port 'kernel3/hist_273' to 'ap_ovld'.
INFO: [RTGEN 206-500] Setting interface mode on port 'kernel3/hist_274' to 'ap_ovld'.
INFO: [RTGEN 206-500] Setting interface mode on port 'kernel3/hist_275' to 'ap_ovld'.
INFO: [RTGEN 206-500] Setting interface mode on port 'kernel3/hist_276' to 'ap_ovld'.
INFO: [RTGEN 206-500] Setting interface mode on port 'kernel3/hist_277' to 'ap_ovld'.
INFO: [RTGEN 206-500] Setting interface mode on port 'kernel3/hist_278' to 'ap_ovld'.
INFO: [RTGEN 206-500] Setting interface mode on port 'kernel3/hist_279' to 'ap_ovld'.
INFO: [RTGEN 206-500] Setting interface mode on port 'kernel3/hist_280' to 'ap_ovld'.
INFO: [RTGEN 206-500] Setting interface mode on port 'kernel3/hist_281' to 'ap_ovld'.
INFO: [RTGEN 206-500] Setting interface mode on port 'kernel3/hist_282' to 'ap_ovld'.
INFO: [RTGEN 206-500] Setting interface mode on port 'kernel3/hist_283' to 'ap_ovld'.
INFO: [RTGEN 206-500] Setting interface mode on port 'kernel3/hist_284' to 'ap_ovld'.
INFO: [RTGEN 206-500] Setting interface mode on port 'kernel3/hist_285' to 'ap_ovld'.
INFO: [RTGEN 206-500] Setting interface mode on port 'kernel3/hist_286' to 'ap_ovld'.
INFO: [RTGEN 206-500] Setting interface mode on port 'kernel3/hist_287' to 'ap_ovld'.
INFO: [RTGEN 206-500] Setting interface mode on port 'kernel3/hist_288' to 'ap_ovld'.
INFO: [RTGEN 206-500] Setting interface mode on port 'kernel3/hist_289' to 'ap_ovld'.
INFO: [RTGEN 206-500] Setting interface mode on port 'kernel3/hist_290' to 'ap_ovld'.
INFO: [RTGEN 206-500] Setting interface mode on port 'kernel3/hist_291' to 'ap_ovld'.
INFO: [RTGEN 206-500] Setting interface mode on port 'kernel3/hist_292' to 'ap_ovld'.
INFO: [RTGEN 206-500] Setting interface mode on port 'kernel3/hist_293' to 'ap_ovld'.
INFO: [RTGEN 206-500] Setting interface mode on port 'kernel3/hist_294' to 'ap_ovld'.
INFO: [RTGEN 206-500] Setting interface mode on port 'kernel3/hist_295' to 'ap_ovld'.
INFO: [RTGEN 206-500] Setting interface mode on port 'kernel3/hist_296' to 'ap_ovld'.
INFO: [RTGEN 206-500] Setting interface mode on port 'kernel3/hist_297' to 'ap_ovld'.
INFO: [RTGEN 206-500] Setting interface mode on port 'kernel3/hist_298' to 'ap_ovld'.
INFO: [RTGEN 206-500] Setting interface mode on port 'kernel3/hist_299' to 'ap_ovld'.
INFO: [RTGEN 206-500] Setting interface mode on port 'kernel3/hist_300' to 'ap_ovld'.
INFO: [RTGEN 206-500] Setting interface mode on port 'kernel3/hist_301' to 'ap_ovld'.
INFO: [RTGEN 206-500] Setting interface mode on port 'kernel3/hist_302' to 'ap_ovld'.
INFO: [RTGEN 206-500] Setting interface mode on port 'kernel3/hist_303' to 'ap_ovld'.
INFO: [RTGEN 206-500] Setting interface mode on port 'kernel3/hist_304' to 'ap_ovld'.
INFO: [RTGEN 206-500] Setting interface mode on port 'kernel3/hist_305' to 'ap_ovld'.
INFO: [RTGEN 206-500] Setting interface mode on port 'kernel3/hist_306' to 'ap_ovld'.
INFO: [RTGEN 206-500] Setting interface mode on port 'kernel3/hist_307' to 'ap_ovld'.
INFO: [RTGEN 206-500] Setting interface mode on port 'kernel3/hist_308' to 'ap_ovld'.
INFO: [RTGEN 206-500] Setting interface mode on port 'kernel3/hist_309' to 'ap_ovld'.
INFO: [RTGEN 206-500] Setting interface mode on port 'kernel3/hist_310' to 'ap_ovld'.
INFO: [RTGEN 206-500] Setting interface mode on port 'kernel3/hist_311' to 'ap_ovld'.
INFO: [RTGEN 206-500] Setting interface mode on port 'kernel3/hist_312' to 'ap_ovld'.
INFO: [RTGEN 206-500] Setting interface mode on port 'kernel3/hist_313' to 'ap_ovld'.
INFO: [RTGEN 206-500] Setting interface mode on port 'kernel3/hist_314' to 'ap_ovld'.
INFO: [RTGEN 206-500] Setting interface mode on port 'kernel3/hist_315' to 'ap_ovld'.
INFO: [RTGEN 206-500] Setting interface mode on port 'kernel3/hist_316' to 'ap_ovld'.
INFO: [RTGEN 206-500] Setting interface mode on port 'kernel3/hist_317' to 'ap_ovld'.
INFO: [RTGEN 206-500] Setting interface mode on port 'kernel3/hist_318' to 'ap_ovld'.
INFO: [RTGEN 206-500] Setting interface mode on port 'kernel3/hist_319' to 'ap_ovld'.
INFO: [RTGEN 206-500] Setting interface mode on port 'kernel3/hist_320' to 'ap_ovld'.
INFO: [RTGEN 206-500] Setting interface mode on port 'kernel3/hist_321' to 'ap_ovld'.
INFO: [RTGEN 206-500] Setting interface mode on port 'kernel3/hist_322' to 'ap_ovld'.
INFO: [RTGEN 206-500] Setting interface mode on port 'kernel3/hist_323' to 'ap_ovld'.
INFO: [RTGEN 206-500] Setting interface mode on port 'kernel3/hist_324' to 'ap_ovld'.
INFO: [RTGEN 206-500] Setting interface mode on port 'kernel3/hist_325' to 'ap_ovld'.
INFO: [RTGEN 206-500] Setting interface mode on port 'kernel3/hist_326' to 'ap_ovld'.
INFO: [RTGEN 206-500] Setting interface mode on port 'kernel3/hist_327' to 'ap_ovld'.
INFO: [RTGEN 206-500] Setting interface mode on port 'kernel3/hist_328' to 'ap_ovld'.
INFO: [RTGEN 206-500] Setting interface mode on port 'kernel3/hist_329' to 'ap_ovld'.
INFO: [RTGEN 206-500] Setting interface mode on port 'kernel3/hist_330' to 'ap_ovld'.
INFO: [RTGEN 206-500] Setting interface mode on port 'kernel3/hist_331' to 'ap_ovld'.
INFO: [RTGEN 206-500] Setting interface mode on port 'kernel3/hist_332' to 'ap_ovld'.
INFO: [RTGEN 206-500] Setting interface mode on port 'kernel3/hist_333' to 'ap_ovld'.
INFO: [RTGEN 206-500] Setting interface mode on port 'kernel3/hist_334' to 'ap_ovld'.
INFO: [RTGEN 206-500] Setting interface mode on port 'kernel3/hist_335' to 'ap_ovld'.
INFO: [RTGEN 206-500] Setting interface mode on port 'kernel3/hist_336' to 'ap_ovld'.
INFO: [RTGEN 206-500] Setting interface mode on port 'kernel3/hist_337' to 'ap_ovld'.
INFO: [RTGEN 206-500] Setting interface mode on port 'kernel3/hist_338' to 'ap_ovld'.
INFO: [RTGEN 206-500] Setting interface mode on port 'kernel3/hist_339' to 'ap_ovld'.
INFO: [RTGEN 206-500] Setting interface mode on port 'kernel3/hist_340' to 'ap_ovld'.
INFO: [RTGEN 206-500] Setting interface mode on port 'kernel3/hist_341' to 'ap_ovld'.
INFO: [RTGEN 206-500] Setting interface mode on port 'kernel3/hist_342' to 'ap_ovld'.
INFO: [RTGEN 206-500] Setting interface mode on port 'kernel3/hist_343' to 'ap_ovld'.
INFO: [RTGEN 206-500] Setting interface mode on port 'kernel3/hist_344' to 'ap_ovld'.
INFO: [RTGEN 206-500] Setting interface mode on port 'kernel3/hist_345' to 'ap_ovld'.
INFO: [RTGEN 206-500] Setting interface mode on port 'kernel3/hist_346' to 'ap_ovld'.
INFO: [RTGEN 206-500] Setting interface mode on port 'kernel3/hist_347' to 'ap_ovld'.
INFO: [RTGEN 206-500] Setting interface mode on port 'kernel3/hist_348' to 'ap_ovld'.
INFO: [RTGEN 206-500] Setting interface mode on port 'kernel3/hist_349' to 'ap_ovld'.
INFO: [RTGEN 206-500] Setting interface mode on port 'kernel3/hist_350' to 'ap_ovld'.
INFO: [RTGEN 206-500] Setting interface mode on port 'kernel3/hist_351' to 'ap_ovld'.
INFO: [RTGEN 206-500] Setting interface mode on port 'kernel3/hist_352' to 'ap_ovld'.
INFO: [RTGEN 206-500] Setting interface mode on port 'kernel3/hist_353' to 'ap_ovld'.
INFO: [RTGEN 206-500] Setting interface mode on port 'kernel3/hist_354' to 'ap_ovld'.
INFO: [RTGEN 206-500] Setting interface mode on port 'kernel3/hist_355' to 'ap_ovld'.
INFO: [RTGEN 206-500] Setting interface mode on port 'kernel3/hist_356' to 'ap_ovld'.
INFO: [RTGEN 206-500] Setting interface mode on port 'kernel3/hist_357' to 'ap_ovld'.
INFO: [RTGEN 206-500] Setting interface mode on port 'kernel3/hist_358' to 'ap_ovld'.
INFO: [RTGEN 206-500] Setting interface mode on port 'kernel3/hist_359' to 'ap_ovld'.
INFO: [RTGEN 206-500] Setting interface mode on port 'kernel3/hist_360' to 'ap_ovld'.
INFO: [RTGEN 206-500] Setting interface mode on port 'kernel3/hist_361' to 'ap_ovld'.
INFO: [RTGEN 206-500] Setting interface mode on port 'kernel3/hist_362' to 'ap_ovld'.
INFO: [RTGEN 206-500] Setting interface mode on port 'kernel3/hist_363' to 'ap_ovld'.
INFO: [RTGEN 206-500] Setting interface mode on port 'kernel3/hist_364' to 'ap_ovld'.
INFO: [RTGEN 206-500] Setting interface mode on port 'kernel3/hist_365' to 'ap_ovld'.
INFO: [RTGEN 206-500] Setting interface mode on port 'kernel3/hist_366' to 'ap_ovld'.
INFO: [RTGEN 206-500] Setting interface mode on port 'kernel3/hist_367' to 'ap_ovld'.
INFO: [RTGEN 206-500] Setting interface mode on port 'kernel3/hist_368' to 'ap_ovld'.
INFO: [RTGEN 206-500] Setting interface mode on port 'kernel3/hist_369' to 'ap_ovld'.
INFO: [RTGEN 206-500] Setting interface mode on port 'kernel3/hist_370' to 'ap_ovld'.
INFO: [RTGEN 206-500] Setting interface mode on port 'kernel3/hist_371' to 'ap_ovld'.
INFO: [RTGEN 206-500] Setting interface mode on port 'kernel3/hist_372' to 'ap_ovld'.
INFO: [RTGEN 206-500] Setting interface mode on port 'kernel3/hist_373' to 'ap_ovld'.
INFO: [RTGEN 206-500] Setting interface mode on port 'kernel3/hist_374' to 'ap_ovld'.
INFO: [RTGEN 206-500] Setting interface mode on port 'kernel3/hist_375' to 'ap_ovld'.
INFO: [RTGEN 206-500] Setting interface mode on port 'kernel3/hist_376' to 'ap_ovld'.
INFO: [RTGEN 206-500] Setting interface mode on port 'kernel3/hist_377' to 'ap_ovld'.
INFO: [RTGEN 206-500] Setting interface mode on port 'kernel3/hist_378' to 'ap_ovld'.
INFO: [RTGEN 206-500] Setting interface mode on port 'kernel3/hist_379' to 'ap_ovld'.
INFO: [RTGEN 206-500] Setting interface mode on port 'kernel3/hist_380' to 'ap_ovld'.
INFO: [RTGEN 206-500] Setting interface mode on port 'kernel3/hist_381' to 'ap_ovld'.
INFO: [RTGEN 206-500] Setting interface mode on port 'kernel3/hist_382' to 'ap_ovld'.
INFO: [RTGEN 206-500] Setting interface mode on port 'kernel3/hist_383' to 'ap_ovld'.
INFO: [RTGEN 206-500] Setting interface mode on port 'kernel3/hist_384' to 'ap_ovld'.
INFO: [RTGEN 206-500] Setting interface mode on port 'kernel3/hist_385' to 'ap_ovld'.
INFO: [RTGEN 206-500] Setting interface mode on port 'kernel3/hist_386' to 'ap_ovld'.
INFO: [RTGEN 206-500] Setting interface mode on port 'kernel3/hist_387' to 'ap_ovld'.
INFO: [RTGEN 206-500] Setting interface mode on port 'kernel3/hist_388' to 'ap_ovld'.
INFO: [RTGEN 206-500] Setting interface mode on port 'kernel3/hist_389' to 'ap_ovld'.
INFO: [RTGEN 206-500] Setting interface mode on port 'kernel3/hist_390' to 'ap_ovld'.
INFO: [RTGEN 206-500] Setting interface mode on port 'kernel3/hist_391' to 'ap_ovld'.
INFO: [RTGEN 206-500] Setting interface mode on port 'kernel3/hist_392' to 'ap_ovld'.
INFO: [RTGEN 206-500] Setting interface mode on port 'kernel3/hist_393' to 'ap_ovld'.
INFO: [RTGEN 206-500] Setting interface mode on port 'kernel3/hist_394' to 'ap_ovld'.
INFO: [RTGEN 206-500] Setting interface mode on port 'kernel3/hist_395' to 'ap_ovld'.
INFO: [RTGEN 206-500] Setting interface mode on port 'kernel3/hist_396' to 'ap_ovld'.
INFO: [RTGEN 206-500] Setting interface mode on port 'kernel3/hist_397' to 'ap_ovld'.
INFO: [RTGEN 206-500] Setting interface mode on port 'kernel3/hist_398' to 'ap_ovld'.
INFO: [RTGEN 206-500] Setting interface mode on port 'kernel3/hist_399' to 'ap_ovld'.
INFO: [RTGEN 206-500] Setting interface mode on port 'kernel3/hist_400' to 'ap_ovld'.
INFO: [RTGEN 206-500] Setting interface mode on port 'kernel3/hist_401' to 'ap_ovld'.
INFO: [RTGEN 206-500] Setting interface mode on port 'kernel3/hist_402' to 'ap_ovld'.
INFO: [RTGEN 206-500] Setting interface mode on port 'kernel3/hist_403' to 'ap_ovld'.
INFO: [RTGEN 206-500] Setting interface mode on port 'kernel3/hist_404' to 'ap_ovld'.
INFO: [RTGEN 206-500] Setting interface mode on port 'kernel3/hist_405' to 'ap_ovld'.
INFO: [RTGEN 206-500] Setting interface mode on port 'kernel3/hist_406' to 'ap_ovld'.
INFO: [RTGEN 206-500] Setting interface mode on port 'kernel3/hist_407' to 'ap_ovld'.
INFO: [RTGEN 206-500] Setting interface mode on port 'kernel3/hist_408' to 'ap_ovld'.
INFO: [RTGEN 206-500] Setting interface mode on port 'kernel3/hist_409' to 'ap_ovld'.
INFO: [RTGEN 206-500] Setting interface mode on port 'kernel3/hist_410' to 'ap_ovld'.
INFO: [RTGEN 206-500] Setting interface mode on port 'kernel3/hist_411' to 'ap_ovld'.
INFO: [RTGEN 206-500] Setting interface mode on port 'kernel3/hist_412' to 'ap_ovld'.
INFO: [RTGEN 206-500] Setting interface mode on port 'kernel3/hist_413' to 'ap_ovld'.
INFO: [RTGEN 206-500] Setting interface mode on port 'kernel3/hist_414' to 'ap_ovld'.
INFO: [RTGEN 206-500] Setting interface mode on port 'kernel3/hist_415' to 'ap_ovld'.
INFO: [RTGEN 206-500] Setting interface mode on port 'kernel3/hist_416' to 'ap_ovld'.
INFO: [RTGEN 206-500] Setting interface mode on port 'kernel3/hist_417' to 'ap_ovld'.
INFO: [RTGEN 206-500] Setting interface mode on port 'kernel3/hist_418' to 'ap_ovld'.
INFO: [RTGEN 206-500] Setting interface mode on port 'kernel3/hist_419' to 'ap_ovld'.
INFO: [RTGEN 206-500] Setting interface mode on port 'kernel3/hist_420' to 'ap_ovld'.
INFO: [RTGEN 206-500] Setting interface mode on port 'kernel3/hist_421' to 'ap_ovld'.
INFO: [RTGEN 206-500] Setting interface mode on port 'kernel3/hist_422' to 'ap_ovld'.
INFO: [RTGEN 206-500] Setting interface mode on port 'kernel3/hist_423' to 'ap_ovld'.
INFO: [RTGEN 206-500] Setting interface mode on port 'kernel3/hist_424' to 'ap_ovld'.
INFO: [RTGEN 206-500] Setting interface mode on port 'kernel3/hist_425' to 'ap_ovld'.
INFO: [RTGEN 206-500] Setting interface mode on port 'kernel3/hist_426' to 'ap_ovld'.
INFO: [RTGEN 206-500] Setting interface mode on port 'kernel3/hist_427' to 'ap_ovld'.
INFO: [RTGEN 206-500] Setting interface mode on port 'kernel3/hist_428' to 'ap_ovld'.
INFO: [RTGEN 206-500] Setting interface mode on port 'kernel3/hist_429' to 'ap_ovld'.
INFO: [RTGEN 206-500] Setting interface mode on port 'kernel3/hist_430' to 'ap_ovld'.
INFO: [RTGEN 206-500] Setting interface mode on port 'kernel3/hist_431' to 'ap_ovld'.
INFO: [RTGEN 206-500] Setting interface mode on port 'kernel3/hist_432' to 'ap_ovld'.
INFO: [RTGEN 206-500] Setting interface mode on port 'kernel3/hist_433' to 'ap_ovld'.
INFO: [RTGEN 206-500] Setting interface mode on port 'kernel3/hist_434' to 'ap_ovld'.
INFO: [RTGEN 206-500] Setting interface mode on port 'kernel3/hist_435' to 'ap_ovld'.
INFO: [RTGEN 206-500] Setting interface mode on port 'kernel3/hist_436' to 'ap_ovld'.
INFO: [RTGEN 206-500] Setting interface mode on port 'kernel3/hist_437' to 'ap_ovld'.
INFO: [RTGEN 206-500] Setting interface mode on port 'kernel3/hist_438' to 'ap_ovld'.
INFO: [RTGEN 206-500] Setting interface mode on port 'kernel3/hist_439' to 'ap_ovld'.
INFO: [RTGEN 206-500] Setting interface mode on port 'kernel3/hist_440' to 'ap_ovld'.
INFO: [RTGEN 206-500] Setting interface mode on port 'kernel3/hist_441' to 'ap_ovld'.
INFO: [RTGEN 206-500] Setting interface mode on port 'kernel3/hist_442' to 'ap_ovld'.
INFO: [RTGEN 206-500] Setting interface mode on port 'kernel3/hist_443' to 'ap_ovld'.
INFO: [RTGEN 206-500] Setting interface mode on port 'kernel3/hist_444' to 'ap_ovld'.
INFO: [RTGEN 206-500] Setting interface mode on port 'kernel3/hist_445' to 'ap_ovld'.
INFO: [RTGEN 206-500] Setting interface mode on port 'kernel3/hist_446' to 'ap_ovld'.
INFO: [RTGEN 206-500] Setting interface mode on port 'kernel3/hist_447' to 'ap_ovld'.
INFO: [RTGEN 206-500] Setting interface mode on port 'kernel3/hist_448' to 'ap_ovld'.
INFO: [RTGEN 206-500] Setting interface mode on port 'kernel3/hist_449' to 'ap_ovld'.
INFO: [RTGEN 206-500] Setting interface mode on port 'kernel3/hist_450' to 'ap_ovld'.
INFO: [RTGEN 206-500] Setting interface mode on port 'kernel3/hist_451' to 'ap_ovld'.
INFO: [RTGEN 206-500] Setting interface mode on port 'kernel3/hist_452' to 'ap_ovld'.
INFO: [RTGEN 206-500] Setting interface mode on port 'kernel3/hist_453' to 'ap_ovld'.
INFO: [RTGEN 206-500] Setting interface mode on port 'kernel3/hist_454' to 'ap_ovld'.
INFO: [RTGEN 206-500] Setting interface mode on port 'kernel3/hist_455' to 'ap_ovld'.
INFO: [RTGEN 206-500] Setting interface mode on port 'kernel3/hist_456' to 'ap_ovld'.
INFO: [RTGEN 206-500] Setting interface mode on port 'kernel3/hist_457' to 'ap_ovld'.
INFO: [RTGEN 206-500] Setting interface mode on port 'kernel3/hist_458' to 'ap_ovld'.
INFO: [RTGEN 206-500] Setting interface mode on port 'kernel3/hist_459' to 'ap_ovld'.
INFO: [RTGEN 206-500] Setting interface mode on port 'kernel3/hist_460' to 'ap_ovld'.
INFO: [RTGEN 206-500] Setting interface mode on port 'kernel3/hist_461' to 'ap_ovld'.
INFO: [RTGEN 206-500] Setting interface mode on port 'kernel3/hist_462' to 'ap_ovld'.
INFO: [RTGEN 206-500] Setting interface mode on port 'kernel3/hist_463' to 'ap_ovld'.
INFO: [RTGEN 206-500] Setting interface mode on port 'kernel3/hist_464' to 'ap_ovld'.
INFO: [RTGEN 206-500] Setting interface mode on port 'kernel3/hist_465' to 'ap_ovld'.
INFO: [RTGEN 206-500] Setting interface mode on port 'kernel3/hist_466' to 'ap_ovld'.
INFO: [RTGEN 206-500] Setting interface mode on port 'kernel3/hist_467' to 'ap_ovld'.
INFO: [RTGEN 206-500] Setting interface mode on port 'kernel3/hist_468' to 'ap_ovld'.
INFO: [RTGEN 206-500] Setting interface mode on port 'kernel3/hist_469' to 'ap_ovld'.
INFO: [RTGEN 206-500] Setting interface mode on port 'kernel3/hist_470' to 'ap_ovld'.
INFO: [RTGEN 206-500] Setting interface mode on port 'kernel3/hist_471' to 'ap_ovld'.
INFO: [RTGEN 206-500] Setting interface mode on port 'kernel3/hist_472' to 'ap_ovld'.
INFO: [RTGEN 206-500] Setting interface mode on port 'kernel3/hist_473' to 'ap_ovld'.
INFO: [RTGEN 206-500] Setting interface mode on port 'kernel3/hist_474' to 'ap_ovld'.
INFO: [RTGEN 206-500] Setting interface mode on port 'kernel3/hist_475' to 'ap_ovld'.
INFO: [RTGEN 206-500] Setting interface mode on port 'kernel3/hist_476' to 'ap_ovld'.
INFO: [RTGEN 206-500] Setting interface mode on port 'kernel3/hist_477' to 'ap_ovld'.
INFO: [RTGEN 206-500] Setting interface mode on port 'kernel3/hist_478' to 'ap_ovld'.
INFO: [RTGEN 206-500] Setting interface mode on port 'kernel3/hist_479' to 'ap_ovld'.
INFO: [RTGEN 206-500] Setting interface mode on port 'kernel3/hist_480' to 'ap_ovld'.
INFO: [RTGEN 206-500] Setting interface mode on port 'kernel3/hist_481' to 'ap_ovld'.
INFO: [RTGEN 206-500] Setting interface mode on port 'kernel3/hist_482' to 'ap_ovld'.
INFO: [RTGEN 206-500] Setting interface mode on port 'kernel3/hist_483' to 'ap_ovld'.
INFO: [RTGEN 206-500] Setting interface mode on port 'kernel3/hist_484' to 'ap_ovld'.
INFO: [RTGEN 206-500] Setting interface mode on port 'kernel3/hist_485' to 'ap_ovld'.
INFO: [RTGEN 206-500] Setting interface mode on port 'kernel3/hist_486' to 'ap_ovld'.
INFO: [RTGEN 206-500] Setting interface mode on port 'kernel3/hist_487' to 'ap_ovld'.
INFO: [RTGEN 206-500] Setting interface mode on port 'kernel3/hist_488' to 'ap_ovld'.
INFO: [RTGEN 206-500] Setting interface mode on port 'kernel3/hist_489' to 'ap_ovld'.
INFO: [RTGEN 206-500] Setting interface mode on port 'kernel3/hist_490' to 'ap_ovld'.
INFO: [RTGEN 206-500] Setting interface mode on port 'kernel3/hist_491' to 'ap_ovld'.
INFO: [RTGEN 206-500] Setting interface mode on port 'kernel3/hist_492' to 'ap_ovld'.
INFO: [RTGEN 206-500] Setting interface mode on port 'kernel3/hist_493' to 'ap_ovld'.
INFO: [RTGEN 206-500] Setting interface mode on port 'kernel3/hist_494' to 'ap_ovld'.
INFO: [RTGEN 206-500] Setting interface mode on port 'kernel3/hist_495' to 'ap_ovld'.
INFO: [RTGEN 206-500] Setting interface mode on port 'kernel3/hist_496' to 'ap_ovld'.
INFO: [RTGEN 206-500] Setting interface mode on port 'kernel3/hist_497' to 'ap_ovld'.
INFO: [RTGEN 206-500] Setting interface mode on port 'kernel3/hist_498' to 'ap_ovld'.
INFO: [RTGEN 206-500] Setting interface mode on port 'kernel3/hist_499' to 'ap_ovld'.
INFO: [RTGEN 206-500] Setting interface mode on port 'kernel3/hist_500' to 'ap_ovld'.
INFO: [RTGEN 206-500] Setting interface mode on port 'kernel3/hist_501' to 'ap_ovld'.
INFO: [RTGEN 206-500] Setting interface mode on port 'kernel3/hist_502' to 'ap_ovld'.
INFO: [RTGEN 206-500] Setting interface mode on port 'kernel3/hist_503' to 'ap_ovld'.
INFO: [RTGEN 206-500] Setting interface mode on port 'kernel3/hist_504' to 'ap_ovld'.
INFO: [RTGEN 206-500] Setting interface mode on port 'kernel3/hist_505' to 'ap_ovld'.
INFO: [RTGEN 206-500] Setting interface mode on port 'kernel3/hist_506' to 'ap_ovld'.
INFO: [RTGEN 206-500] Setting interface mode on port 'kernel3/hist_507' to 'ap_ovld'.
INFO: [RTGEN 206-500] Setting interface mode on port 'kernel3/hist_508' to 'ap_ovld'.
INFO: [RTGEN 206-500] Setting interface mode on port 'kernel3/hist_509' to 'ap_ovld'.
INFO: [RTGEN 206-500] Setting interface mode on port 'kernel3/hist_510' to 'ap_ovld'.
INFO: [RTGEN 206-500] Setting interface mode on port 'kernel3/hist_511' to 'ap_ovld'.
INFO: [RTGEN 206-500] Setting interface mode on port 'kernel3/hist_512' to 'ap_ovld'.
INFO: [RTGEN 206-500] Setting interface mode on port 'kernel3/hist_513' to 'ap_ovld'.
INFO: [RTGEN 206-500] Setting interface mode on port 'kernel3/hist_514' to 'ap_ovld'.
INFO: [RTGEN 206-500] Setting interface mode on port 'kernel3/hist_515' to 'ap_ovld'.
INFO: [RTGEN 206-500] Setting interface mode on port 'kernel3/hist_516' to 'ap_ovld'.
INFO: [RTGEN 206-500] Setting interface mode on port 'kernel3/hist_517' to 'ap_ovld'.
INFO: [RTGEN 206-500] Setting interface mode on port 'kernel3/hist_518' to 'ap_ovld'.
INFO: [RTGEN 206-500] Setting interface mode on port 'kernel3/hist_519' to 'ap_ovld'.
INFO: [RTGEN 206-500] Setting interface mode on port 'kernel3/hist_520' to 'ap_ovld'.
INFO: [RTGEN 206-500] Setting interface mode on port 'kernel3/hist_521' to 'ap_ovld'.
INFO: [RTGEN 206-500] Setting interface mode on port 'kernel3/hist_522' to 'ap_ovld'.
INFO: [RTGEN 206-500] Setting interface mode on port 'kernel3/hist_523' to 'ap_ovld'.
INFO: [RTGEN 206-500] Setting interface mode on port 'kernel3/hist_524' to 'ap_ovld'.
INFO: [RTGEN 206-500] Setting interface mode on port 'kernel3/hist_525' to 'ap_ovld'.
INFO: [RTGEN 206-500] Setting interface mode on port 'kernel3/hist_526' to 'ap_ovld'.
INFO: [RTGEN 206-500] Setting interface mode on port 'kernel3/hist_527' to 'ap_ovld'.
INFO: [RTGEN 206-500] Setting interface mode on port 'kernel3/hist_528' to 'ap_ovld'.
INFO: [RTGEN 206-500] Setting interface mode on port 'kernel3/hist_529' to 'ap_ovld'.
INFO: [RTGEN 206-500] Setting interface mode on port 'kernel3/hist_530' to 'ap_ovld'.
INFO: [RTGEN 206-500] Setting interface mode on port 'kernel3/hist_531' to 'ap_ovld'.
INFO: [RTGEN 206-500] Setting interface mode on port 'kernel3/hist_532' to 'ap_ovld'.
INFO: [RTGEN 206-500] Setting interface mode on port 'kernel3/hist_533' to 'ap_ovld'.
INFO: [RTGEN 206-500] Setting interface mode on port 'kernel3/hist_534' to 'ap_ovld'.
INFO: [RTGEN 206-500] Setting interface mode on port 'kernel3/hist_535' to 'ap_ovld'.
INFO: [RTGEN 206-500] Setting interface mode on port 'kernel3/hist_536' to 'ap_ovld'.
INFO: [RTGEN 206-500] Setting interface mode on port 'kernel3/hist_537' to 'ap_ovld'.
INFO: [RTGEN 206-500] Setting interface mode on port 'kernel3/hist_538' to 'ap_ovld'.
INFO: [RTGEN 206-500] Setting interface mode on port 'kernel3/hist_539' to 'ap_ovld'.
INFO: [RTGEN 206-500] Setting interface mode on port 'kernel3/hist_540' to 'ap_ovld'.
INFO: [RTGEN 206-500] Setting interface mode on port 'kernel3/hist_541' to 'ap_ovld'.
INFO: [RTGEN 206-500] Setting interface mode on port 'kernel3/hist_542' to 'ap_ovld'.
INFO: [RTGEN 206-500] Setting interface mode on port 'kernel3/hist_543' to 'ap_ovld'.
INFO: [RTGEN 206-500] Setting interface mode on port 'kernel3/hist_544' to 'ap_ovld'.
INFO: [RTGEN 206-500] Setting interface mode on port 'kernel3/hist_545' to 'ap_ovld'.
INFO: [RTGEN 206-500] Setting interface mode on port 'kernel3/hist_546' to 'ap_ovld'.
INFO: [RTGEN 206-500] Setting interface mode on port 'kernel3/hist_547' to 'ap_ovld'.
INFO: [RTGEN 206-500] Setting interface mode on port 'kernel3/hist_548' to 'ap_ovld'.
INFO: [RTGEN 206-500] Setting interface mode on port 'kernel3/hist_549' to 'ap_ovld'.
INFO: [RTGEN 206-500] Setting interface mode on port 'kernel3/hist_550' to 'ap_ovld'.
INFO: [RTGEN 206-500] Setting interface mode on port 'kernel3/hist_551' to 'ap_ovld'.
INFO: [RTGEN 206-500] Setting interface mode on port 'kernel3/hist_552' to 'ap_ovld'.
INFO: [RTGEN 206-500] Setting interface mode on port 'kernel3/hist_553' to 'ap_ovld'.
INFO: [RTGEN 206-500] Setting interface mode on port 'kernel3/hist_554' to 'ap_ovld'.
INFO: [RTGEN 206-500] Setting interface mode on port 'kernel3/hist_555' to 'ap_ovld'.
INFO: [RTGEN 206-500] Setting interface mode on port 'kernel3/hist_556' to 'ap_ovld'.
INFO: [RTGEN 206-500] Setting interface mode on port 'kernel3/hist_557' to 'ap_ovld'.
INFO: [RTGEN 206-500] Setting interface mode on port 'kernel3/hist_558' to 'ap_ovld'.
INFO: [RTGEN 206-500] Setting interface mode on port 'kernel3/hist_559' to 'ap_ovld'.
INFO: [RTGEN 206-500] Setting interface mode on port 'kernel3/hist_560' to 'ap_ovld'.
INFO: [RTGEN 206-500] Setting interface mode on port 'kernel3/hist_561' to 'ap_ovld'.
INFO: [RTGEN 206-500] Setting interface mode on port 'kernel3/hist_562' to 'ap_ovld'.
INFO: [RTGEN 206-500] Setting interface mode on port 'kernel3/hist_563' to 'ap_ovld'.
INFO: [RTGEN 206-500] Setting interface mode on port 'kernel3/hist_564' to 'ap_ovld'.
INFO: [RTGEN 206-500] Setting interface mode on port 'kernel3/hist_565' to 'ap_ovld'.
INFO: [RTGEN 206-500] Setting interface mode on port 'kernel3/hist_566' to 'ap_ovld'.
INFO: [RTGEN 206-500] Setting interface mode on port 'kernel3/hist_567' to 'ap_ovld'.
INFO: [RTGEN 206-500] Setting interface mode on port 'kernel3/hist_568' to 'ap_ovld'.
INFO: [RTGEN 206-500] Setting interface mode on port 'kernel3/hist_569' to 'ap_ovld'.
INFO: [RTGEN 206-500] Setting interface mode on port 'kernel3/hist_570' to 'ap_ovld'.
INFO: [RTGEN 206-500] Setting interface mode on port 'kernel3/hist_571' to 'ap_ovld'.
INFO: [RTGEN 206-500] Setting interface mode on port 'kernel3/hist_572' to 'ap_ovld'.
INFO: [RTGEN 206-500] Setting interface mode on port 'kernel3/hist_573' to 'ap_ovld'.
INFO: [RTGEN 206-500] Setting interface mode on port 'kernel3/hist_574' to 'ap_ovld'.
INFO: [RTGEN 206-500] Setting interface mode on port 'kernel3/hist_575' to 'ap_ovld'.
INFO: [RTGEN 206-500] Setting interface mode on port 'kernel3/hist_576' to 'ap_ovld'.
INFO: [RTGEN 206-500] Setting interface mode on port 'kernel3/hist_577' to 'ap_ovld'.
INFO: [RTGEN 206-500] Setting interface mode on port 'kernel3/hist_578' to 'ap_ovld'.
INFO: [RTGEN 206-500] Setting interface mode on port 'kernel3/hist_579' to 'ap_ovld'.
INFO: [RTGEN 206-500] Setting interface mode on port 'kernel3/hist_580' to 'ap_ovld'.
INFO: [RTGEN 206-500] Setting interface mode on port 'kernel3/hist_581' to 'ap_ovld'.
INFO: [RTGEN 206-500] Setting interface mode on port 'kernel3/hist_582' to 'ap_ovld'.
INFO: [RTGEN 206-500] Setting interface mode on port 'kernel3/hist_583' to 'ap_ovld'.
INFO: [RTGEN 206-500] Setting interface mode on port 'kernel3/hist_584' to 'ap_ovld'.
INFO: [RTGEN 206-500] Setting interface mode on port 'kernel3/hist_585' to 'ap_ovld'.
INFO: [RTGEN 206-500] Setting interface mode on port 'kernel3/hist_586' to 'ap_ovld'.
INFO: [RTGEN 206-500] Setting interface mode on port 'kernel3/hist_587' to 'ap_ovld'.
INFO: [RTGEN 206-500] Setting interface mode on port 'kernel3/hist_588' to 'ap_ovld'.
INFO: [RTGEN 206-500] Setting interface mode on port 'kernel3/hist_589' to 'ap_ovld'.
INFO: [RTGEN 206-500] Setting interface mode on port 'kernel3/hist_590' to 'ap_ovld'.
INFO: [RTGEN 206-500] Setting interface mode on port 'kernel3/hist_591' to 'ap_ovld'.
INFO: [RTGEN 206-500] Setting interface mode on port 'kernel3/hist_592' to 'ap_ovld'.
INFO: [RTGEN 206-500] Setting interface mode on port 'kernel3/hist_593' to 'ap_ovld'.
INFO: [RTGEN 206-500] Setting interface mode on port 'kernel3/hist_594' to 'ap_ovld'.
INFO: [RTGEN 206-500] Setting interface mode on port 'kernel3/hist_595' to 'ap_ovld'.
INFO: [RTGEN 206-500] Setting interface mode on port 'kernel3/hist_596' to 'ap_ovld'.
INFO: [RTGEN 206-500] Setting interface mode on port 'kernel3/hist_597' to 'ap_ovld'.
INFO: [RTGEN 206-500] Setting interface mode on port 'kernel3/hist_598' to 'ap_ovld'.
INFO: [RTGEN 206-500] Setting interface mode on port 'kernel3/hist_599' to 'ap_ovld'.
INFO: [RTGEN 206-500] Setting interface mode on port 'kernel3/hist_600' to 'ap_ovld'.
INFO: [RTGEN 206-500] Setting interface mode on port 'kernel3/hist_601' to 'ap_ovld'.
INFO: [RTGEN 206-500] Setting interface mode on port 'kernel3/hist_602' to 'ap_ovld'.
INFO: [RTGEN 206-500] Setting interface mode on port 'kernel3/hist_603' to 'ap_ovld'.
INFO: [RTGEN 206-500] Setting interface mode on port 'kernel3/hist_604' to 'ap_ovld'.
INFO: [RTGEN 206-500] Setting interface mode on port 'kernel3/hist_605' to 'ap_ovld'.
INFO: [RTGEN 206-500] Setting interface mode on port 'kernel3/hist_606' to 'ap_ovld'.
INFO: [RTGEN 206-500] Setting interface mode on port 'kernel3/hist_607' to 'ap_ovld'.
INFO: [RTGEN 206-500] Setting interface mode on port 'kernel3/hist_608' to 'ap_ovld'.
INFO: [RTGEN 206-500] Setting interface mode on port 'kernel3/hist_609' to 'ap_ovld'.
INFO: [RTGEN 206-500] Setting interface mode on port 'kernel3/hist_610' to 'ap_ovld'.
INFO: [RTGEN 206-500] Setting interface mode on port 'kernel3/hist_611' to 'ap_ovld'.
INFO: [RTGEN 206-500] Setting interface mode on port 'kernel3/hist_612' to 'ap_ovld'.
INFO: [RTGEN 206-500] Setting interface mode on port 'kernel3/hist_613' to 'ap_ovld'.
INFO: [RTGEN 206-500] Setting interface mode on port 'kernel3/hist_614' to 'ap_ovld'.
INFO: [RTGEN 206-500] Setting interface mode on port 'kernel3/hist_615' to 'ap_ovld'.
INFO: [RTGEN 206-500] Setting interface mode on port 'kernel3/hist_616' to 'ap_ovld'.
INFO: [RTGEN 206-500] Setting interface mode on port 'kernel3/hist_617' to 'ap_ovld'.
INFO: [RTGEN 206-500] Setting interface mode on port 'kernel3/hist_618' to 'ap_ovld'.
INFO: [RTGEN 206-500] Setting interface mode on port 'kernel3/hist_619' to 'ap_ovld'.
INFO: [RTGEN 206-500] Setting interface mode on port 'kernel3/hist_620' to 'ap_ovld'.
INFO: [RTGEN 206-500] Setting interface mode on port 'kernel3/hist_621' to 'ap_ovld'.
INFO: [RTGEN 206-500] Setting interface mode on port 'kernel3/hist_622' to 'ap_ovld'.
INFO: [RTGEN 206-500] Setting interface mode on port 'kernel3/hist_623' to 'ap_ovld'.
INFO: [RTGEN 206-500] Setting interface mode on port 'kernel3/hist_624' to 'ap_ovld'.
INFO: [RTGEN 206-500] Setting interface mode on port 'kernel3/hist_625' to 'ap_ovld'.
INFO: [RTGEN 206-500] Setting interface mode on port 'kernel3/hist_626' to 'ap_ovld'.
INFO: [RTGEN 206-500] Setting interface mode on port 'kernel3/hist_627' to 'ap_ovld'.
INFO: [RTGEN 206-500] Setting interface mode on port 'kernel3/hist_628' to 'ap_ovld'.
INFO: [RTGEN 206-500] Setting interface mode on port 'kernel3/hist_629' to 'ap_ovld'.
INFO: [RTGEN 206-500] Setting interface mode on port 'kernel3/hist_630' to 'ap_ovld'.
INFO: [RTGEN 206-500] Setting interface mode on port 'kernel3/hist_631' to 'ap_ovld'.
INFO: [RTGEN 206-500] Setting interface mode on port 'kernel3/hist_632' to 'ap_ovld'.
INFO: [RTGEN 206-500] Setting interface mode on port 'kernel3/hist_633' to 'ap_ovld'.
INFO: [RTGEN 206-500] Setting interface mode on port 'kernel3/hist_634' to 'ap_ovld'.
INFO: [RTGEN 206-500] Setting interface mode on port 'kernel3/hist_635' to 'ap_ovld'.
INFO: [RTGEN 206-500] Setting interface mode on port 'kernel3/hist_636' to 'ap_ovld'.
INFO: [RTGEN 206-500] Setting interface mode on port 'kernel3/hist_637' to 'ap_ovld'.
INFO: [RTGEN 206-500] Setting interface mode on port 'kernel3/hist_638' to 'ap_ovld'.
INFO: [RTGEN 206-500] Setting interface mode on port 'kernel3/hist_639' to 'ap_ovld'.
INFO: [RTGEN 206-500] Setting interface mode on port 'kernel3/hist_640' to 'ap_ovld'.
INFO: [RTGEN 206-500] Setting interface mode on port 'kernel3/hist_641' to 'ap_ovld'.
INFO: [RTGEN 206-500] Setting interface mode on port 'kernel3/hist_642' to 'ap_ovld'.
INFO: [RTGEN 206-500] Setting interface mode on port 'kernel3/hist_643' to 'ap_ovld'.
INFO: [RTGEN 206-500] Setting interface mode on port 'kernel3/hist_644' to 'ap_ovld'.
INFO: [RTGEN 206-500] Setting interface mode on port 'kernel3/hist_645' to 'ap_ovld'.
INFO: [RTGEN 206-500] Setting interface mode on port 'kernel3/hist_646' to 'ap_ovld'.
INFO: [RTGEN 206-500] Setting interface mode on port 'kernel3/hist_647' to 'ap_ovld'.
INFO: [RTGEN 206-500] Setting interface mode on port 'kernel3/hist_648' to 'ap_ovld'.
INFO: [RTGEN 206-500] Setting interface mode on port 'kernel3/hist_649' to 'ap_ovld'.
INFO: [RTGEN 206-500] Setting interface mode on port 'kernel3/hist_650' to 'ap_ovld'.
INFO: [RTGEN 206-500] Setting interface mode on port 'kernel3/hist_651' to 'ap_ovld'.
INFO: [RTGEN 206-500] Setting interface mode on port 'kernel3/hist_652' to 'ap_ovld'.
INFO: [RTGEN 206-500] Setting interface mode on port 'kernel3/hist_653' to 'ap_ovld'.
INFO: [RTGEN 206-500] Setting interface mode on port 'kernel3/hist_654' to 'ap_ovld'.
INFO: [RTGEN 206-500] Setting interface mode on port 'kernel3/hist_655' to 'ap_ovld'.
INFO: [RTGEN 206-500] Setting interface mode on port 'kernel3/hist_656' to 'ap_ovld'.
INFO: [RTGEN 206-500] Setting interface mode on port 'kernel3/hist_657' to 'ap_ovld'.
INFO: [RTGEN 206-500] Setting interface mode on port 'kernel3/hist_658' to 'ap_ovld'.
INFO: [RTGEN 206-500] Setting interface mode on port 'kernel3/hist_659' to 'ap_ovld'.
INFO: [RTGEN 206-500] Setting interface mode on port 'kernel3/hist_660' to 'ap_ovld'.
INFO: [RTGEN 206-500] Setting interface mode on port 'kernel3/hist_661' to 'ap_ovld'.
INFO: [RTGEN 206-500] Setting interface mode on port 'kernel3/hist_662' to 'ap_ovld'.
INFO: [RTGEN 206-500] Setting interface mode on port 'kernel3/hist_663' to 'ap_ovld'.
INFO: [RTGEN 206-500] Setting interface mode on port 'kernel3/hist_664' to 'ap_ovld'.
INFO: [RTGEN 206-500] Setting interface mode on port 'kernel3/hist_665' to 'ap_ovld'.
INFO: [RTGEN 206-500] Setting interface mode on port 'kernel3/hist_666' to 'ap_ovld'.
INFO: [RTGEN 206-500] Setting interface mode on port 'kernel3/hist_667' to 'ap_ovld'.
INFO: [RTGEN 206-500] Setting interface mode on port 'kernel3/hist_668' to 'ap_ovld'.
INFO: [RTGEN 206-500] Setting interface mode on port 'kernel3/hist_669' to 'ap_ovld'.
INFO: [RTGEN 206-500] Setting interface mode on port 'kernel3/hist_670' to 'ap_ovld'.
INFO: [RTGEN 206-500] Setting interface mode on port 'kernel3/hist_671' to 'ap_ovld'.
INFO: [RTGEN 206-500] Setting interface mode on port 'kernel3/hist_672' to 'ap_ovld'.
INFO: [RTGEN 206-500] Setting interface mode on port 'kernel3/hist_673' to 'ap_ovld'.
INFO: [RTGEN 206-500] Setting interface mode on port 'kernel3/hist_674' to 'ap_ovld'.
INFO: [RTGEN 206-500] Setting interface mode on port 'kernel3/hist_675' to 'ap_ovld'.
INFO: [RTGEN 206-500] Setting interface mode on port 'kernel3/hist_676' to 'ap_ovld'.
INFO: [RTGEN 206-500] Setting interface mode on port 'kernel3/hist_677' to 'ap_ovld'.
INFO: [RTGEN 206-500] Setting interface mode on port 'kernel3/hist_678' to 'ap_ovld'.
INFO: [RTGEN 206-500] Setting interface mode on port 'kernel3/hist_679' to 'ap_ovld'.
INFO: [RTGEN 206-500] Setting interface mode on port 'kernel3/hist_680' to 'ap_ovld'.
INFO: [RTGEN 206-500] Setting interface mode on port 'kernel3/hist_681' to 'ap_ovld'.
INFO: [RTGEN 206-500] Setting interface mode on port 'kernel3/hist_682' to 'ap_ovld'.
INFO: [RTGEN 206-500] Setting interface mode on port 'kernel3/hist_683' to 'ap_ovld'.
INFO: [RTGEN 206-500] Setting interface mode on port 'kernel3/hist_684' to 'ap_ovld'.
INFO: [RTGEN 206-500] Setting interface mode on port 'kernel3/hist_685' to 'ap_ovld'.
INFO: [RTGEN 206-500] Setting interface mode on port 'kernel3/hist_686' to 'ap_ovld'.
INFO: [RTGEN 206-500] Setting interface mode on port 'kernel3/hist_687' to 'ap_ovld'.
INFO: [RTGEN 206-500] Setting interface mode on port 'kernel3/hist_688' to 'ap_ovld'.
INFO: [RTGEN 206-500] Setting interface mode on port 'kernel3/hist_689' to 'ap_ovld'.
INFO: [RTGEN 206-500] Setting interface mode on port 'kernel3/hist_690' to 'ap_ovld'.
INFO: [RTGEN 206-500] Setting interface mode on port 'kernel3/hist_691' to 'ap_ovld'.
INFO: [RTGEN 206-500] Setting interface mode on port 'kernel3/hist_692' to 'ap_ovld'.
INFO: [RTGEN 206-500] Setting interface mode on port 'kernel3/hist_693' to 'ap_ovld'.
INFO: [RTGEN 206-500] Setting interface mode on port 'kernel3/hist_694' to 'ap_ovld'.
INFO: [RTGEN 206-500] Setting interface mode on port 'kernel3/hist_695' to 'ap_ovld'.
INFO: [RTGEN 206-500] Setting interface mode on port 'kernel3/hist_696' to 'ap_ovld'.
INFO: [RTGEN 206-500] Setting interface mode on port 'kernel3/hist_697' to 'ap_ovld'.
INFO: [RTGEN 206-500] Setting interface mode on port 'kernel3/hist_698' to 'ap_ovld'.
INFO: [RTGEN 206-500] Setting interface mode on port 'kernel3/hist_699' to 'ap_ovld'.
INFO: [RTGEN 206-500] Setting interface mode on port 'kernel3/hist_700' to 'ap_ovld'.
INFO: [RTGEN 206-500] Setting interface mode on port 'kernel3/hist_701' to 'ap_ovld'.
INFO: [RTGEN 206-500] Setting interface mode on port 'kernel3/hist_702' to 'ap_ovld'.
INFO: [RTGEN 206-500] Setting interface mode on port 'kernel3/hist_703' to 'ap_ovld'.
INFO: [RTGEN 206-500] Setting interface mode on port 'kernel3/hist_704' to 'ap_ovld'.
INFO: [RTGEN 206-500] Setting interface mode on port 'kernel3/hist_705' to 'ap_ovld'.
INFO: [RTGEN 206-500] Setting interface mode on port 'kernel3/hist_706' to 'ap_ovld'.
INFO: [RTGEN 206-500] Setting interface mode on port 'kernel3/hist_707' to 'ap_ovld'.
INFO: [RTGEN 206-500] Setting interface mode on port 'kernel3/hist_708' to 'ap_ovld'.
INFO: [RTGEN 206-500] Setting interface mode on port 'kernel3/hist_709' to 'ap_ovld'.
INFO: [RTGEN 206-500] Setting interface mode on port 'kernel3/hist_710' to 'ap_ovld'.
INFO: [RTGEN 206-500] Setting interface mode on port 'kernel3/hist_711' to 'ap_ovld'.
INFO: [RTGEN 206-500] Setting interface mode on port 'kernel3/hist_712' to 'ap_ovld'.
INFO: [RTGEN 206-500] Setting interface mode on port 'kernel3/hist_713' to 'ap_ovld'.
INFO: [RTGEN 206-500] Setting interface mode on port 'kernel3/hist_714' to 'ap_ovld'.
INFO: [RTGEN 206-500] Setting interface mode on port 'kernel3/hist_715' to 'ap_ovld'.
INFO: [RTGEN 206-500] Setting interface mode on port 'kernel3/hist_716' to 'ap_ovld'.
INFO: [RTGEN 206-500] Setting interface mode on port 'kernel3/hist_717' to 'ap_ovld'.
INFO: [RTGEN 206-500] Setting interface mode on port 'kernel3/hist_718' to 'ap_ovld'.
INFO: [RTGEN 206-500] Setting interface mode on port 'kernel3/hist_719' to 'ap_ovld'.
INFO: [RTGEN 206-500] Setting interface mode on port 'kernel3/hist_720' to 'ap_ovld'.
INFO: [RTGEN 206-500] Setting interface mode on port 'kernel3/hist_721' to 'ap_ovld'.
INFO: [RTGEN 206-500] Setting interface mode on port 'kernel3/hist_722' to 'ap_ovld'.
INFO: [RTGEN 206-500] Setting interface mode on port 'kernel3/hist_723' to 'ap_ovld'.
INFO: [RTGEN 206-500] Setting interface mode on port 'kernel3/hist_724' to 'ap_ovld'.
INFO: [RTGEN 206-500] Setting interface mode on port 'kernel3/hist_725' to 'ap_ovld'.
INFO: [RTGEN 206-500] Setting interface mode on port 'kernel3/hist_726' to 'ap_ovld'.
INFO: [RTGEN 206-500] Setting interface mode on port 'kernel3/hist_727' to 'ap_ovld'.
INFO: [RTGEN 206-500] Setting interface mode on port 'kernel3/hist_728' to 'ap_ovld'.
INFO: [RTGEN 206-500] Setting interface mode on port 'kernel3/hist_729' to 'ap_ovld'.
INFO: [RTGEN 206-500] Setting interface mode on port 'kernel3/hist_730' to 'ap_ovld'.
INFO: [RTGEN 206-500] Setting interface mode on port 'kernel3/hist_731' to 'ap_ovld'.
INFO: [RTGEN 206-500] Setting interface mode on port 'kernel3/hist_732' to 'ap_ovld'.
INFO: [RTGEN 206-500] Setting interface mode on port 'kernel3/hist_733' to 'ap_ovld'.
INFO: [RTGEN 206-500] Setting interface mode on port 'kernel3/hist_734' to 'ap_ovld'.
INFO: [RTGEN 206-500] Setting interface mode on port 'kernel3/hist_735' to 'ap_ovld'.
INFO: [RTGEN 206-500] Setting interface mode on port 'kernel3/hist_736' to 'ap_ovld'.
INFO: [RTGEN 206-500] Setting interface mode on port 'kernel3/hist_737' to 'ap_ovld'.
INFO: [RTGEN 206-500] Setting interface mode on port 'kernel3/hist_738' to 'ap_ovld'.
INFO: [RTGEN 206-500] Setting interface mode on port 'kernel3/hist_739' to 'ap_ovld'.
INFO: [RTGEN 206-500] Setting interface mode on port 'kernel3/hist_740' to 'ap_ovld'.
INFO: [RTGEN 206-500] Setting interface mode on port 'kernel3/hist_741' to 'ap_ovld'.
INFO: [RTGEN 206-500] Setting interface mode on port 'kernel3/hist_742' to 'ap_ovld'.
INFO: [RTGEN 206-500] Setting interface mode on port 'kernel3/hist_743' to 'ap_ovld'.
INFO: [RTGEN 206-500] Setting interface mode on port 'kernel3/hist_744' to 'ap_ovld'.
INFO: [RTGEN 206-500] Setting interface mode on port 'kernel3/hist_745' to 'ap_ovld'.
INFO: [RTGEN 206-500] Setting interface mode on port 'kernel3/hist_746' to 'ap_ovld'.
INFO: [RTGEN 206-500] Setting interface mode on port 'kernel3/hist_747' to 'ap_ovld'.
INFO: [RTGEN 206-500] Setting interface mode on port 'kernel3/hist_748' to 'ap_ovld'.
INFO: [RTGEN 206-500] Setting interface mode on port 'kernel3/hist_749' to 'ap_ovld'.
INFO: [RTGEN 206-500] Setting interface mode on port 'kernel3/hist_750' to 'ap_ovld'.
INFO: [RTGEN 206-500] Setting interface mode on port 'kernel3/hist_751' to 'ap_ovld'.
INFO: [RTGEN 206-500] Setting interface mode on port 'kernel3/hist_752' to 'ap_ovld'.
INFO: [RTGEN 206-500] Setting interface mode on port 'kernel3/hist_753' to 'ap_ovld'.
INFO: [RTGEN 206-500] Setting interface mode on port 'kernel3/hist_754' to 'ap_ovld'.
INFO: [RTGEN 206-500] Setting interface mode on port 'kernel3/hist_755' to 'ap_ovld'.
INFO: [RTGEN 206-500] Setting interface mode on port 'kernel3/hist_756' to 'ap_ovld'.
INFO: [RTGEN 206-500] Setting interface mode on port 'kernel3/hist_757' to 'ap_ovld'.
INFO: [RTGEN 206-500] Setting interface mode on port 'kernel3/hist_758' to 'ap_ovld'.
INFO: [RTGEN 206-500] Setting interface mode on port 'kernel3/hist_759' to 'ap_ovld'.
INFO: [RTGEN 206-500] Setting interface mode on port 'kernel3/hist_760' to 'ap_ovld'.
INFO: [RTGEN 206-500] Setting interface mode on port 'kernel3/hist_761' to 'ap_ovld'.
INFO: [RTGEN 206-500] Setting interface mode on port 'kernel3/hist_762' to 'ap_ovld'.
INFO: [RTGEN 206-500] Setting interface mode on port 'kernel3/hist_763' to 'ap_ovld'.
INFO: [RTGEN 206-500] Setting interface mode on port 'kernel3/hist_764' to 'ap_ovld'.
INFO: [RTGEN 206-500] Setting interface mode on port 'kernel3/hist_765' to 'ap_ovld'.
INFO: [RTGEN 206-500] Setting interface mode on port 'kernel3/hist_766' to 'ap_ovld'.
INFO: [RTGEN 206-500] Setting interface mode on port 'kernel3/hist_767' to 'ap_ovld'.
INFO: [RTGEN 206-500] Setting interface mode on port 'kernel3/hist_768' to 'ap_ovld'.
INFO: [RTGEN 206-500] Setting interface mode on port 'kernel3/hist_769' to 'ap_ovld'.
INFO: [RTGEN 206-500] Setting interface mode on port 'kernel3/hist_770' to 'ap_ovld'.
INFO: [RTGEN 206-500] Setting interface mode on port 'kernel3/hist_771' to 'ap_ovld'.
INFO: [RTGEN 206-500] Setting interface mode on port 'kernel3/hist_772' to 'ap_ovld'.
INFO: [RTGEN 206-500] Setting interface mode on port 'kernel3/hist_773' to 'ap_ovld'.
INFO: [RTGEN 206-500] Setting interface mode on port 'kernel3/hist_774' to 'ap_ovld'.
INFO: [RTGEN 206-500] Setting interface mode on port 'kernel3/hist_775' to 'ap_ovld'.
INFO: [RTGEN 206-500] Setting interface mode on port 'kernel3/hist_776' to 'ap_ovld'.
INFO: [RTGEN 206-500] Setting interface mode on port 'kernel3/hist_777' to 'ap_ovld'.
INFO: [RTGEN 206-500] Setting interface mode on port 'kernel3/hist_778' to 'ap_ovld'.
INFO: [RTGEN 206-500] Setting interface mode on port 'kernel3/hist_779' to 'ap_ovld'.
INFO: [RTGEN 206-500] Setting interface mode on port 'kernel3/hist_780' to 'ap_ovld'.
INFO: [RTGEN 206-500] Setting interface mode on port 'kernel3/hist_781' to 'ap_ovld'.
INFO: [RTGEN 206-500] Setting interface mode on port 'kernel3/hist_782' to 'ap_ovld'.
INFO: [RTGEN 206-500] Setting interface mode on port 'kernel3/hist_783' to 'ap_ovld'.
INFO: [RTGEN 206-500] Setting interface mode on port 'kernel3/hist_784' to 'ap_ovld'.
INFO: [RTGEN 206-500] Setting interface mode on port 'kernel3/hist_785' to 'ap_ovld'.
INFO: [RTGEN 206-500] Setting interface mode on port 'kernel3/hist_786' to 'ap_ovld'.
INFO: [RTGEN 206-500] Setting interface mode on port 'kernel3/hist_787' to 'ap_ovld'.
INFO: [RTGEN 206-500] Setting interface mode on port 'kernel3/hist_788' to 'ap_ovld'.
INFO: [RTGEN 206-500] Setting interface mode on port 'kernel3/hist_789' to 'ap_ovld'.
INFO: [RTGEN 206-500] Setting interface mode on port 'kernel3/hist_790' to 'ap_ovld'.
INFO: [RTGEN 206-500] Setting interface mode on port 'kernel3/hist_791' to 'ap_ovld'.
INFO: [RTGEN 206-500] Setting interface mode on port 'kernel3/hist_792' to 'ap_ovld'.
INFO: [RTGEN 206-500] Setting interface mode on port 'kernel3/hist_793' to 'ap_ovld'.
INFO: [RTGEN 206-500] Setting interface mode on port 'kernel3/hist_794' to 'ap_ovld'.
INFO: [RTGEN 206-500] Setting interface mode on port 'kernel3/hist_795' to 'ap_ovld'.
INFO: [RTGEN 206-500] Setting interface mode on port 'kernel3/hist_796' to 'ap_ovld'.
INFO: [RTGEN 206-500] Setting interface mode on port 'kernel3/hist_797' to 'ap_ovld'.
INFO: [RTGEN 206-500] Setting interface mode on port 'kernel3/hist_798' to 'ap_ovld'.
INFO: [RTGEN 206-500] Setting interface mode on port 'kernel3/hist_799' to 'ap_ovld'.
INFO: [RTGEN 206-500] Setting interface mode on port 'kernel3/hist_800' to 'ap_ovld'.
INFO: [RTGEN 206-500] Setting interface mode on port 'kernel3/hist_801' to 'ap_ovld'.
INFO: [RTGEN 206-500] Setting interface mode on port 'kernel3/hist_802' to 'ap_ovld'.
INFO: [RTGEN 206-500] Setting interface mode on port 'kernel3/hist_803' to 'ap_ovld'.
INFO: [RTGEN 206-500] Setting interface mode on port 'kernel3/hist_804' to 'ap_ovld'.
INFO: [RTGEN 206-500] Setting interface mode on port 'kernel3/hist_805' to 'ap_ovld'.
INFO: [RTGEN 206-500] Setting interface mode on port 'kernel3/hist_806' to 'ap_ovld'.
INFO: [RTGEN 206-500] Setting interface mode on port 'kernel3/hist_807' to 'ap_ovld'.
INFO: [RTGEN 206-500] Setting interface mode on port 'kernel3/hist_808' to 'ap_ovld'.
INFO: [RTGEN 206-500] Setting interface mode on port 'kernel3/hist_809' to 'ap_ovld'.
INFO: [RTGEN 206-500] Setting interface mode on port 'kernel3/hist_810' to 'ap_ovld'.
INFO: [RTGEN 206-500] Setting interface mode on port 'kernel3/hist_811' to 'ap_ovld'.
INFO: [RTGEN 206-500] Setting interface mode on port 'kernel3/hist_812' to 'ap_ovld'.
INFO: [RTGEN 206-500] Setting interface mode on port 'kernel3/hist_813' to 'ap_ovld'.
INFO: [RTGEN 206-500] Setting interface mode on port 'kernel3/hist_814' to 'ap_ovld'.
INFO: [RTGEN 206-500] Setting interface mode on port 'kernel3/hist_815' to 'ap_ovld'.
INFO: [RTGEN 206-500] Setting interface mode on port 'kernel3/hist_816' to 'ap_ovld'.
INFO: [RTGEN 206-500] Setting interface mode on port 'kernel3/hist_817' to 'ap_ovld'.
INFO: [RTGEN 206-500] Setting interface mode on port 'kernel3/hist_818' to 'ap_ovld'.
INFO: [RTGEN 206-500] Setting interface mode on port 'kernel3/hist_819' to 'ap_ovld'.
INFO: [RTGEN 206-500] Setting interface mode on port 'kernel3/hist_820' to 'ap_ovld'.
INFO: [RTGEN 206-500] Setting interface mode on port 'kernel3/hist_821' to 'ap_ovld'.
INFO: [RTGEN 206-500] Setting interface mode on port 'kernel3/hist_822' to 'ap_ovld'.
INFO: [RTGEN 206-500] Setting interface mode on port 'kernel3/hist_823' to 'ap_ovld'.
INFO: [RTGEN 206-500] Setting interface mode on port 'kernel3/hist_824' to 'ap_ovld'.
INFO: [RTGEN 206-500] Setting interface mode on port 'kernel3/hist_825' to 'ap_ovld'.
INFO: [RTGEN 206-500] Setting interface mode on port 'kernel3/hist_826' to 'ap_ovld'.
INFO: [RTGEN 206-500] Setting interface mode on port 'kernel3/hist_827' to 'ap_ovld'.
INFO: [RTGEN 206-500] Setting interface mode on port 'kernel3/hist_828' to 'ap_ovld'.
INFO: [RTGEN 206-500] Setting interface mode on port 'kernel3/hist_829' to 'ap_ovld'.
INFO: [RTGEN 206-500] Setting interface mode on port 'kernel3/hist_830' to 'ap_ovld'.
INFO: [RTGEN 206-500] Setting interface mode on port 'kernel3/hist_831' to 'ap_ovld'.
INFO: [RTGEN 206-500] Setting interface mode on port 'kernel3/hist_832' to 'ap_ovld'.
INFO: [RTGEN 206-500] Setting interface mode on port 'kernel3/hist_833' to 'ap_ovld'.
INFO: [RTGEN 206-500] Setting interface mode on port 'kernel3/hist_834' to 'ap_ovld'.
INFO: [RTGEN 206-500] Setting interface mode on port 'kernel3/hist_835' to 'ap_ovld'.
INFO: [RTGEN 206-500] Setting interface mode on port 'kernel3/hist_836' to 'ap_ovld'.
INFO: [RTGEN 206-500] Setting interface mode on port 'kernel3/hist_837' to 'ap_ovld'.
INFO: [RTGEN 206-500] Setting interface mode on port 'kernel3/hist_838' to 'ap_ovld'.
INFO: [RTGEN 206-500] Setting interface mode on port 'kernel3/hist_839' to 'ap_ovld'.
INFO: [RTGEN 206-500] Setting interface mode on port 'kernel3/hist_840' to 'ap_ovld'.
INFO: [RTGEN 206-500] Setting interface mode on port 'kernel3/hist_841' to 'ap_ovld'.
INFO: [RTGEN 206-500] Setting interface mode on port 'kernel3/hist_842' to 'ap_ovld'.
INFO: [RTGEN 206-500] Setting interface mode on port 'kernel3/hist_843' to 'ap_ovld'.
INFO: [RTGEN 206-500] Setting interface mode on port 'kernel3/hist_844' to 'ap_ovld'.
INFO: [RTGEN 206-500] Setting interface mode on port 'kernel3/hist_845' to 'ap_ovld'.
INFO: [RTGEN 206-500] Setting interface mode on port 'kernel3/hist_846' to 'ap_ovld'.
INFO: [RTGEN 206-500] Setting interface mode on port 'kernel3/hist_847' to 'ap_ovld'.
INFO: [RTGEN 206-500] Setting interface mode on port 'kernel3/hist_848' to 'ap_ovld'.
INFO: [RTGEN 206-500] Setting interface mode on port 'kernel3/hist_849' to 'ap_ovld'.
INFO: [RTGEN 206-500] Setting interface mode on port 'kernel3/hist_850' to 'ap_ovld'.
INFO: [RTGEN 206-500] Setting interface mode on port 'kernel3/hist_851' to 'ap_ovld'.
INFO: [RTGEN 206-500] Setting interface mode on port 'kernel3/hist_852' to 'ap_ovld'.
INFO: [RTGEN 206-500] Setting interface mode on port 'kernel3/hist_853' to 'ap_ovld'.
INFO: [RTGEN 206-500] Setting interface mode on port 'kernel3/hist_854' to 'ap_ovld'.
INFO: [RTGEN 206-500] Setting interface mode on port 'kernel3/hist_855' to 'ap_ovld'.
INFO: [RTGEN 206-500] Setting interface mode on port 'kernel3/hist_856' to 'ap_ovld'.
INFO: [RTGEN 206-500] Setting interface mode on port 'kernel3/hist_857' to 'ap_ovld'.
INFO: [RTGEN 206-500] Setting interface mode on port 'kernel3/hist_858' to 'ap_ovld'.
INFO: [RTGEN 206-500] Setting interface mode on port 'kernel3/hist_859' to 'ap_ovld'.
INFO: [RTGEN 206-500] Setting interface mode on port 'kernel3/hist_860' to 'ap_ovld'.
INFO: [RTGEN 206-500] Setting interface mode on port 'kernel3/hist_861' to 'ap_ovld'.
INFO: [RTGEN 206-500] Setting interface mode on port 'kernel3/hist_862' to 'ap_ovld'.
INFO: [RTGEN 206-500] Setting interface mode on port 'kernel3/hist_863' to 'ap_ovld'.
INFO: [RTGEN 206-500] Setting interface mode on port 'kernel3/hist_864' to 'ap_ovld'.
INFO: [RTGEN 206-500] Setting interface mode on port 'kernel3/hist_865' to 'ap_ovld'.
INFO: [RTGEN 206-500] Setting interface mode on port 'kernel3/hist_866' to 'ap_ovld'.
INFO: [RTGEN 206-500] Setting interface mode on port 'kernel3/hist_867' to 'ap_ovld'.
INFO: [RTGEN 206-500] Setting interface mode on port 'kernel3/hist_868' to 'ap_ovld'.
INFO: [RTGEN 206-500] Setting interface mode on port 'kernel3/hist_869' to 'ap_ovld'.
INFO: [RTGEN 206-500] Setting interface mode on port 'kernel3/hist_870' to 'ap_ovld'.
INFO: [RTGEN 206-500] Setting interface mode on port 'kernel3/hist_871' to 'ap_ovld'.
INFO: [RTGEN 206-500] Setting interface mode on port 'kernel3/hist_872' to 'ap_ovld'.
INFO: [RTGEN 206-500] Setting interface mode on port 'kernel3/hist_873' to 'ap_ovld'.
INFO: [RTGEN 206-500] Setting interface mode on port 'kernel3/hist_874' to 'ap_ovld'.
INFO: [RTGEN 206-500] Setting interface mode on port 'kernel3/hist_875' to 'ap_ovld'.
INFO: [RTGEN 206-500] Setting interface mode on port 'kernel3/hist_876' to 'ap_ovld'.
INFO: [RTGEN 206-500] Setting interface mode on port 'kernel3/hist_877' to 'ap_ovld'.
INFO: [RTGEN 206-500] Setting interface mode on port 'kernel3/hist_878' to 'ap_ovld'.
INFO: [RTGEN 206-500] Setting interface mode on port 'kernel3/hist_879' to 'ap_ovld'.
INFO: [RTGEN 206-500] Setting interface mode on port 'kernel3/hist_880' to 'ap_ovld'.
INFO: [RTGEN 206-500] Setting interface mode on port 'kernel3/hist_881' to 'ap_ovld'.
INFO: [RTGEN 206-500] Setting interface mode on port 'kernel3/hist_882' to 'ap_ovld'.
INFO: [RTGEN 206-500] Setting interface mode on port 'kernel3/hist_883' to 'ap_ovld'.
INFO: [RTGEN 206-500] Setting interface mode on port 'kernel3/hist_884' to 'ap_ovld'.
INFO: [RTGEN 206-500] Setting interface mode on port 'kernel3/hist_885' to 'ap_ovld'.
INFO: [RTGEN 206-500] Setting interface mode on port 'kernel3/hist_886' to 'ap_ovld'.
INFO: [RTGEN 206-500] Setting interface mode on port 'kernel3/hist_887' to 'ap_ovld'.
INFO: [RTGEN 206-500] Setting interface mode on port 'kernel3/hist_888' to 'ap_ovld'.
INFO: [RTGEN 206-500] Setting interface mode on port 'kernel3/hist_889' to 'ap_ovld'.
INFO: [RTGEN 206-500] Setting interface mode on port 'kernel3/hist_890' to 'ap_ovld'.
INFO: [RTGEN 206-500] Setting interface mode on port 'kernel3/hist_891' to 'ap_ovld'.
INFO: [RTGEN 206-500] Setting interface mode on port 'kernel3/hist_892' to 'ap_ovld'.
INFO: [RTGEN 206-500] Setting interface mode on port 'kernel3/hist_893' to 'ap_ovld'.
INFO: [RTGEN 206-500] Setting interface mode on port 'kernel3/hist_894' to 'ap_ovld'.
INFO: [RTGEN 206-500] Setting interface mode on port 'kernel3/hist_895' to 'ap_ovld'.
INFO: [RTGEN 206-500] Setting interface mode on port 'kernel3/hist_896' to 'ap_ovld'.
INFO: [RTGEN 206-500] Setting interface mode on port 'kernel3/hist_897' to 'ap_ovld'.
INFO: [RTGEN 206-500] Setting interface mode on port 'kernel3/hist_898' to 'ap_ovld'.
INFO: [RTGEN 206-500] Setting interface mode on port 'kernel3/hist_899' to 'ap_ovld'.
INFO: [RTGEN 206-500] Setting interface mode on port 'kernel3/hist_900' to 'ap_ovld'.
INFO: [RTGEN 206-500] Setting interface mode on port 'kernel3/hist_901' to 'ap_ovld'.
INFO: [RTGEN 206-500] Setting interface mode on port 'kernel3/hist_902' to 'ap_ovld'.
INFO: [RTGEN 206-500] Setting interface mode on port 'kernel3/hist_903' to 'ap_ovld'.
INFO: [RTGEN 206-500] Setting interface mode on port 'kernel3/hist_904' to 'ap_ovld'.
INFO: [RTGEN 206-500] Setting interface mode on port 'kernel3/hist_905' to 'ap_ovld'.
INFO: [RTGEN 206-500] Setting interface mode on port 'kernel3/hist_906' to 'ap_ovld'.
INFO: [RTGEN 206-500] Setting interface mode on port 'kernel3/hist_907' to 'ap_ovld'.
INFO: [RTGEN 206-500] Setting interface mode on port 'kernel3/hist_908' to 'ap_ovld'.
INFO: [RTGEN 206-500] Setting interface mode on port 'kernel3/hist_909' to 'ap_ovld'.
INFO: [RTGEN 206-500] Setting interface mode on port 'kernel3/hist_910' to 'ap_ovld'.
INFO: [RTGEN 206-500] Setting interface mode on port 'kernel3/hist_911' to 'ap_ovld'.
INFO: [RTGEN 206-500] Setting interface mode on port 'kernel3/hist_912' to 'ap_ovld'.
INFO: [RTGEN 206-500] Setting interface mode on port 'kernel3/hist_913' to 'ap_ovld'.
INFO: [RTGEN 206-500] Setting interface mode on port 'kernel3/hist_914' to 'ap_ovld'.
INFO: [RTGEN 206-500] Setting interface mode on port 'kernel3/hist_915' to 'ap_ovld'.
INFO: [RTGEN 206-500] Setting interface mode on port 'kernel3/hist_916' to 'ap_ovld'.
INFO: [RTGEN 206-500] Setting interface mode on port 'kernel3/hist_917' to 'ap_ovld'.
INFO: [RTGEN 206-500] Setting interface mode on port 'kernel3/hist_918' to 'ap_ovld'.
INFO: [RTGEN 206-500] Setting interface mode on port 'kernel3/hist_919' to 'ap_ovld'.
INFO: [RTGEN 206-500] Setting interface mode on port 'kernel3/hist_920' to 'ap_ovld'.
INFO: [RTGEN 206-500] Setting interface mode on port 'kernel3/hist_921' to 'ap_ovld'.
INFO: [RTGEN 206-500] Setting interface mode on port 'kernel3/hist_922' to 'ap_ovld'.
INFO: [RTGEN 206-500] Setting interface mode on port 'kernel3/hist_923' to 'ap_ovld'.
INFO: [RTGEN 206-500] Setting interface mode on port 'kernel3/hist_924' to 'ap_ovld'.
INFO: [RTGEN 206-500] Setting interface mode on port 'kernel3/hist_925' to 'ap_ovld'.
INFO: [RTGEN 206-500] Setting interface mode on port 'kernel3/hist_926' to 'ap_ovld'.
INFO: [RTGEN 206-500] Setting interface mode on port 'kernel3/hist_927' to 'ap_ovld'.
INFO: [RTGEN 206-500] Setting interface mode on port 'kernel3/hist_928' to 'ap_ovld'.
INFO: [RTGEN 206-500] Setting interface mode on port 'kernel3/hist_929' to 'ap_ovld'.
INFO: [RTGEN 206-500] Setting interface mode on port 'kernel3/hist_930' to 'ap_ovld'.
INFO: [RTGEN 206-500] Setting interface mode on port 'kernel3/hist_931' to 'ap_ovld'.
INFO: [RTGEN 206-500] Setting interface mode on port 'kernel3/hist_932' to 'ap_ovld'.
INFO: [RTGEN 206-500] Setting interface mode on port 'kernel3/hist_933' to 'ap_ovld'.
INFO: [RTGEN 206-500] Setting interface mode on port 'kernel3/hist_934' to 'ap_ovld'.
INFO: [RTGEN 206-500] Setting interface mode on port 'kernel3/hist_935' to 'ap_ovld'.
INFO: [RTGEN 206-500] Setting interface mode on port 'kernel3/hist_936' to 'ap_ovld'.
INFO: [RTGEN 206-500] Setting interface mode on port 'kernel3/hist_937' to 'ap_ovld'.
INFO: [RTGEN 206-500] Setting interface mode on port 'kernel3/hist_938' to 'ap_ovld'.
INFO: [RTGEN 206-500] Setting interface mode on port 'kernel3/hist_939' to 'ap_ovld'.
INFO: [RTGEN 206-500] Setting interface mode on port 'kernel3/hist_940' to 'ap_ovld'.
INFO: [RTGEN 206-500] Setting interface mode on port 'kernel3/hist_941' to 'ap_ovld'.
INFO: [RTGEN 206-500] Setting interface mode on port 'kernel3/hist_942' to 'ap_ovld'.
INFO: [RTGEN 206-500] Setting interface mode on port 'kernel3/hist_943' to 'ap_ovld'.
INFO: [RTGEN 206-500] Setting interface mode on port 'kernel3/hist_944' to 'ap_ovld'.
INFO: [RTGEN 206-500] Setting interface mode on port 'kernel3/hist_945' to 'ap_ovld'.
INFO: [RTGEN 206-500] Setting interface mode on port 'kernel3/hist_946' to 'ap_ovld'.
INFO: [RTGEN 206-500] Setting interface mode on port 'kernel3/hist_947' to 'ap_ovld'.
INFO: [RTGEN 206-500] Setting interface mode on port 'kernel3/hist_948' to 'ap_ovld'.
INFO: [RTGEN 206-500] Setting interface mode on port 'kernel3/hist_949' to 'ap_ovld'.
INFO: [RTGEN 206-500] Setting interface mode on port 'kernel3/hist_950' to 'ap_ovld'.
INFO: [RTGEN 206-500] Setting interface mode on port 'kernel3/hist_951' to 'ap_ovld'.
INFO: [RTGEN 206-500] Setting interface mode on port 'kernel3/hist_952' to 'ap_ovld'.
INFO: [RTGEN 206-500] Setting interface mode on port 'kernel3/hist_953' to 'ap_ovld'.
INFO: [RTGEN 206-500] Setting interface mode on port 'kernel3/hist_954' to 'ap_ovld'.
INFO: [RTGEN 206-500] Setting interface mode on port 'kernel3/hist_955' to 'ap_ovld'.
INFO: [RTGEN 206-500] Setting interface mode on port 'kernel3/hist_956' to 'ap_ovld'.
INFO: [RTGEN 206-500] Setting interface mode on port 'kernel3/hist_957' to 'ap_ovld'.
INFO: [RTGEN 206-500] Setting interface mode on port 'kernel3/hist_958' to 'ap_ovld'.
INFO: [RTGEN 206-500] Setting interface mode on port 'kernel3/hist_959' to 'ap_ovld'.
INFO: [RTGEN 206-500] Setting interface mode on port 'kernel3/hist_960' to 'ap_ovld'.
INFO: [RTGEN 206-500] Setting interface mode on port 'kernel3/hist_961' to 'ap_ovld'.
INFO: [RTGEN 206-500] Setting interface mode on port 'kernel3/hist_962' to 'ap_ovld'.
INFO: [RTGEN 206-500] Setting interface mode on port 'kernel3/hist_963' to 'ap_ovld'.
INFO: [RTGEN 206-500] Setting interface mode on port 'kernel3/hist_964' to 'ap_ovld'.
INFO: [RTGEN 206-500] Setting interface mode on port 'kernel3/hist_965' to 'ap_ovld'.
INFO: [RTGEN 206-500] Setting interface mode on port 'kernel3/hist_966' to 'ap_ovld'.
INFO: [RTGEN 206-500] Setting interface mode on port 'kernel3/hist_967' to 'ap_ovld'.
INFO: [RTGEN 206-500] Setting interface mode on port 'kernel3/hist_968' to 'ap_ovld'.
INFO: [RTGEN 206-500] Setting interface mode on port 'kernel3/hist_969' to 'ap_ovld'.
INFO: [RTGEN 206-500] Setting interface mode on port 'kernel3/hist_970' to 'ap_ovld'.
INFO: [RTGEN 206-500] Setting interface mode on port 'kernel3/hist_971' to 'ap_ovld'.
INFO: [RTGEN 206-500] Setting interface mode on port 'kernel3/hist_972' to 'ap_ovld'.
INFO: [RTGEN 206-500] Setting interface mode on port 'kernel3/hist_973' to 'ap_ovld'.
INFO: [RTGEN 206-500] Setting interface mode on port 'kernel3/hist_974' to 'ap_ovld'.
INFO: [RTGEN 206-500] Setting interface mode on port 'kernel3/hist_975' to 'ap_ovld'.
INFO: [RTGEN 206-500] Setting interface mode on port 'kernel3/hist_976' to 'ap_ovld'.
INFO: [RTGEN 206-500] Setting interface mode on port 'kernel3/hist_977' to 'ap_ovld'.
INFO: [RTGEN 206-500] Setting interface mode on port 'kernel3/hist_978' to 'ap_ovld'.
INFO: [RTGEN 206-500] Setting interface mode on port 'kernel3/hist_979' to 'ap_ovld'.
INFO: [RTGEN 206-500] Setting interface mode on port 'kernel3/hist_980' to 'ap_ovld'.
INFO: [RTGEN 206-500] Setting interface mode on port 'kernel3/hist_981' to 'ap_ovld'.
INFO: [RTGEN 206-500] Setting interface mode on port 'kernel3/hist_982' to 'ap_ovld'.
INFO: [RTGEN 206-500] Setting interface mode on port 'kernel3/hist_983' to 'ap_ovld'.
INFO: [RTGEN 206-500] Setting interface mode on port 'kernel3/hist_984' to 'ap_ovld'.
INFO: [RTGEN 206-500] Setting interface mode on port 'kernel3/hist_985' to 'ap_ovld'.
INFO: [RTGEN 206-500] Setting interface mode on port 'kernel3/hist_986' to 'ap_ovld'.
INFO: [RTGEN 206-500] Setting interface mode on port 'kernel3/hist_987' to 'ap_ovld'.
INFO: [RTGEN 206-500] Setting interface mode on port 'kernel3/hist_988' to 'ap_ovld'.
INFO: [RTGEN 206-500] Setting interface mode on port 'kernel3/hist_989' to 'ap_ovld'.
INFO: [RTGEN 206-500] Setting interface mode on port 'kernel3/hist_990' to 'ap_ovld'.
INFO: [RTGEN 206-500] Setting interface mode on port 'kernel3/hist_991' to 'ap_ovld'.
INFO: [RTGEN 206-500] Setting interface mode on port 'kernel3/hist_992' to 'ap_ovld'.
INFO: [RTGEN 206-500] Setting interface mode on port 'kernel3/hist_993' to 'ap_ovld'.
INFO: [RTGEN 206-500] Setting interface mode on port 'kernel3/hist_994' to 'ap_ovld'.
INFO: [RTGEN 206-500] Setting interface mode on port 'kernel3/hist_995' to 'ap_ovld'.
INFO: [RTGEN 206-500] Setting interface mode on port 'kernel3/hist_996' to 'ap_ovld'.
INFO: [RTGEN 206-500] Setting interface mode on port 'kernel3/hist_997' to 'ap_ovld'.
INFO: [RTGEN 206-500] Setting interface mode on port 'kernel3/hist_998' to 'ap_ovld'.
INFO: [RTGEN 206-500] Setting interface mode on port 'kernel3/hist_999' to 'ap_ovld'.
INFO: [RTGEN 206-500] Setting interface mode on port 'kernel3/hist_1000' to 'ap_ovld'.
INFO: [RTGEN 206-500] Setting interface mode on port 'kernel3/hist_1001' to 'ap_ovld'.
INFO: [RTGEN 206-500] Setting interface mode on port 'kernel3/hist_1002' to 'ap_ovld'.
INFO: [RTGEN 206-500] Setting interface mode on port 'kernel3/hist_1003' to 'ap_ovld'.
INFO: [RTGEN 206-500] Setting interface mode on port 'kernel3/hist_1004' to 'ap_ovld'.
INFO: [RTGEN 206-500] Setting interface mode on port 'kernel3/hist_1005' to 'ap_ovld'.
INFO: [RTGEN 206-500] Setting interface mode on port 'kernel3/hist_1006' to 'ap_ovld'.
INFO: [RTGEN 206-500] Setting interface mode on port 'kernel3/hist_1007' to 'ap_ovld'.
INFO: [RTGEN 206-500] Setting interface mode on port 'kernel3/hist_1008' to 'ap_ovld'.
INFO: [RTGEN 206-500] Setting interface mode on port 'kernel3/hist_1009' to 'ap_ovld'.
INFO: [RTGEN 206-500] Setting interface mode on port 'kernel3/hist_1010' to 'ap_ovld'.
INFO: [RTGEN 206-500] Setting interface mode on port 'kernel3/hist_1011' to 'ap_ovld'.
INFO: [RTGEN 206-500] Setting interface mode on port 'kernel3/hist_1012' to 'ap_ovld'.
INFO: [RTGEN 206-500] Setting interface mode on port 'kernel3/hist_1013' to 'ap_ovld'.
INFO: [RTGEN 206-500] Setting interface mode on port 'kernel3/hist_1014' to 'ap_ovld'.
INFO: [RTGEN 206-500] Setting interface mode on port 'kernel3/hist_1015' to 'ap_ovld'.
INFO: [RTGEN 206-500] Setting interface mode on port 'kernel3/hist_1016' to 'ap_ovld'.
INFO: [RTGEN 206-500] Setting interface mode on port 'kernel3/hist_1017' to 'ap_ovld'.
INFO: [RTGEN 206-500] Setting interface mode on port 'kernel3/hist_1018' to 'ap_ovld'.
INFO: [RTGEN 206-500] Setting interface mode on port 'kernel3/hist_1019' to 'ap_ovld'.
INFO: [RTGEN 206-500] Setting interface mode on port 'kernel3/hist_1020' to 'ap_ovld'.
INFO: [RTGEN 206-500] Setting interface mode on port 'kernel3/hist_1021' to 'ap_ovld'.
INFO: [RTGEN 206-500] Setting interface mode on port 'kernel3/hist_1022' to 'ap_ovld'.
INFO: [RTGEN 206-500] Setting interface mode on port 'kernel3/hist_1023' to 'ap_ovld'.
INFO: [RTGEN 206-500] Setting interface mode on port 'kernel3/weight' to 'ap_memory'.
INFO: [RTGEN 206-500] Setting interface mode on port 'kernel3/index' to 'ap_memory'.
INFO: [RTGEN 206-500] Setting interface mode on function 'kernel3' to 'ap_ctrl_hs'.
INFO: [SYN 201-210] Renamed object name 'kernel3_fadd_32ns_32ns_32_4_full_dsp_1' to 'kernel3_fadd_32nsbkb' due to the length limit 20
INFO: [SYN 201-210] Renamed object name 'kernel3_mux_102410_32_1_1' to 'kernel3_mux_10241cud' due to the length limit 20
INFO: [RTGEN 206-100] Generating core module 'kernel3_fadd_32nsbkb': 1 instance(s).
INFO: [RTGEN 206-100] Generating core module 'kernel3_mux_10241cud': 1 instance(s).
INFO: [RTGEN 206-100] Finished creating RTL model for 'kernel3'.
INFO: [HLS 200-111]  Elapsed time: 27.32 seconds; current allocated memory: 1007.062 MB.
INFO: [HLS 200-790] **** Loop Constraint Status: All loop constraints were NOT satisfied.
INFO: [HLS 200-789] **** Estimated Fmax: 129.58 MHz
INFO: [HLS 200-111] Finished generating all RTL models Time (s): cpu = 00:09:26 ; elapsed = 00:09:30 . Memory (MB): peak = 1984.430 ; gain = 1571.039 ; free physical = 564 ; free virtual = 3478
INFO: [VHDL 208-304] Generating VHDL RTL for kernel3.
INFO: [VLOG 209-307] Generating Verilog RTL for kernel3.
INFO: [HLS 200-112] Total elapsed time: 570.28 seconds; peak allocated memory: 1007.062 MB.
