

================================================================
== Vivado HLS Report for 'kernel4'
================================================================
* Date:           Sun May 16 12:30:08 2021

* Version:        2019.2 (Build 2704478 on Wed Nov 06 22:10:23 MST 2019)
* Project:        prj_kernel4
* Solution:       solution3
* Product family: kintex7
* Target device:  xc7k160t-fbg484-1


================================================================
== Performance Estimates
================================================================
+ Timing: 
    * Summary: 
    +--------+----------+----------+------------+
    |  Clock |  Target  | Estimated| Uncertainty|
    +--------+----------+----------+------------+
    |ap_clk  | 10.00 ns | 6.580 ns |   1.25 ns  |
    +--------+----------+----------+------------+

+ Latency: 
    * Summary: 
    +---------+---------+----------+----------+-----+-----+---------+
    |  Latency (cycles) |  Latency (absolute) |  Interval | Pipeline|
    |   min   |   max   |    min   |    max   | min | max |   Type  |
    +---------+---------+----------+----------+-----+-----+---------+
    |        ?|        ?|         ?|         ?|    ?|    ?|   none  |
    +---------+---------+----------+----------+-----+-----+---------+

    + Detail: 
        * Instance: 
        N/A

        * Loop: 
        +----------------+---------+---------+----------+-----------+-----------+------+----------+
        |                |  Latency (cycles) | Iteration|  Initiation Interval  | Trip |          |
        |    Loop Name   |   min   |   max   |  Latency |  achieved |   target  | Count| Pipelined|
        +----------------+---------+---------+----------+-----------+-----------+------+----------+
        |- kernel4_loop  |        ?|        ?|         4|          1|          1|     ?|    yes   |
        +----------------+---------+---------+----------+-----------+-----------+------+----------+



================================================================
== Utilization Estimates
================================================================
* Summary: 
+-----------------+---------+-------+--------+--------+-----+
|       Name      | BRAM_18K| DSP48E|   FF   |   LUT  | URAM|
+-----------------+---------+-------+--------+--------+-----+
|DSP              |        -|      -|       -|       -|    -|
|Expression       |        -|      6|       0|     271|    -|
|FIFO             |        -|      -|       -|       -|    -|
|Instance         |        -|      -|       -|       -|    -|
|Memory           |        -|      -|       -|       -|    -|
|Multiplexer      |        -|      -|       -|     120|    -|
|Register         |        0|      -|     372|      32|    -|
+-----------------+---------+-------+--------+--------+-----+
|Total            |        0|      6|     372|     423|    0|
+-----------------+---------+-------+--------+--------+-----+
|Available        |      650|    600|  202800|  101400|    0|
+-----------------+---------+-------+--------+--------+-----+
|Utilization (%)  |        0|      1|   ~0   |   ~0   |    0|
+-----------------+---------+-------+--------+--------+-----+

+ Detail: 
    * Instance: 
    N/A

    * DSP48E: 
    N/A

    * Memory: 
    N/A

    * FIFO: 
    N/A

    * Expression: 
    +-------------------------+----------+-------+---+----+------------+------------+
    |      Variable Name      | Operation| DSP48E| FF| LUT| Bitwidth P0| Bitwidth P1|
    +-------------------------+----------+-------+---+----+------------+------------+
    |mul_ln12_1_fu_177_p2     |     *    |      3|  0|  21|          32|          32|
    |mul_ln12_fu_172_p2       |     *    |      3|  0|  21|          32|          32|
    |add_ln11_fu_156_p2       |     +    |      0|  0|  39|          32|           2|
    |add_ln12_fu_181_p2       |     +    |      0|  0|  32|          32|          32|
    |add_ln9_fu_133_p2        |     +    |      0|  0|  39|          32|           1|
    |i_fu_150_p2              |     +    |      0|  0|  39|          32|           1|
    |res_1_fu_186_p2          |     -    |      0|  0|  32|          32|          32|
    |icmp_ln10_fu_144_p2      |   icmp   |      0|  0|  18|          32|          10|
    |icmp_ln5_fu_122_p2       |   icmp   |      0|  0|  18|          32|          10|
    |ap_enable_pp0            |    xor   |      0|  0|   6|           1|           2|
    |ap_enable_reg_pp0_iter1  |    xor   |      0|  0|   6|           2|           1|
    +-------------------------+----------+-------+---+----+------------+------------+
    |Total                    |          |      6|  0| 271|         291|         155|
    +-------------------------+----------+-------+---+----+------------+------------+

    * Multiplexer: 
    +---------------------------------+----+-----------+-----+-----------+
    |               Name              | LUT| Input Size| Bits| Total Bits|
    +---------------------------------+----+-----------+-----+-----------+
    |ap_NS_fsm                        |  27|          5|    1|          5|
    |ap_enable_reg_pp0_iter1          |   9|          2|    1|          2|
    |ap_enable_reg_pp0_iter3          |   9|          2|    1|          2|
    |ap_phi_mux_arr1_0_phi_fu_106_p4  |   9|          2|   32|         64|
    |ap_phi_mux_i_0_in_phi_fu_116_p4  |   9|          2|   32|         64|
    |arr1_0_reg_103                   |   9|          2|   32|         64|
    |array_r_address0                 |  15|          3|   10|         30|
    |array_r_address1                 |  15|          3|   10|         30|
    |i_0_in_reg_113                   |   9|          2|   32|         64|
    |res_0_reg_92                     |   9|          2|   32|         64|
    +---------------------------------+----+-----------+-----+-----------+
    |Total                            | 120|         25|  183|        389|
    +---------------------------------+----+-----------+-----+-----------+

    * Register: 
    +----------------------------+----+----+-----+-----------+
    |            Name            | FF | LUT| Bits| Const Bits|
    +----------------------------+----+----+-----+-----------+
    |ap_CS_fsm                   |   4|   0|    4|          0|
    |ap_enable_reg_pp0_iter0     |   1|   0|    1|          0|
    |ap_enable_reg_pp0_iter1     |   1|   0|    1|          0|
    |ap_enable_reg_pp0_iter2     |   1|   0|    1|          0|
    |ap_enable_reg_pp0_iter3     |   1|   0|    1|          0|
    |arr1_0_reg_103              |  32|   0|   32|          0|
    |arr2_reg_240                |  32|   0|   32|          0|
    |arr2_reg_240_pp0_iter2_reg  |  32|   0|   32|          0|
    |array_addr_reg_200          |  10|   0|   10|          0|
    |i_0_in_reg_113              |  32|   0|   32|          0|
    |i_reg_225                   |  32|   0|   32|          0|
    |icmp_ln10_reg_221           |   1|   0|    1|          0|
    |icmp_ln5_reg_196            |   1|   0|    1|          0|
    |index_load_reg_246          |  32|   0|   32|          0|
    |mul_ln12_1_reg_257          |  32|   0|   32|          0|
    |mul_ln12_reg_252            |  32|   0|   32|          0|
    |res_0_reg_92                |  32|   0|   32|          0|
    |icmp_ln10_reg_221           |  64|  32|    1|          0|
    +----------------------------+----+----+-----+-----------+
    |Total                       | 372|  32|  309|          0|
    +----------------------------+----+----+-----+-----------+



================================================================
== Interface
================================================================
* Summary: 
+------------------+-----+-----+------------+--------------+--------------+
|     RTL Ports    | Dir | Bits|  Protocol  | Source Object|    C Type    |
+------------------+-----+-----+------------+--------------+--------------+
|ap_clk            |  in |    1| ap_ctrl_hs |    kernel4   | return value |
|ap_rst            |  in |    1| ap_ctrl_hs |    kernel4   | return value |
|ap_start          |  in |    1| ap_ctrl_hs |    kernel4   | return value |
|ap_done           | out |    1| ap_ctrl_hs |    kernel4   | return value |
|ap_idle           | out |    1| ap_ctrl_hs |    kernel4   | return value |
|ap_ready          | out |    1| ap_ctrl_hs |    kernel4   | return value |
|array_r_address0  | out |   10|  ap_memory |    array_r   |     array    |
|array_r_ce0       | out |    1|  ap_memory |    array_r   |     array    |
|array_r_q0        |  in |   32|  ap_memory |    array_r   |     array    |
|array_r_address1  | out |   10|  ap_memory |    array_r   |     array    |
|array_r_ce1       | out |    1|  ap_memory |    array_r   |     array    |
|array_r_we1       | out |    1|  ap_memory |    array_r   |     array    |
|array_r_d1        | out |   32|  ap_memory |    array_r   |     array    |
|array_r_q1        |  in |   32|  ap_memory |    array_r   |     array    |
|index_address0    | out |   10|  ap_memory |     index    |     array    |
|index_ce0         | out |    1|  ap_memory |     index    |     array    |
|index_q0          |  in |   32|  ap_memory |     index    |     array    |
|offset            |  in |   32|   ap_none  |    offset    |    scalar    |
+------------------+-----+-----+------------+--------------+--------------+

