

================================================================
== Vivado HLS Report for 'dct_1d2'
================================================================
* Date:           Mon May 10 09:43:41 2021

* Version:        2019.2 (Build 2704478 on Wed Nov 06 22:10:23 MST 2019)
* Project:        dct_prj
* Solution:       solution3
* Product family: kintex7
* Target device:  xc7k160t-fbg484-1


================================================================
== Performance Estimates
================================================================
+ Timing: 
    * Summary: 
    +--------+---------+----------+------------+
    |  Clock |  Target | Estimated| Uncertainty|
    +--------+---------+----------+------------+
    |ap_clk  | 8.00 ns | 8.740 ns |   1.00 ns  |
    +--------+---------+----------+------------+

+ Latency: 
    * Summary: 
    +---------+---------+----------+----------+-----+-----+---------+
    |  Latency (cycles) |  Latency (absolute) |  Interval | Pipeline|
    |   min   |   max   |    min   |    max   | min | max |   Type  |
    +---------+---------+----------+----------+-----+-----+---------+
    |       36|       36| 0.315 us | 0.315 us |   36|   36|   none  |
    +---------+---------+----------+----------+-----+-----+---------+

    + Detail: 
        * Instance: 
        N/A

        * Loop: 
        +------------------+---------+---------+----------+-----------+-----------+------+----------+
        |                  |  Latency (cycles) | Iteration|  Initiation Interval  | Trip |          |
        |     Loop Name    |   min   |   max   |  Latency |  achieved |   target  | Count| Pipelined|
        +------------------+---------+---------+----------+-----------+-----------+------+----------+
        |- DCT_Outer_Loop  |       34|       34|         7|          4|          1|     8|    yes   |
        +------------------+---------+---------+----------+-----------+-----------+------+----------+



================================================================
== Utilization Estimates
================================================================
* Summary: 
+-----------------+---------+-------+--------+--------+-----+
|       Name      | BRAM_18K| DSP48E|   FF   |   LUT  | URAM|
+-----------------+---------+-------+--------+--------+-----+
|DSP              |        -|      8|       -|       -|    -|
|Expression       |        -|      -|       0|     188|    -|
|FIFO             |        -|      -|       -|       -|    -|
|Instance         |        -|      -|       -|       -|    -|
|Memory           |        0|      -|     119|      16|    -|
|Multiplexer      |        -|      -|       -|     119|    -|
|Register         |        -|      -|     416|       -|    -|
+-----------------+---------+-------+--------+--------+-----+
|Total            |        0|      8|     535|     323|    0|
+-----------------+---------+-------+--------+--------+-----+
|Available        |      650|    600|  202800|  101400|    0|
+-----------------+---------+-------+--------+--------+-----+
|Utilization (%)  |        0|      1|   ~0   |   ~0   |    0|
+-----------------+---------+-------+--------+--------+-----+

+ Detail: 
    * Instance: 
    N/A

    * DSP48E: 
    +-------------------------+----------------------+--------------+
    |         Instance        |        Module        |  Expression  |
    +-------------------------+----------------------+--------------+
    |dct_mac_muladd_16kbM_U3  |dct_mac_muladd_16kbM  | i0 + i1 * i2 |
    |dct_mac_muladd_16lbW_U5  |dct_mac_muladd_16lbW  | i0 + i1 * i2 |
    |dct_mac_muladd_16lbW_U6  |dct_mac_muladd_16lbW  | i0 + i1 * i2 |
    |dct_mac_muladd_16lbW_U7  |dct_mac_muladd_16lbW  | i0 * i1 + i2 |
    |dct_mac_muladd_16mb6_U8  |dct_mac_muladd_16mb6  | i0 * i1 + i2 |
    |dct_mul_mul_16s_1jbC_U1  |dct_mul_mul_16s_1jbC  |    i0 * i1   |
    |dct_mul_mul_16s_1jbC_U2  |dct_mul_mul_16s_1jbC  |    i0 * i1   |
    |dct_mul_mul_16s_1jbC_U4  |dct_mul_mul_16s_1jbC  |    i0 * i1   |
    +-------------------------+----------------------+--------------+

    * Memory: 
    +---------------------+----------------------+---------+----+----+-----+------+-----+------+-------------+
    |        Memory       |        Module        | BRAM_18K| FF | LUT| URAM| Words| Bits| Banks| W*Bits*Banks|
    +---------------------+----------------------+---------+----+----+-----+------+-----+------+-------------+
    |dct_coeff_table_0_U  |dct_1d2_dct_coeffbkb  |        0|  14|   2|    0|     8|   14|     1|          112|
    |dct_coeff_table_1_U  |dct_1d2_dct_coeffcud  |        0|  15|   2|    0|     8|   15|     1|          120|
    |dct_coeff_table_2_U  |dct_1d2_dct_coeffdEe  |        0|  15|   2|    0|     8|   15|     1|          120|
    |dct_coeff_table_3_U  |dct_1d2_dct_coeffeOg  |        0|  15|   2|    0|     8|   15|     1|          120|
    |dct_coeff_table_4_U  |dct_1d2_dct_coefffYi  |        0|  15|   2|    0|     8|   15|     1|          120|
    |dct_coeff_table_5_U  |dct_1d2_dct_coeffg8j  |        0|  15|   2|    0|     8|   15|     1|          120|
    |dct_coeff_table_6_U  |dct_1d2_dct_coeffhbi  |        0|  15|   2|    0|     8|   15|     1|          120|
    |dct_coeff_table_7_U  |dct_1d2_dct_coeffibs  |        0|  15|   2|    0|     8|   15|     1|          120|
    +---------------------+----------------------+---------+----+----+-----+------+-----+------+-------------+
    |Total                |                      |        0| 119|  16|    0|    64|  119|     8|          952|
    +---------------------+----------------------+---------+----+----+-----+------+-----+------+-------------+

    * FIFO: 
    N/A

    * Expression: 
    +----------------------+----------+-------+---+----+------------+------------+
    |     Variable Name    | Operation| DSP48E| FF| LUT| Bitwidth P0| Bitwidth P1|
    +----------------------+----------+-------+---+----+------------+------------+
    |add_ln63_3_fu_504_p2  |     +    |      0|  0|  36|          29|          29|
    |add_ln63_7_fu_526_p2  |     +    |      0|  0|  29|          29|          29|
    |add_ln63_8_fu_457_p2  |     +    |      0|  0|  15|           8|           8|
    |add_ln63_fu_530_p2    |     +    |      0|  0|  29|          29|          29|
    |k_fu_435_p2           |     +    |      0|  0|  13|           4|           1|
    |icmp_ln55_fu_429_p2   |   icmp   |      0|  0|  11|           4|           5|
    |or_ln61_1_fu_339_p2   |    or    |      0|  0|   7|           7|           2|
    |or_ln61_2_fu_354_p2   |    or    |      0|  0|   7|           7|           2|
    |or_ln61_3_fu_369_p2   |    or    |      0|  0|   7|           7|           3|
    |or_ln61_4_fu_384_p2   |    or    |      0|  0|   7|           7|           3|
    |or_ln61_5_fu_399_p2   |    or    |      0|  0|   7|           7|           3|
    |or_ln61_6_fu_414_p2   |    or    |      0|  0|   7|           7|           3|
    |or_ln61_fu_324_p2     |    or    |      0|  0|   7|           7|           1|
    |ap_enable_pp0         |    xor   |      0|  0|   6|           1|           2|
    +----------------------+----------+-------+---+----+------------+------------+
    |Total                 |          |      0|  0| 188|         153|         120|
    +----------------------+----------+-------+---+----+------------+------------+

    * Multiplexer: 
    +------------------------------+----+-----------+-----+-----------+
    |             Name             | LUT| Input Size| Bits| Total Bits|
    +------------------------------+----+-----------+-----+-----------+
    |ap_NS_fsm                     |  38|          7|    1|          7|
    |ap_enable_reg_pp0_iter1       |   9|          2|    1|          2|
    |ap_phi_mux_k_0_phi_fu_284_p4  |   9|          2|    4|          8|
    |k_0_reg_280                   |   9|          2|    4|          8|
    |src_address0                  |  27|          5|    6|         30|
    |src_address1                  |  27|          5|    6|         30|
    +------------------------------+----+-----------+-----+-----------+
    |Total                         | 119|         23|   22|         85|
    +------------------------------+----+-----------+-----+-----------+

    * Register: 
    +----------------------------------+----+----+-----+-----------+
    |               Name               | FF | LUT| Bits| Const Bits|
    +----------------------------------+----+----+-----+-----------+
    |add_ln63_1_reg_756                |  29|   0|   29|          0|
    |add_ln63_3_reg_761                |  29|   0|   29|          0|
    |add_ln63_4_reg_766                |  29|   0|   29|          0|
    |add_ln63_6_reg_771                |  29|   0|   29|          0|
    |add_ln63_8_reg_656                |   8|   0|    8|          0|
    |add_ln63_8_reg_656_pp0_iter1_reg  |   8|   0|    8|          0|
    |ap_CS_fsm                         |   6|   0|    6|          0|
    |ap_enable_reg_pp0_iter0           |   1|   0|    1|          0|
    |ap_enable_reg_pp0_iter1           |   1|   0|    1|          0|
    |dct_coeff_table_0_lo_reg_701      |  14|   0|   14|          0|
    |dct_coeff_table_1_lo_reg_706      |  15|   0|   15|          0|
    |dct_coeff_table_2_lo_reg_711      |  15|   0|   15|          0|
    |dct_coeff_table_3_lo_reg_716      |  15|   0|   15|          0|
    |dct_coeff_table_4_lo_reg_721      |  15|   0|   15|          0|
    |dct_coeff_table_5_lo_reg_726      |  15|   0|   15|          0|
    |dct_coeff_table_6_lo_reg_731      |  15|   0|   15|          0|
    |dct_coeff_table_7_lo_reg_736      |  15|   0|   15|          0|
    |icmp_ln55_reg_647                 |   1|   0|    1|          0|
    |icmp_ln55_reg_647_pp0_iter1_reg   |   1|   0|    1|          0|
    |k_0_reg_280                       |   4|   0|    4|          0|
    |k_reg_651                         |   4|   0|    4|          0|
    |mul_ln61_1_reg_741                |  29|   0|   29|          0|
    |mul_ln61_3_reg_746                |  29|   0|   29|          0|
    |mul_ln61_5_reg_751                |  29|   0|   29|          0|
    |reg_291                           |  16|   0|   16|          0|
    |reg_295                           |  16|   0|   16|          0|
    |src_addr_1_reg_612                |   3|   0|    6|          3|
    |src_addr_2_reg_617                |   3|   0|    6|          3|
    |src_addr_3_reg_622                |   3|   0|    6|          3|
    |src_addr_4_reg_627                |   3|   0|    6|          3|
    |src_addr_5_reg_632                |   3|   0|    6|          3|
    |src_addr_6_reg_637                |   3|   0|    6|          3|
    |src_addr_7_reg_642                |   3|   0|    6|          3|
    |src_addr_reg_607                  |   3|   0|    6|          3|
    |zext_ln61_2_reg_602               |   4|   0|    8|          4|
    +----------------------------------+----+----+-----+-----------+
    |Total                             | 416|   0|  444|         28|
    +----------------------------------+----+----+-----+-----------+



================================================================
== Interface
================================================================
* Summary: 
+--------------+-----+-----+------------+--------------+--------------+
|   RTL Ports  | Dir | Bits|  Protocol  | Source Object|    C Type    |
+--------------+-----+-----+------------+--------------+--------------+
|ap_clk        |  in |    1| ap_ctrl_hs |    dct_1d2   | return value |
|ap_rst        |  in |    1| ap_ctrl_hs |    dct_1d2   | return value |
|ap_start      |  in |    1| ap_ctrl_hs |    dct_1d2   | return value |
|ap_done       | out |    1| ap_ctrl_hs |    dct_1d2   | return value |
|ap_idle       | out |    1| ap_ctrl_hs |    dct_1d2   | return value |
|ap_ready      | out |    1| ap_ctrl_hs |    dct_1d2   | return value |
|src_address0  | out |    6|  ap_memory |      src     |     array    |
|src_ce0       | out |    1|  ap_memory |      src     |     array    |
|src_q0        |  in |   16|  ap_memory |      src     |     array    |
|src_address1  | out |    6|  ap_memory |      src     |     array    |
|src_ce1       | out |    1|  ap_memory |      src     |     array    |
|src_q1        |  in |   16|  ap_memory |      src     |     array    |
|src_offset    |  in |    4|   ap_none  |  src_offset  |    scalar    |
|dst_address0  | out |    6|  ap_memory |      dst     |     array    |
|dst_ce0       | out |    1|  ap_memory |      dst     |     array    |
|dst_we0       | out |    1|  ap_memory |      dst     |     array    |
|dst_d0        | out |   16|  ap_memory |      dst     |     array    |
|dst_offset    |  in |    4|   ap_none  |  dst_offset  |    scalar    |
+--------------+-----+-----+------------+--------------+--------------+

