

================================================================
== Vivado HLS Report for 'kernel7'
================================================================
* Date:           Sun May 16 16:15:29 2021

* Version:        2019.2 (Build 2704478 on Wed Nov 06 22:10:23 MST 2019)
* Project:        prj_kernel7
* Solution:       solution3
* Product family: kintex7
* Target device:  xc7k160t-fbg484-1


================================================================
== Performance Estimates
================================================================
+ Timing: 
    * Summary: 
    +--------+----------+----------+------------+
    |  Clock |  Target  | Estimated| Uncertainty|
    +--------+----------+----------+------------+
    |ap_clk  | 10.00 ns | 8.348 ns |   1.25 ns  |
    +--------+----------+----------+------------+

+ Latency: 
    * Summary: 
    +---------+---------+-----------+-----------+------+------+---------+
    |  Latency (cycles) |   Latency (absolute)  |   Interval  | Pipeline|
    |   min   |   max   |    min    |    max    |  min |  max |   Type  |
    +---------+---------+-----------+-----------+------+------+---------+
    |     4104|     4104| 41.040 us | 41.040 us |  4104|  4104|   none  |
    +---------+---------+-----------+-----------+------+------+---------+

    + Detail: 
        * Instance: 
        N/A

        * Loop: 
        +----------------+---------+---------+----------+-----------+-----------+------+----------+
        |                |  Latency (cycles) | Iteration|  Initiation Interval  | Trip |          |
        |    Loop Name   |   min   |   max   |  Latency |  achieved |   target  | Count| Pipelined|
        +----------------+---------+---------+----------+-----------+-----------+------+----------+
        |- kernel7_loop  |     4102|     4102|        11|          4|          1|  1024|    yes   |
        +----------------+---------+---------+----------+-----------+-----------+------+----------+



================================================================
== Utilization Estimates
================================================================
* Summary: 
+-----------------+---------+-------+--------+--------+-----+
|       Name      | BRAM_18K| DSP48E|   FF   |   LUT  | URAM|
+-----------------+---------+-------+--------+--------+-----+
|DSP              |        -|      -|       -|       -|    -|
|Expression       |        -|      -|       0|     151|    -|
|FIFO             |        -|      -|       -|       -|    -|
|Instance         |        -|      2|     293|     280|    -|
|Memory           |        -|      -|       -|       -|    -|
|Multiplexer      |        -|      -|       -|     119|    -|
|Register         |        0|      -|     230|      32|    -|
+-----------------+---------+-------+--------+--------+-----+
|Total            |        0|      2|     523|     582|    0|
+-----------------+---------+-------+--------+--------+-----+
|Available        |      650|    600|  202800|  101400|    0|
+-----------------+---------+-------+--------+--------+-----+
|Utilization (%)  |        0|   ~0  |   ~0   |   ~0   |    0|
+-----------------+---------+-------+--------+--------+-----+

+ Detail: 
    * Instance: 
    +-------------------------+----------------------+---------+-------+-----+-----+-----+
    |         Instance        |        Module        | BRAM_18K| DSP48E|  FF | LUT | URAM|
    +-------------------------+----------------------+---------+-------+-----+-----+-----+
    |kernel7_faddfsub_bkb_U1  |kernel7_faddfsub_bkb  |        0|      2|  227|  214|    0|
    |kernel7_fcmp_32nscud_U2  |kernel7_fcmp_32nscud  |        0|      0|   66|   66|    0|
    +-------------------------+----------------------+---------+-------+-----+-----+-----+
    |Total                    |                      |        0|      2|  293|  280|    0|
    +-------------------------+----------------------+---------+-------+-----+-----+-----+

    * DSP48E: 
    N/A

    * Memory: 
    N/A

    * FIFO: 
    N/A

    * Expression: 
    +----------------------+----------+-------+---+----+------------+------------+
    |     Variable Name    | Operation| DSP48E| FF| LUT| Bitwidth P0| Bitwidth P1|
    +----------------------+----------+-------+---+----+------------+------------+
    |i_fu_116_p2           |     +    |      0|  0|  18|          11|           1|
    |and_ln8_1_fu_200_p2   |    and   |      0|  0|   6|           1|           1|
    |and_ln8_fu_194_p2     |    and   |      0|  0|   6|           1|           1|
    |icmp_ln6_fu_110_p2    |   icmp   |      0|  0|  13|          11|          12|
    |icmp_ln8_1_fu_168_p2  |   icmp   |      0|  0|  18|          23|           1|
    |icmp_ln8_2_fu_174_p2  |   icmp   |      0|  0|  11|           8|           2|
    |icmp_ln8_3_fu_180_p2  |   icmp   |      0|  0|  18|          23|           1|
    |icmp_ln8_fu_162_p2    |   icmp   |      0|  0|  11|           8|           2|
    |or_ln8_1_fu_190_p2    |    or    |      0|  0|   6|           1|           1|
    |or_ln8_fu_186_p2      |    or    |      0|  0|   6|           1|           1|
    |sum_1_fu_205_p3       |  select  |      0|  0|  32|           1|          32|
    |ap_enable_pp0         |    xor   |      0|  0|   6|           1|           2|
    +----------------------+----------+-------+---+----+------------+------------+
    |Total                 |          |      0|  0| 151|          90|          57|
    +----------------------+----------+-------+---+----+------------+------------+

    * Multiplexer: 
    +-----------------------------+----+-----------+-----+-----------+
    |             Name            | LUT| Input Size| Bits| Total Bits|
    +-----------------------------+----+-----------+-----+-----------+
    |ap_NS_fsm                    |  38|          7|    1|          7|
    |ap_enable_reg_pp0_iter2      |   9|          2|    1|          2|
    |ap_phi_mux_i_0_phi_fu_94_p4  |   9|          2|   11|         22|
    |grp_fu_101_opcode            |  15|          3|    2|          6|
    |grp_fu_101_p0                |  15|          3|   32|         96|
    |grp_fu_101_p1                |  15|          3|   32|         96|
    |i_0_reg_90                   |   9|          2|   11|         22|
    |sum_0_reg_78                 |   9|          2|   32|         64|
    +-----------------------------+----+-----------+-----+-----------+
    |Total                        | 119|         24|  122|        315|
    +-----------------------------+----+-----------+-----+-----------+

    * Register: 
    +-------------------------+----+----+-----+-----------+
    |           Name          | FF | LUT| Bits| Const Bits|
    +-------------------------+----+----+-----+-----------+
    |a_load_reg_231           |  32|   0|   32|          0|
    |and_ln8_1_reg_275        |   1|   0|    1|          0|
    |ap_CS_fsm                |   6|   0|    6|          0|
    |ap_enable_reg_pp0_iter0  |   1|   0|    1|          0|
    |ap_enable_reg_pp0_iter1  |   1|   0|    1|          0|
    |ap_enable_reg_pp0_iter2  |   1|   0|    1|          0|
    |b_load_reg_238           |  32|   0|   32|          0|
    |i_0_reg_90               |  11|   0|   11|          0|
    |i_reg_216                |  11|   0|   11|          0|
    |icmp_ln6_reg_212         |   1|   0|    1|          0|
    |icmp_ln8_1_reg_250       |   1|   0|    1|          0|
    |icmp_ln8_2_reg_255       |   1|   0|    1|          0|
    |icmp_ln8_3_reg_260       |   1|   0|    1|          0|
    |icmp_ln8_reg_245         |   1|   0|    1|          0|
    |sum_0_reg_78             |  32|   0|   32|          0|
    |tmp_1_reg_270            |  32|   0|   32|          0|
    |tmp_4_reg_265            |   1|   0|    1|          0|
    |icmp_ln6_reg_212         |  64|  32|    1|          0|
    +-------------------------+----+----+-----+-----------+
    |Total                    | 230|  32|  167|          0|
    +-------------------------+----+----+-----+-----------+



================================================================
== Interface
================================================================
* Summary: 
+------------+-----+-----+------------+--------------+--------------+
|  RTL Ports | Dir | Bits|  Protocol  | Source Object|    C Type    |
+------------+-----+-----+------------+--------------+--------------+
|ap_clk      |  in |    1| ap_ctrl_hs |    kernel7   | return value |
|ap_rst      |  in |    1| ap_ctrl_hs |    kernel7   | return value |
|ap_start    |  in |    1| ap_ctrl_hs |    kernel7   | return value |
|ap_done     | out |    1| ap_ctrl_hs |    kernel7   | return value |
|ap_idle     | out |    1| ap_ctrl_hs |    kernel7   | return value |
|ap_ready    | out |    1| ap_ctrl_hs |    kernel7   | return value |
|ap_return   | out |   32| ap_ctrl_hs |    kernel7   | return value |
|a_address0  | out |   10|  ap_memory |       a      |     array    |
|a_ce0       | out |    1|  ap_memory |       a      |     array    |
|a_q0        |  in |   32|  ap_memory |       a      |     array    |
|b_address0  | out |   10|  ap_memory |       b      |     array    |
|b_ce0       | out |    1|  ap_memory |       b      |     array    |
|b_q0        |  in |   32|  ap_memory |       b      |     array    |
+------------+-----+-----+------------+--------------+--------------+

