

================================================================
== Vivado HLS Report for 'kernel8'
================================================================
* Date:           Sun May 16 17:34:38 2021

* Version:        2019.2 (Build 2704478 on Wed Nov 06 22:10:23 MST 2019)
* Project:        prj_kernel8
* Solution:       solution3
* Product family: kintex7
* Target device:  xc7k160t-fbg484-1


================================================================
== Performance Estimates
================================================================
+ Timing: 
    * Summary: 
    +--------+----------+----------+------------+
    |  Clock |  Target  | Estimated| Uncertainty|
    +--------+----------+----------+------------+
    |ap_clk  | 10.00 ns | 7.674 ns |   1.25 ns  |
    +--------+----------+----------+------------+

+ Latency: 
    * Summary: 
    +---------+---------+----------+----------+-----+-----+---------+
    |  Latency (cycles) |  Latency (absolute) |  Interval | Pipeline|
    |   min   |   max   |    min   |    max   | min | max |   Type  |
    +---------+---------+----------+----------+-----+-----+---------+
    |        ?|        ?|         ?|         ?|    ?|    ?|   none  |
    +---------+---------+----------+----------+-----+-----+---------+

    + Detail: 
        * Instance: 
        N/A

        * Loop: 
        +----------------+---------+---------+----------+-----------+-----------+------+----------+
        |                |  Latency (cycles) | Iteration|  Initiation Interval  | Trip |          |
        |    Loop Name   |   min   |   max   |  Latency |  achieved |   target  | Count| Pipelined|
        +----------------+---------+---------+----------+-----------+-----------+------+----------+
        |- kernel8_loop  |        ?|        ?|        39|          4|          1|     ?|    yes   |
        +----------------+---------+---------+----------+-----------+-----------+------+----------+



================================================================
== Utilization Estimates
================================================================
* Summary: 
+-----------------+---------+-------+--------+--------+-----+
|       Name      | BRAM_18K| DSP48E|   FF   |   LUT  | URAM|
+-----------------+---------+-------+--------+--------+-----+
|DSP              |        -|      -|       -|       -|    -|
|Expression       |        -|     12|       0|     242|    -|
|FIFO             |        -|      -|       -|       -|    -|
|Instance         |        -|      -|    4463|    3398|    -|
|Memory           |        -|      -|       -|       -|    -|
|Multiplexer      |        -|      -|       -|     193|    -|
|Register         |        0|      -|     735|      96|    -|
+-----------------+---------+-------+--------+--------+-----+
|Total            |        0|     12|    5198|    3929|    0|
+-----------------+---------+-------+--------+--------+-----+
|Available        |      650|    600|  202800|  101400|    0|
+-----------------+---------+-------+--------+--------+-----+
|Utilization (%)  |        0|      2|       2|       3|    0|
+-----------------+---------+-------+--------+--------+-----+

+ Detail: 
    * Instance: 
    +-------------------------+----------------------+---------+-------+------+------+-----+
    |         Instance        |        Module        | BRAM_18K| DSP48E|  FF  |  LUT | URAM|
    +-------------------------+----------------------+---------+-------+------+------+-----+
    |kernel8_urem_31nscud_U2  |kernel8_urem_31nscud  |        0|      0|  2180|  1660|    0|
    |kernel8_urem_32nsbkb_U1  |kernel8_urem_32nsbkb  |        0|      0|  2283|  1738|    0|
    +-------------------------+----------------------+---------+-------+------+------+-----+
    |Total                    |                      |        0|      0|  4463|  3398|    0|
    +-------------------------+----------------------+---------+-------+------+------+-----+

    * DSP48E: 
    N/A

    * Memory: 
    N/A

    * FIFO: 
    N/A

    * Expression: 
    +---------------------+----------+-------+---+----+------------+------------+
    |    Variable Name    | Operation| DSP48E| FF| LUT| Bitwidth P0| Bitwidth P1|
    +---------------------+----------+-------+---+----+------------+------------+
    |mul_ln6_1_fu_310_p2  |     *    |      4|  0|  22|          32|          33|
    |mul_ln6_2_fu_340_p2  |     *    |      4|  0|  21|          31|          32|
    |mul_ln6_fu_356_p2    |     *    |      4|  0|  21|          32|          32|
    |add_ln6_1_fu_284_p2  |     +    |      0|  0|  39|          32|          32|
    |add_ln6_fu_274_p2    |     +    |      0|  0|  38|          31|           4|
    |i_fu_301_p2          |     +    |      0|  0|  38|          31|           1|
    |sub_ln5_fu_259_p2    |     -    |      0|  0|  39|          10|          32|
    |icmp_ln5_fu_269_p2   |   icmp   |      0|  0|  18|          32|          32|
    |ap_enable_pp0        |    xor   |      0|  0|   6|           1|           2|
    +---------------------+----------+-------+---+----+------------+------------+
    |Total                |          |     12|  0| 242|         232|         200|
    +---------------------+----------+-------+---+----+------------+------------+

    * Multiplexer: 
    +--------------------------------------+----+-----------+-----+-----------+
    |                 Name                 | LUT| Input Size| Bits| Total Bits|
    +--------------------------------------+----+-----------+-----+-----------+
    |ap_NS_fsm                             |  38|          7|    1|          7|
    |ap_enable_reg_pp0_iter9               |   9|          2|    1|          2|
    |ap_phi_mux_i_0_phi_fu_234_p4          |   9|          2|   31|         62|
    |ap_phi_reg_pp0_iter9_phi_ln6_reg_242  |  38|          7|   32|        224|
    |array_0_address0                      |  15|          3|    8|         24|
    |array_1_address0                      |  15|          3|    8|         24|
    |array_2_address0                      |  15|          3|    8|         24|
    |array_3_address0                      |  15|          3|    8|         24|
    |array_4_address0                      |  15|          3|    8|         24|
    |array_5_address0                      |  15|          3|    8|         24|
    |i_0_reg_230                           |   9|          2|   31|         62|
    +--------------------------------------+----+-----------+-----+-----------+
    |Total                                 | 193|         38|  144|        501|
    +--------------------------------------+----+-----------+-----+-----------+

    * Register: 
    +--------------------------------------+----+----+-----+-----------+
    |                 Name                 | FF | LUT| Bits| Const Bits|
    +--------------------------------------+----+----+-----+-----------+
    |add_ln6_1_reg_389                     |  32|   0|   32|          0|
    |ap_CS_fsm                             |   6|   0|    6|          0|
    |ap_enable_reg_pp0_iter0               |   1|   0|    1|          0|
    |ap_enable_reg_pp0_iter1               |   1|   0|    1|          0|
    |ap_enable_reg_pp0_iter2               |   1|   0|    1|          0|
    |ap_enable_reg_pp0_iter3               |   1|   0|    1|          0|
    |ap_enable_reg_pp0_iter4               |   1|   0|    1|          0|
    |ap_enable_reg_pp0_iter5               |   1|   0|    1|          0|
    |ap_enable_reg_pp0_iter6               |   1|   0|    1|          0|
    |ap_enable_reg_pp0_iter7               |   1|   0|    1|          0|
    |ap_enable_reg_pp0_iter8               |   1|   0|    1|          0|
    |ap_enable_reg_pp0_iter9               |   1|   0|    1|          0|
    |ap_phi_reg_pp0_iter1_phi_ln6_reg_242  |  32|   0|   32|          0|
    |ap_phi_reg_pp0_iter2_phi_ln6_reg_242  |  32|   0|   32|          0|
    |ap_phi_reg_pp0_iter3_phi_ln6_reg_242  |  32|   0|   32|          0|
    |ap_phi_reg_pp0_iter4_phi_ln6_reg_242  |  32|   0|   32|          0|
    |ap_phi_reg_pp0_iter5_phi_ln6_reg_242  |  32|   0|   32|          0|
    |ap_phi_reg_pp0_iter6_phi_ln6_reg_242  |  32|   0|   32|          0|
    |ap_phi_reg_pp0_iter7_phi_ln6_reg_242  |  32|   0|   32|          0|
    |ap_phi_reg_pp0_iter8_phi_ln6_reg_242  |  32|   0|   32|          0|
    |ap_phi_reg_pp0_iter9_phi_ln6_reg_242  |  32|   0|   32|          0|
    |i_0_reg_230                           |  31|   0|   31|          0|
    |i_reg_395                             |  31|   0|   31|          0|
    |icmp_ln5_reg_385                      |   1|   0|    1|          0|
    |mul_ln6_reg_473                       |  32|   0|   32|          0|
    |sub_ln5_reg_380                       |  32|   0|   32|          0|
    |tmp_1_reg_400                         |  25|   0|   25|          0|
    |tmp_2_reg_469                         |  24|   0|   24|          0|
    |urem_ln6_1_reg_434                    |  31|   0|   31|          0|
    |add_ln6_1_reg_389                     |  64|  32|   32|          0|
    |i_0_reg_230                           |  64|  32|   31|          0|
    |icmp_ln5_reg_385                      |  64|  32|    1|          0|
    +--------------------------------------+----+----+-----+-----------+
    |Total                                 | 735|  96|  607|          0|
    +--------------------------------------+----+----+-----+-----------+



================================================================
== Interface
================================================================
* Summary: 
+------------------+-----+-----+------------+--------------+--------------+
|     RTL Ports    | Dir | Bits|  Protocol  | Source Object|    C Type    |
+------------------+-----+-----+------------+--------------+--------------+
|ap_clk            |  in |    1| ap_ctrl_hs |    kernel8   | return value |
|ap_rst            |  in |    1| ap_ctrl_hs |    kernel8   | return value |
|ap_start          |  in |    1| ap_ctrl_hs |    kernel8   | return value |
|ap_done           | out |    1| ap_ctrl_hs |    kernel8   | return value |
|ap_idle           | out |    1| ap_ctrl_hs |    kernel8   | return value |
|ap_ready          | out |    1| ap_ctrl_hs |    kernel8   | return value |
|array_0_address0  | out |    8|  ap_memory |    array_0   |     array    |
|array_0_ce0       | out |    1|  ap_memory |    array_0   |     array    |
|array_0_we0       | out |    1|  ap_memory |    array_0   |     array    |
|array_0_d0        | out |   32|  ap_memory |    array_0   |     array    |
|array_0_q0        |  in |   32|  ap_memory |    array_0   |     array    |
|array_1_address0  | out |    8|  ap_memory |    array_1   |     array    |
|array_1_ce0       | out |    1|  ap_memory |    array_1   |     array    |
|array_1_we0       | out |    1|  ap_memory |    array_1   |     array    |
|array_1_d0        | out |   32|  ap_memory |    array_1   |     array    |
|array_1_q0        |  in |   32|  ap_memory |    array_1   |     array    |
|array_2_address0  | out |    8|  ap_memory |    array_2   |     array    |
|array_2_ce0       | out |    1|  ap_memory |    array_2   |     array    |
|array_2_we0       | out |    1|  ap_memory |    array_2   |     array    |
|array_2_d0        | out |   32|  ap_memory |    array_2   |     array    |
|array_2_q0        |  in |   32|  ap_memory |    array_2   |     array    |
|array_3_address0  | out |    8|  ap_memory |    array_3   |     array    |
|array_3_ce0       | out |    1|  ap_memory |    array_3   |     array    |
|array_3_we0       | out |    1|  ap_memory |    array_3   |     array    |
|array_3_d0        | out |   32|  ap_memory |    array_3   |     array    |
|array_3_q0        |  in |   32|  ap_memory |    array_3   |     array    |
|array_4_address0  | out |    8|  ap_memory |    array_4   |     array    |
|array_4_ce0       | out |    1|  ap_memory |    array_4   |     array    |
|array_4_we0       | out |    1|  ap_memory |    array_4   |     array    |
|array_4_d0        | out |   32|  ap_memory |    array_4   |     array    |
|array_4_q0        |  in |   32|  ap_memory |    array_4   |     array    |
|array_5_address0  | out |    8|  ap_memory |    array_5   |     array    |
|array_5_ce0       | out |    1|  ap_memory |    array_5   |     array    |
|array_5_we0       | out |    1|  ap_memory |    array_5   |     array    |
|array_5_d0        | out |   32|  ap_memory |    array_5   |     array    |
|array_5_q0        |  in |   32|  ap_memory |    array_5   |     array    |
|multiplier        |  in |   32|   ap_none  |  multiplier  |    scalar    |
|offset            |  in |   32|   ap_none  |    offset    |    scalar    |
+------------------+-----+-----+------------+--------------+--------------+

