

================================================================
== Vivado HLS Report for 'kernel8'
================================================================
* Date:           Sun May 16 17:19:46 2021

* Version:        2019.2 (Build 2704478 on Wed Nov 06 22:10:23 MST 2019)
* Project:        prj_kernel8
* Solution:       solution2
* Product family: kintex7
* Target device:  xc7k160t-fbg484-1


================================================================
== Performance Estimates
================================================================
+ Timing: 
    * Summary: 
    +--------+----------+----------+------------+
    |  Clock |  Target  | Estimated| Uncertainty|
    +--------+----------+----------+------------+
    |ap_clk  | 10.00 ns | 6.580 ns |   1.25 ns  |
    +--------+----------+----------+------------+

+ Latency: 
    * Summary: 
    +---------+---------+----------+----------+-----+-----+---------+
    |  Latency (cycles) |  Latency (absolute) |  Interval | Pipeline|
    |   min   |   max   |    min   |    max   | min | max |   Type  |
    +---------+---------+----------+----------+-----+-----+---------+
    |        ?|        ?|         ?|         ?|    ?|    ?|   none  |
    +---------+---------+----------+----------+-----+-----+---------+

    + Detail: 
        * Instance: 
        N/A

        * Loop: 
        +----------------+---------+---------+----------+-----------+-----------+------+----------+
        |                |  Latency (cycles) | Iteration|  Initiation Interval  | Trip |          |
        |    Loop Name   |   min   |   max   |  Latency |  achieved |   target  | Count| Pipelined|
        +----------------+---------+---------+----------+-----------+-----------+------+----------+
        |- kernel8_loop  |        ?|        ?|         4|          4|          1|     ?|    yes   |
        +----------------+---------+---------+----------+-----------+-----------+------+----------+



================================================================
== Utilization Estimates
================================================================
* Summary: 
+-----------------+---------+-------+--------+--------+-----+
|       Name      | BRAM_18K| DSP48E|   FF   |   LUT  | URAM|
+-----------------+---------+-------+--------+--------+-----+
|DSP              |        -|      -|       -|       -|    -|
|Expression       |        -|      3|       0|     193|    -|
|FIFO             |        -|      -|       -|       -|    -|
|Instance         |        -|      -|       -|       -|    -|
|Memory           |        -|      -|       -|       -|    -|
|Multiplexer      |        -|      -|       -|      62|    -|
|Register         |        -|      -|     133|       -|    -|
+-----------------+---------+-------+--------+--------+-----+
|Total            |        0|      3|     133|     255|    0|
+-----------------+---------+-------+--------+--------+-----+
|Available        |      650|    600|  202800|  101400|    0|
+-----------------+---------+-------+--------+--------+-----+
|Utilization (%)  |        0|   ~0  |   ~0   |   ~0   |    0|
+-----------------+---------+-------+--------+--------+-----+

+ Detail: 
    * Instance: 
    N/A

    * DSP48E: 
    N/A

    * Memory: 
    N/A

    * FIFO: 
    N/A

    * Expression: 
    +---------------------+----------+-------+---+----+------------+------------+
    |    Variable Name    | Operation| DSP48E| FF| LUT| Bitwidth P0| Bitwidth P1|
    +---------------------+----------+-------+---+----+------------+------------+
    |mul_ln6_fu_122_p2    |     *    |      3|  0|  21|          32|          32|
    |add_ln6_1_fu_112_p2  |     +    |      0|  0|  39|          32|          32|
    |add_ln6_fu_102_p2    |     +    |      0|  0|  38|          31|           4|
    |i_fu_131_p2          |     +    |      0|  0|  38|          31|           1|
    |sub_ln5_fu_87_p2     |     -    |      0|  0|  39|          10|          32|
    |icmp_ln5_fu_97_p2    |   icmp   |      0|  0|  18|          32|          32|
    +---------------------+----------+-------+---+----+------------+------------+
    |Total                |          |      3|  0| 193|         168|         133|
    +---------------------+----------+-------+---+----+------------+------------+

    * Multiplexer: 
    +------------------+----+-----------+-----+-----------+
    |       Name       | LUT| Input Size| Bits| Total Bits|
    +------------------+----+-----------+-----+-----------+
    |ap_NS_fsm         |  38|          7|    1|          7|
    |array_r_address0  |  15|          3|   10|         30|
    |i_0_reg_75        |   9|          2|   31|         62|
    +------------------+----+-----------+-----+-----------+
    |Total             |  62|         12|   42|         99|
    +------------------+----+-----------+-----+-----------+

    * Register: 
    +--------------------+----+----+-----+-----------+
    |        Name        | FF | LUT| Bits| Const Bits|
    +--------------------+----+----+-----+-----------+
    |ap_CS_fsm           |   6|   0|    6|          0|
    |array_load_reg_160  |  32|   0|   32|          0|
    |i_0_reg_75          |  31|   0|   31|          0|
    |mul_ln6_reg_165     |  32|   0|   32|          0|
    |sub_ln5_reg_147     |  32|   0|   32|          0|
    +--------------------+----+----+-----+-----------+
    |Total               | 133|   0|  133|          0|
    +--------------------+----+----+-----+-----------+



================================================================
== Interface
================================================================
* Summary: 
+------------------+-----+-----+------------+--------------+--------------+
|     RTL Ports    | Dir | Bits|  Protocol  | Source Object|    C Type    |
+------------------+-----+-----+------------+--------------+--------------+
|ap_clk            |  in |    1| ap_ctrl_hs |    kernel8   | return value |
|ap_rst            |  in |    1| ap_ctrl_hs |    kernel8   | return value |
|ap_start          |  in |    1| ap_ctrl_hs |    kernel8   | return value |
|ap_done           | out |    1| ap_ctrl_hs |    kernel8   | return value |
|ap_idle           | out |    1| ap_ctrl_hs |    kernel8   | return value |
|ap_ready          | out |    1| ap_ctrl_hs |    kernel8   | return value |
|array_r_address0  | out |   10|  ap_memory |    array_r   |     array    |
|array_r_ce0       | out |    1|  ap_memory |    array_r   |     array    |
|array_r_we0       | out |    1|  ap_memory |    array_r   |     array    |
|array_r_d0        | out |   32|  ap_memory |    array_r   |     array    |
|array_r_q0        |  in |   32|  ap_memory |    array_r   |     array    |
|multiplier        |  in |   32|   ap_none  |  multiplier  |    scalar    |
|offset            |  in |   32|   ap_none  |    offset    |    scalar    |
+------------------+-----+-----+------------+--------------+--------------+

