

================================================================
== Vivado HLS Report for 'kernel1'
================================================================
* Date:           Tue May 11 08:51:56 2021

* Version:        2019.2 (Build 2704478 on Wed Nov 06 22:10:23 MST 2019)
* Project:        prj_kernel1
* Solution:       solution2
* Product family: kintex7
* Target device:  xc7k160t-fbg484-1


================================================================
== Performance Estimates
================================================================
+ Timing: 
    * Summary: 
    +--------+----------+----------+------------+
    |  Clock |  Target  | Estimated| Uncertainty|
    +--------+----------+----------+------------+
    |ap_clk  | 10.00 ns | 7.113 ns |   1.25 ns  |
    +--------+----------+----------+------------+

+ Latency: 
    * Summary: 
    +---------+---------+-----------+-----------+------+------+---------+
    |  Latency (cycles) |   Latency (absolute)  |   Interval  | Pipeline|
    |   min   |   max   |    min    |    max    |  min |  max |   Type  |
    +---------+---------+-----------+-----------+------+------+---------+
    |     1026|     1026| 10.260 us | 10.260 us |  1026|  1026|   none  |
    +---------+---------+-----------+-----------+------+------+---------+

    + Detail: 
        * Instance: 
        N/A

        * Loop: 
        +----------------+---------+---------+----------+-----------+-----------+------+----------+
        |                |  Latency (cycles) | Iteration|  Initiation Interval  | Trip |          |
        |    Loop Name   |   min   |   max   |  Latency |  achieved |   target  | Count| Pipelined|
        +----------------+---------+---------+----------+-----------+-----------+------+----------+
        |- kernel1_loop  |     1024|     1024|         2|          1|          1|  1024|    yes   |
        +----------------+---------+---------+----------+-----------+-----------+------+----------+



================================================================
== Utilization Estimates
================================================================
* Summary: 
+-----------------+---------+-------+--------+--------+-----+
|       Name      | BRAM_18K| DSP48E|   FF   |   LUT  | URAM|
+-----------------+---------+-------+--------+--------+-----+
|DSP              |        -|      -|       -|       -|    -|
|Expression       |        -|      -|       0|      82|    -|
|FIFO             |        -|      -|       -|       -|    -|
|Instance         |        -|      -|       -|       -|    -|
|Memory           |        -|      -|       -|       -|    -|
|Multiplexer      |        -|      -|       -|      45|    -|
|Register         |        -|      -|      27|       -|    -|
+-----------------+---------+-------+--------+--------+-----+
|Total            |        0|      0|      27|     127|    0|
+-----------------+---------+-------+--------+--------+-----+
|Available        |      650|    600|  202800|  101400|    0|
+-----------------+---------+-------+--------+--------+-----+
|Utilization (%)  |        0|      0|   ~0   |   ~0   |    0|
+-----------------+---------+-------+--------+--------+-----+

+ Detail: 
    * Instance: 
    N/A

    * DSP48E: 
    N/A

    * Memory: 
    N/A

    * FIFO: 
    N/A

    * Expression: 
    +-------------------------+----------+-------+---+----+------------+------------+
    |      Variable Name      | Operation| DSP48E| FF| LUT| Bitwidth P0| Bitwidth P1|
    +-------------------------+----------+-------+---+----+------------+------------+
    |array_r_d1               |     +    |      0|  0|  39|          32|          32|
    |i_fu_74_p2               |     +    |      0|  0|  18|          11|           1|
    |icmp_ln6_fu_68_p2        |   icmp   |      0|  0|  13|          11|          12|
    |ap_enable_pp0            |    xor   |      0|  0|   6|           1|           2|
    |ap_enable_reg_pp0_iter1  |    xor   |      0|  0|   6|           2|           1|
    +-------------------------+----------+-------+---+----+------------+------------+
    |Total                    |          |      0|  0|  82|          57|          48|
    +-------------------------+----------+-------+---+----+------------+------------+

    * Multiplexer: 
    +-------------------------+----+-----------+-----+-----------+
    |           Name          | LUT| Input Size| Bits| Total Bits|
    +-------------------------+----+-----------+-----+-----------+
    |ap_NS_fsm                |  21|          4|    1|          4|
    |ap_enable_reg_pp0_iter1  |  15|          3|    1|          3|
    |i_0_reg_57               |   9|          2|   11|         22|
    +-------------------------+----+-----------+-----+-----------+
    |Total                    |  45|          9|   13|         29|
    +-------------------------+----+-----------+-----+-----------+

    * Register: 
    +-------------------------+----+----+-----+-----------+
    |           Name          | FF | LUT| Bits| Const Bits|
    +-------------------------+----+----+-----+-----------+
    |ap_CS_fsm                |   3|   0|    3|          0|
    |ap_enable_reg_pp0_iter0  |   1|   0|    1|          0|
    |ap_enable_reg_pp0_iter1  |   1|   0|    1|          0|
    |array_addr_reg_107       |  10|   0|   10|          0|
    |i_0_reg_57               |  11|   0|   11|          0|
    |icmp_ln6_reg_98          |   1|   0|    1|          0|
    +-------------------------+----+----+-----+-----------+
    |Total                    |  27|   0|   27|          0|
    +-------------------------+----+----+-----+-----------+



================================================================
== Interface
================================================================
* Summary: 
+------------------+-----+-----+------------+--------------+--------------+
|     RTL Ports    | Dir | Bits|  Protocol  | Source Object|    C Type    |
+------------------+-----+-----+------------+--------------+--------------+
|ap_clk            |  in |    1| ap_ctrl_hs |    kernel1   | return value |
|ap_rst            |  in |    1| ap_ctrl_hs |    kernel1   | return value |
|ap_start          |  in |    1| ap_ctrl_hs |    kernel1   | return value |
|ap_done           | out |    1| ap_ctrl_hs |    kernel1   | return value |
|ap_idle           | out |    1| ap_ctrl_hs |    kernel1   | return value |
|ap_ready          | out |    1| ap_ctrl_hs |    kernel1   | return value |
|array_r_address0  | out |   10|  ap_memory |    array_r   |     array    |
|array_r_ce0       | out |    1|  ap_memory |    array_r   |     array    |
|array_r_q0        |  in |   32|  ap_memory |    array_r   |     array    |
|array_r_address1  | out |   10|  ap_memory |    array_r   |     array    |
|array_r_ce1       | out |    1|  ap_memory |    array_r   |     array    |
|array_r_we1       | out |    1|  ap_memory |    array_r   |     array    |
|array_r_d1        | out |   32|  ap_memory |    array_r   |     array    |
+------------------+-----+-----+------------+--------------+--------------+

