INFO: [HLS 200-10] Running '/home/francisco/xilinx/Vivado/2019.2/bin/unwrapped/lnx64.o/vivado_hls'
INFO: [HLS 200-10] For user 'francisco' on host 'frblazquezm-PC' (Linux_x86_64 version 5.8.0-50-generic) on Tue May 11 09:11:53 CEST 2021
INFO: [HLS 200-10] On os Ubuntu 20.04.2 LTS
INFO: [HLS 200-10] In directory '/home/francisco/Documents/Universidad/5_Carrera/Advanced_Computer_Architecture/Homeworks/homework_3/kernels/kernel2'
Sourcing Tcl script '/home/francisco/Documents/Universidad/5_Carrera/Advanced_Computer_Architecture/Homeworks/homework_3/kernels/kernel2/prj_kernel2/solution5/csynth.tcl'
INFO: [HLS 200-10] Opening project '/home/francisco/Documents/Universidad/5_Carrera/Advanced_Computer_Architecture/Homeworks/homework_3/kernels/kernel2/prj_kernel2'.
INFO: [HLS 200-10] Adding design file 'kernel2.cpp' to the project
INFO: [HLS 200-10] Adding test bench file 'kernel2_test.cpp' to the project
INFO: [HLS 200-10] Opening solution '/home/francisco/Documents/Universidad/5_Carrera/Advanced_Computer_Architecture/Homeworks/homework_3/kernels/kernel2/prj_kernel2/solution5'.
INFO: [SYN 201-201] Setting up clock 'default' with a period of 10ns.
INFO: [HLS 200-10] Setting target device to 'xc7k160t-fbg484-1'
INFO: [SCHED 204-61] Option 'relax_ii_for_timing' is enabled, will increase II to preserve clock frequency constraints.
INFO: [HLS 200-10] Analyzing design file 'kernel2.cpp' ... 
INFO: [HLS 200-111] Finished Linking Time (s): cpu = 00:00:07 ; elapsed = 00:00:07 . Memory (MB): peak = 936.426 ; gain = 523.035 ; free physical = 808 ; free virtual = 5853
INFO: [HLS 200-111] Finished Checking Pragmas Time (s): cpu = 00:00:07 ; elapsed = 00:00:07 . Memory (MB): peak = 936.426 ; gain = 523.035 ; free physical = 808 ; free virtual = 5853
INFO: [HLS 200-10] Starting code transformations ...
INFO: [HLS 200-111] Finished Standard Transforms Time (s): cpu = 00:00:08 ; elapsed = 00:00:08 . Memory (MB): peak = 936.426 ; gain = 523.035 ; free physical = 787 ; free virtual = 5852
INFO: [HLS 200-10] Checking synthesizability ...
INFO: [HLS 200-111] Finished Checking Synthesizability Time (s): cpu = 00:00:08 ; elapsed = 00:00:08 . Memory (MB): peak = 936.426 ; gain = 523.035 ; free physical = 787 ; free virtual = 5852
INFO: [HLS 200-111] Finished Pre-synthesis Time (s): cpu = 00:00:08 ; elapsed = 00:00:08 . Memory (MB): peak = 936.426 ; gain = 523.035 ; free physical = 768 ; free virtual = 5834
INFO: [HLS 200-111] Finished Architecture Synthesis Time (s): cpu = 00:00:08 ; elapsed = 00:00:08 . Memory (MB): peak = 936.426 ; gain = 523.035 ; free physical = 780 ; free virtual = 5834
INFO: [HLS 200-10] Starting hardware synthesis ...
INFO: [HLS 200-10] Synthesizing 'kernel2' ...
WARNING: [SYN 201-107] Renaming port name 'kernel2/array' to 'kernel2/array_r' to avoid the conflict with HDL keywords or other object names.
INFO: [HLS 200-10] ----------------------------------------------------------------
INFO: [HLS 200-42] -- Implementing module 'kernel2' 
INFO: [HLS 200-10] ----------------------------------------------------------------
INFO: [SCHED 204-11] Starting scheduling ...
INFO: [SCHED 204-61] Pipelining loop 'kernel2_loop'.
INFO: [SCHED 204-61] Pipelining result : Target II = 1, Final II = 1, Depth = 2.
INFO: [SCHED 204-11] Finished scheduling.
INFO: [HLS 200-111]  Elapsed time: 8.47 seconds; current allocated memory: 93.269 MB.
INFO: [BIND 205-100] Starting micro-architecture generation ...
INFO: [BIND 205-101] Performing variable lifetime analysis.
INFO: [BIND 205-101] Exploring resource sharing.
INFO: [BIND 205-101] Binding ...
INFO: [BIND 205-100] Finished micro-architecture generation.
INFO: [HLS 200-111]  Elapsed time: 0.02 seconds; current allocated memory: 93.476 MB.
INFO: [HLS 200-10] ----------------------------------------------------------------
INFO: [HLS 200-10] -- Generating RTL for module 'kernel2' 
INFO: [HLS 200-10] ----------------------------------------------------------------
INFO: [RTGEN 206-500] Setting interface mode on port 'kernel2/array_r' to 'ap_memory'.
INFO: [RTGEN 206-500] Setting interface mode on function 'kernel2' to 'ap_ctrl_hs'.
INFO: [RTGEN 206-100] Finished creating RTL model for 'kernel2'.
INFO: [HLS 200-111]  Elapsed time: 0.04 seconds; current allocated memory: 93.814 MB.
INFO: [HLS 200-790] **** Loop Constraint Status: All loop constraints were satisfied.
INFO: [HLS 200-789] **** Estimated Fmax: 119.55 MHz
INFO: [HLS 200-111] Finished generating all RTL models Time (s): cpu = 00:00:09 ; elapsed = 00:00:09 . Memory (MB): peak = 936.426 ; gain = 523.035 ; free physical = 751 ; free virtual = 5826
INFO: [VHDL 208-304] Generating VHDL RTL for kernel2.
INFO: [VLOG 209-307] Generating Verilog RTL for kernel2.
INFO: [HLS 200-112] Total elapsed time: 9.09 seconds; peak allocated memory: 93.814 MB.
