

================================================================
== Vivado HLS Report for 'kernel7'
================================================================
* Date:           Sun May 16 16:10:49 2021

* Version:        2019.2 (Build 2704478 on Wed Nov 06 22:10:23 MST 2019)
* Project:        prj_kernel7
* Solution:       solution1
* Product family: kintex7
* Target device:  xc7k160t-fbg484-1


================================================================
== Performance Estimates
================================================================
+ Timing: 
    * Summary: 
    +--------+----------+----------+------------+
    |  Clock |  Target  | Estimated| Uncertainty|
    +--------+----------+----------+------------+
    |ap_clk  | 10.00 ns | 8.348 ns |   1.25 ns  |
    +--------+----------+----------+------------+

+ Latency: 
    * Summary: 
    +---------+---------+----------+----------+-------+-------+---------+
    |  Latency (cycles) |  Latency (absolute) |    Interval   | Pipeline|
    |   min   |   max   |    min   |    max   |  min  |  max  |   Type  |
    +---------+---------+----------+----------+-------+-------+---------+
    |    10241|    10241| 0.102 ms | 0.102 ms |  10241|  10241|   none  |
    +---------+---------+----------+----------+-------+-------+---------+

    + Detail: 
        * Instance: 
        N/A

        * Loop: 
        +----------+---------+---------+----------+-----------+-----------+------+----------+
        |          |  Latency (cycles) | Iteration|  Initiation Interval  | Trip |          |
        | Loop Name|   min   |   max   |  Latency |  achieved |   target  | Count| Pipelined|
        +----------+---------+---------+----------+-----------+-----------+------+----------+
        |- Loop 1  |    10240|    10240|        10|          -|          -|  1024|    no    |
        +----------+---------+---------+----------+-----------+-----------+------+----------+



================================================================
== Utilization Estimates
================================================================
* Summary: 
+-----------------+---------+-------+--------+--------+-----+
|       Name      | BRAM_18K| DSP48E|   FF   |   LUT  | URAM|
+-----------------+---------+-------+--------+--------+-----+
|DSP              |        -|      -|       -|       -|    -|
|Expression       |        -|      -|       0|     104|    -|
|FIFO             |        -|      -|       -|       -|    -|
|Instance         |        -|      2|     293|     280|    -|
|Memory           |        -|      -|       -|       -|    -|
|Multiplexer      |        -|      -|       -|     116|    -|
|Register         |        -|      -|     164|       -|    -|
+-----------------+---------+-------+--------+--------+-----+
|Total            |        0|      2|     457|     500|    0|
+-----------------+---------+-------+--------+--------+-----+
|Available        |      650|    600|  202800|  101400|    0|
+-----------------+---------+-------+--------+--------+-----+
|Utilization (%)  |        0|   ~0  |   ~0   |   ~0   |    0|
+-----------------+---------+-------+--------+--------+-----+

+ Detail: 
    * Instance: 
    +-------------------------+----------------------+---------+-------+-----+-----+-----+
    |         Instance        |        Module        | BRAM_18K| DSP48E|  FF | LUT | URAM|
    +-------------------------+----------------------+---------+-------+-----+-----+-----+
    |kernel7_faddfsub_bkb_U1  |kernel7_faddfsub_bkb  |        0|      2|  227|  214|    0|
    |kernel7_fcmp_32nscud_U2  |kernel7_fcmp_32nscud  |        0|      0|   66|   66|    0|
    +-------------------------+----------------------+---------+-------+-----+-----+-----+
    |Total                    |                      |        0|      2|  293|  280|    0|
    +-------------------------+----------------------+---------+-------+-----+-----+-----+

    * DSP48E: 
    N/A

    * Memory: 
    N/A

    * FIFO: 
    N/A

    * Expression: 
    +----------------------+----------+-------+---+----+------------+------------+
    |     Variable Name    | Operation| DSP48E| FF| LUT| Bitwidth P0| Bitwidth P1|
    +----------------------+----------+-------+---+----+------------+------------+
    |i_fu_99_p2            |     +    |      0|  0|  18|          11|           1|
    |and_ln9_fu_144_p2     |    and   |      0|  0|   6|           1|           1|
    |icmp_ln6_fu_93_p2     |   icmp   |      0|  0|  13|          11|          12|
    |icmp_ln9_1_fu_134_p2  |   icmp   |      0|  0|  18|          23|           1|
    |icmp_ln9_fu_128_p2    |   icmp   |      0|  0|  11|           8|           2|
    |or_ln9_fu_140_p2      |    or    |      0|  0|   6|           1|           1|
    |sum_1_fu_149_p3       |  select  |      0|  0|  32|           1|          32|
    +----------------------+----------+-------+---+----+------------+------------+
    |Total                 |          |      0|  0| 104|          56|          50|
    +----------------------+----------+-------+---+----+------------+------------+

    * Multiplexer: 
    +------------------+----+-----------+-----+-----------+
    |       Name       | LUT| Input Size| Bits| Total Bits|
    +------------------+----+-----------+-----+-----------+
    |ap_NS_fsm         |  53|         12|    1|         12|
    |grp_fu_83_opcode  |  15|          3|    2|          6|
    |grp_fu_83_p0      |  15|          3|   32|         96|
    |grp_fu_83_p1      |  15|          3|   32|         96|
    |i_0_reg_72        |   9|          2|   11|         22|
    |sum_0_reg_60      |   9|          2|   32|         64|
    +------------------+----+-----------+-----+-----------+
    |Total             | 116|         25|  110|        296|
    +------------------+----+-----------+-----+-----------+

    * Register: 
    +--------------------+----+----+-----+-----------+
    |        Name        | FF | LUT| Bits| Const Bits|
    +--------------------+----+----+-----+-----------+
    |a_load_reg_175      |  32|   0|   32|          0|
    |ap_CS_fsm           |  11|   0|   11|          0|
    |b_load_reg_180      |  32|   0|   32|          0|
    |diff_reg_185        |  32|   0|   32|          0|
    |i_0_reg_72          |  11|   0|   11|          0|
    |i_reg_160           |  11|   0|   11|          0|
    |icmp_ln9_1_reg_197  |   1|   0|    1|          0|
    |icmp_ln9_reg_192    |   1|   0|    1|          0|
    |sum_0_reg_60        |  32|   0|   32|          0|
    |tmp_1_reg_202       |   1|   0|    1|          0|
    +--------------------+----+----+-----+-----------+
    |Total               | 164|   0|  164|          0|
    +--------------------+----+----+-----+-----------+



================================================================
== Interface
================================================================
* Summary: 
+------------+-----+-----+------------+--------------+--------------+
|  RTL Ports | Dir | Bits|  Protocol  | Source Object|    C Type    |
+------------+-----+-----+------------+--------------+--------------+
|ap_clk      |  in |    1| ap_ctrl_hs |    kernel7   | return value |
|ap_rst      |  in |    1| ap_ctrl_hs |    kernel7   | return value |
|ap_start    |  in |    1| ap_ctrl_hs |    kernel7   | return value |
|ap_done     | out |    1| ap_ctrl_hs |    kernel7   | return value |
|ap_idle     | out |    1| ap_ctrl_hs |    kernel7   | return value |
|ap_ready    | out |    1| ap_ctrl_hs |    kernel7   | return value |
|ap_return   | out |   32| ap_ctrl_hs |    kernel7   | return value |
|a_address0  | out |   10|  ap_memory |       a      |     array    |
|a_ce0       | out |    1|  ap_memory |       a      |     array    |
|a_q0        |  in |   32|  ap_memory |       a      |     array    |
|b_address0  | out |   10|  ap_memory |       b      |     array    |
|b_ce0       | out |    1|  ap_memory |       b      |     array    |
|b_q0        |  in |   32|  ap_memory |       b      |     array    |
+------------+-----+-----+------------+--------------+--------------+

