INFO: [HLS 200-10] Running '/home/francisco/xilinx/Vivado/2019.2/bin/unwrapped/lnx64.o/vivado_hls'
INFO: [HLS 200-10] For user 'francisco' on host 'frblazquezm-PC' (Linux_x86_64 version 5.8.0-53-generic) on Sun May 16 17:44:57 CEST 2021
INFO: [HLS 200-10] On os Ubuntu 20.04.2 LTS
INFO: [HLS 200-10] In directory '/home/francisco/Documents/Universidad/5_Carrera/Advanced_Computer_Architecture/Homeworks/homework_3/kernels/kernel8'
Sourcing Tcl script '/home/francisco/Documents/Universidad/5_Carrera/Advanced_Computer_Architecture/Homeworks/homework_3/kernels/kernel8/prj_kernel8/solution4/csynth.tcl'
INFO: [HLS 200-10] Opening project '/home/francisco/Documents/Universidad/5_Carrera/Advanced_Computer_Architecture/Homeworks/homework_3/kernels/kernel8/prj_kernel8'.
INFO: [HLS 200-10] Adding design file 'kernel8.cpp' to the project
INFO: [HLS 200-10] Adding test bench file 'kernel8_test.cpp' to the project
INFO: [HLS 200-10] Opening solution '/home/francisco/Documents/Universidad/5_Carrera/Advanced_Computer_Architecture/Homeworks/homework_3/kernels/kernel8/prj_kernel8/solution4'.
INFO: [SYN 201-201] Setting up clock 'default' with a period of 10ns.
INFO: [HLS 200-10] Setting target device to 'xc7k160t-fbg484-1'
INFO: [SCHED 204-61] Option 'relax_ii_for_timing' is enabled, will increase II to preserve clock frequency constraints.
INFO: [HLS 200-10] Analyzing design file 'kernel8.cpp' ... 
INFO: [HLS 200-111] Finished Linking Time (s): cpu = 00:00:07 ; elapsed = 00:00:07 . Memory (MB): peak = 939.395 ; gain = 526.004 ; free physical = 2380 ; free virtual = 4893
INFO: [HLS 200-111] Finished Checking Pragmas Time (s): cpu = 00:00:07 ; elapsed = 00:00:07 . Memory (MB): peak = 939.395 ; gain = 526.004 ; free physical = 2380 ; free virtual = 4893
INFO: [HLS 200-10] Starting code transformations ...
INFO: [HLS 200-111] Finished Standard Transforms Time (s): cpu = 00:00:08 ; elapsed = 00:00:08 . Memory (MB): peak = 939.395 ; gain = 526.004 ; free physical = 2376 ; free virtual = 4893
INFO: [HLS 200-10] Checking synthesizability ...
INFO: [HLS 200-111] Finished Checking Synthesizability Time (s): cpu = 00:00:08 ; elapsed = 00:00:08 . Memory (MB): peak = 939.395 ; gain = 526.004 ; free physical = 2376 ; free virtual = 4893
WARNING: [XFORM 203-104] Completely partitioning array 'array' (kernel8.cpp:3) accessed through non-constant indices on dimension 1 (kernel8.cpp:6:9), which may result in long runtime and suboptimal QoR due to large multiplexers. Please consider wrapping the array access into a function or using a register file core instead.
INFO: [XFORM 203-101] Partitioning array 'array' (kernel8.cpp:3) in dimension 1 completely.
INFO: [HLS 200-111] Finished Pre-synthesis Time (s): cpu = 00:00:15 ; elapsed = 00:00:15 . Memory (MB): peak = 939.395 ; gain = 526.004 ; free physical = 2320 ; free virtual = 4834
INFO: [HLS 200-111] Finished Architecture Synthesis Time (s): cpu = 00:03:40 ; elapsed = 00:03:40 . Memory (MB): peak = 939.395 ; gain = 526.004 ; free physical = 1938 ; free virtual = 4622
INFO: [HLS 200-10] Starting hardware synthesis ...
INFO: [HLS 200-10] Synthesizing 'kernel8' ...
INFO: [HLS 200-10] ----------------------------------------------------------------
INFO: [HLS 200-42] -- Implementing module 'kernel8' 
INFO: [HLS 200-10] ----------------------------------------------------------------
INFO: [SCHED 204-11] Starting scheduling ...
INFO: [SCHED 204-61] Pipelining loop 'kernel8_loop'.
WARNING: [SCHED 204-68] The II Violation in module 'kernel8' (Loop: kernel8_loop): Unable to enforce a carried dependence constraint (II = 1, distance = 1, offset = 1)
   between wire write on port 'array_6' (kernel8.cpp:6) and wire read on port 'array_6' (kernel8.cpp:6).
INFO: [SCHED 204-61] Pipelining result : Target II = 1, Final II = 2, Depth = 2.
INFO: [SCHED 204-11] Finished scheduling.
INFO: [HLS 200-111]  Elapsed time: 281.19 seconds; current allocated memory: 426.469 MB.
INFO: [BIND 205-100] Starting micro-architecture generation ...
INFO: [BIND 205-101] Performing variable lifetime analysis.
INFO: [BIND 205-101] Exploring resource sharing.
INFO: [BIND 205-101] Binding ...
INFO: [BIND 205-100] Finished micro-architecture generation.
INFO: [HLS 200-111]  Elapsed time: 12.5 seconds; current allocated memory: 437.034 MB.
INFO: [HLS 200-10] ----------------------------------------------------------------
INFO: [HLS 200-10] -- Generating RTL for module 'kernel8' 
INFO: [HLS 200-10] ----------------------------------------------------------------
INFO: [RTGEN 206-500] Setting interface mode on port 'kernel8/array_0' to 'ap_none'.
INFO: [RTGEN 206-500] Setting interface mode on port 'kernel8/array_1' to 'ap_none'.
INFO: [RTGEN 206-500] Setting interface mode on port 'kernel8/array_2' to 'ap_none'.
INFO: [RTGEN 206-500] Setting interface mode on port 'kernel8/array_3' to 'ap_none'.
INFO: [RTGEN 206-500] Setting interface mode on port 'kernel8/array_4' to 'ap_none'.
INFO: [RTGEN 206-500] Setting interface mode on port 'kernel8/array_5' to 'ap_none'.
INFO: [RTGEN 206-500] Setting interface mode on port 'kernel8/array_6' to 'ap_ovld'.
INFO: [RTGEN 206-500] Setting interface mode on port 'kernel8/array_7' to 'ap_ovld'.
INFO: [RTGEN 206-500] Setting interface mode on port 'kernel8/array_8' to 'ap_ovld'.
INFO: [RTGEN 206-500] Setting interface mode on port 'kernel8/array_9' to 'ap_ovld'.
INFO: [RTGEN 206-500] Setting interface mode on port 'kernel8/array_10' to 'ap_ovld'.
INFO: [RTGEN 206-500] Setting interface mode on port 'kernel8/array_11' to 'ap_ovld'.
INFO: [RTGEN 206-500] Setting interface mode on port 'kernel8/array_12' to 'ap_ovld'.
INFO: [RTGEN 206-500] Setting interface mode on port 'kernel8/array_13' to 'ap_ovld'.
INFO: [RTGEN 206-500] Setting interface mode on port 'kernel8/array_14' to 'ap_ovld'.
INFO: [RTGEN 206-500] Setting interface mode on port 'kernel8/array_15' to 'ap_ovld'.
INFO: [RTGEN 206-500] Setting interface mode on port 'kernel8/array_16' to 'ap_ovld'.
INFO: [RTGEN 206-500] Setting interface mode on port 'kernel8/array_17' to 'ap_ovld'.
INFO: [RTGEN 206-500] Setting interface mode on port 'kernel8/array_18' to 'ap_ovld'.
INFO: [RTGEN 206-500] Setting interface mode on port 'kernel8/array_19' to 'ap_ovld'.
INFO: [RTGEN 206-500] Setting interface mode on port 'kernel8/array_20' to 'ap_ovld'.
INFO: [RTGEN 206-500] Setting interface mode on port 'kernel8/array_21' to 'ap_ovld'.
INFO: [RTGEN 206-500] Setting interface mode on port 'kernel8/array_22' to 'ap_ovld'.
INFO: [RTGEN 206-500] Setting interface mode on port 'kernel8/array_23' to 'ap_ovld'.
INFO: [RTGEN 206-500] Setting interface mode on port 'kernel8/array_24' to 'ap_ovld'.
INFO: [RTGEN 206-500] Setting interface mode on port 'kernel8/array_25' to 'ap_ovld'.
INFO: [RTGEN 206-500] Setting interface mode on port 'kernel8/array_26' to 'ap_ovld'.
INFO: [RTGEN 206-500] Setting interface mode on port 'kernel8/array_27' to 'ap_ovld'.
INFO: [RTGEN 206-500] Setting interface mode on port 'kernel8/array_28' to 'ap_ovld'.
INFO: [RTGEN 206-500] Setting interface mode on port 'kernel8/array_29' to 'ap_ovld'.
INFO: [RTGEN 206-500] Setting interface mode on port 'kernel8/array_30' to 'ap_ovld'.
INFO: [RTGEN 206-500] Setting interface mode on port 'kernel8/array_31' to 'ap_ovld'.
INFO: [RTGEN 206-500] Setting interface mode on port 'kernel8/array_32' to 'ap_ovld'.
INFO: [RTGEN 206-500] Setting interface mode on port 'kernel8/array_33' to 'ap_ovld'.
INFO: [RTGEN 206-500] Setting interface mode on port 'kernel8/array_34' to 'ap_ovld'.
INFO: [RTGEN 206-500] Setting interface mode on port 'kernel8/array_35' to 'ap_ovld'.
INFO: [RTGEN 206-500] Setting interface mode on port 'kernel8/array_36' to 'ap_ovld'.
INFO: [RTGEN 206-500] Setting interface mode on port 'kernel8/array_37' to 'ap_ovld'.
INFO: [RTGEN 206-500] Setting interface mode on port 'kernel8/array_38' to 'ap_ovld'.
INFO: [RTGEN 206-500] Setting interface mode on port 'kernel8/array_39' to 'ap_ovld'.
INFO: [RTGEN 206-500] Setting interface mode on port 'kernel8/array_40' to 'ap_ovld'.
INFO: [RTGEN 206-500] Setting interface mode on port 'kernel8/array_41' to 'ap_ovld'.
INFO: [RTGEN 206-500] Setting interface mode on port 'kernel8/array_42' to 'ap_ovld'.
INFO: [RTGEN 206-500] Setting interface mode on port 'kernel8/array_43' to 'ap_ovld'.
INFO: [RTGEN 206-500] Setting interface mode on port 'kernel8/array_44' to 'ap_ovld'.
INFO: [RTGEN 206-500] Setting interface mode on port 'kernel8/array_45' to 'ap_ovld'.
INFO: [RTGEN 206-500] Setting interface mode on port 'kernel8/array_46' to 'ap_ovld'.
INFO: [RTGEN 206-500] Setting interface mode on port 'kernel8/array_47' to 'ap_ovld'.
INFO: [RTGEN 206-500] Setting interface mode on port 'kernel8/array_48' to 'ap_ovld'.
INFO: [RTGEN 206-500] Setting interface mode on port 'kernel8/array_49' to 'ap_ovld'.
INFO: [RTGEN 206-500] Setting interface mode on port 'kernel8/array_50' to 'ap_ovld'.
INFO: [RTGEN 206-500] Setting interface mode on port 'kernel8/array_51' to 'ap_ovld'.
INFO: [RTGEN 206-500] Setting interface mode on port 'kernel8/array_52' to 'ap_ovld'.
INFO: [RTGEN 206-500] Setting interface mode on port 'kernel8/array_53' to 'ap_ovld'.
INFO: [RTGEN 206-500] Setting interface mode on port 'kernel8/array_54' to 'ap_ovld'.
INFO: [RTGEN 206-500] Setting interface mode on port 'kernel8/array_55' to 'ap_ovld'.
INFO: [RTGEN 206-500] Setting interface mode on port 'kernel8/array_56' to 'ap_ovld'.
INFO: [RTGEN 206-500] Setting interface mode on port 'kernel8/array_57' to 'ap_ovld'.
INFO: [RTGEN 206-500] Setting interface mode on port 'kernel8/array_58' to 'ap_ovld'.
INFO: [RTGEN 206-500] Setting interface mode on port 'kernel8/array_59' to 'ap_ovld'.
INFO: [RTGEN 206-500] Setting interface mode on port 'kernel8/array_60' to 'ap_ovld'.
INFO: [RTGEN 206-500] Setting interface mode on port 'kernel8/array_61' to 'ap_ovld'.
INFO: [RTGEN 206-500] Setting interface mode on port 'kernel8/array_62' to 'ap_ovld'.
INFO: [RTGEN 206-500] Setting interface mode on port 'kernel8/array_63' to 'ap_ovld'.
INFO: [RTGEN 206-500] Setting interface mode on port 'kernel8/array_64' to 'ap_ovld'.
INFO: [RTGEN 206-500] Setting interface mode on port 'kernel8/array_65' to 'ap_ovld'.
INFO: [RTGEN 206-500] Setting interface mode on port 'kernel8/array_66' to 'ap_ovld'.
INFO: [RTGEN 206-500] Setting interface mode on port 'kernel8/array_67' to 'ap_ovld'.
INFO: [RTGEN 206-500] Setting interface mode on port 'kernel8/array_68' to 'ap_ovld'.
INFO: [RTGEN 206-500] Setting interface mode on port 'kernel8/array_69' to 'ap_ovld'.
INFO: [RTGEN 206-500] Setting interface mode on port 'kernel8/array_70' to 'ap_ovld'.
INFO: [RTGEN 206-500] Setting interface mode on port 'kernel8/array_71' to 'ap_ovld'.
INFO: [RTGEN 206-500] Setting interface mode on port 'kernel8/array_72' to 'ap_ovld'.
INFO: [RTGEN 206-500] Setting interface mode on port 'kernel8/array_73' to 'ap_ovld'.
INFO: [RTGEN 206-500] Setting interface mode on port 'kernel8/array_74' to 'ap_ovld'.
INFO: [RTGEN 206-500] Setting interface mode on port 'kernel8/array_75' to 'ap_ovld'.
INFO: [RTGEN 206-500] Setting interface mode on port 'kernel8/array_76' to 'ap_ovld'.
INFO: [RTGEN 206-500] Setting interface mode on port 'kernel8/array_77' to 'ap_ovld'.
INFO: [RTGEN 206-500] Setting interface mode on port 'kernel8/array_78' to 'ap_ovld'.
INFO: [RTGEN 206-500] Setting interface mode on port 'kernel8/array_79' to 'ap_ovld'.
INFO: [RTGEN 206-500] Setting interface mode on port 'kernel8/array_80' to 'ap_ovld'.
INFO: [RTGEN 206-500] Setting interface mode on port 'kernel8/array_81' to 'ap_ovld'.
INFO: [RTGEN 206-500] Setting interface mode on port 'kernel8/array_82' to 'ap_ovld'.
INFO: [RTGEN 206-500] Setting interface mode on port 'kernel8/array_83' to 'ap_ovld'.
INFO: [RTGEN 206-500] Setting interface mode on port 'kernel8/array_84' to 'ap_ovld'.
INFO: [RTGEN 206-500] Setting interface mode on port 'kernel8/array_85' to 'ap_ovld'.
INFO: [RTGEN 206-500] Setting interface mode on port 'kernel8/array_86' to 'ap_ovld'.
INFO: [RTGEN 206-500] Setting interface mode on port 'kernel8/array_87' to 'ap_ovld'.
INFO: [RTGEN 206-500] Setting interface mode on port 'kernel8/array_88' to 'ap_ovld'.
INFO: [RTGEN 206-500] Setting interface mode on port 'kernel8/array_89' to 'ap_ovld'.
INFO: [RTGEN 206-500] Setting interface mode on port 'kernel8/array_90' to 'ap_ovld'.
INFO: [RTGEN 206-500] Setting interface mode on port 'kernel8/array_91' to 'ap_ovld'.
INFO: [RTGEN 206-500] Setting interface mode on port 'kernel8/array_92' to 'ap_ovld'.
INFO: [RTGEN 206-500] Setting interface mode on port 'kernel8/array_93' to 'ap_ovld'.
INFO: [RTGEN 206-500] Setting interface mode on port 'kernel8/array_94' to 'ap_ovld'.
INFO: [RTGEN 206-500] Setting interface mode on port 'kernel8/array_95' to 'ap_ovld'.
INFO: [RTGEN 206-500] Setting interface mode on port 'kernel8/array_96' to 'ap_ovld'.
INFO: [RTGEN 206-500] Setting interface mode on port 'kernel8/array_97' to 'ap_ovld'.
INFO: [RTGEN 206-500] Setting interface mode on port 'kernel8/array_98' to 'ap_ovld'.
INFO: [RTGEN 206-500] Setting interface mode on port 'kernel8/array_99' to 'ap_ovld'.
INFO: [RTGEN 206-500] Setting interface mode on port 'kernel8/array_100' to 'ap_ovld'.
INFO: [RTGEN 206-500] Setting interface mode on port 'kernel8/array_101' to 'ap_ovld'.
INFO: [RTGEN 206-500] Setting interface mode on port 'kernel8/array_102' to 'ap_ovld'.
INFO: [RTGEN 206-500] Setting interface mode on port 'kernel8/array_103' to 'ap_ovld'.
INFO: [RTGEN 206-500] Setting interface mode on port 'kernel8/array_104' to 'ap_ovld'.
INFO: [RTGEN 206-500] Setting interface mode on port 'kernel8/array_105' to 'ap_ovld'.
INFO: [RTGEN 206-500] Setting interface mode on port 'kernel8/array_106' to 'ap_ovld'.
INFO: [RTGEN 206-500] Setting interface mode on port 'kernel8/array_107' to 'ap_ovld'.
INFO: [RTGEN 206-500] Setting interface mode on port 'kernel8/array_108' to 'ap_ovld'.
INFO: [RTGEN 206-500] Setting interface mode on port 'kernel8/array_109' to 'ap_ovld'.
INFO: [RTGEN 206-500] Setting interface mode on port 'kernel8/array_110' to 'ap_ovld'.
INFO: [RTGEN 206-500] Setting interface mode on port 'kernel8/array_111' to 'ap_ovld'.
INFO: [RTGEN 206-500] Setting interface mode on port 'kernel8/array_112' to 'ap_ovld'.
INFO: [RTGEN 206-500] Setting interface mode on port 'kernel8/array_113' to 'ap_ovld'.
INFO: [RTGEN 206-500] Setting interface mode on port 'kernel8/array_114' to 'ap_ovld'.
INFO: [RTGEN 206-500] Setting interface mode on port 'kernel8/array_115' to 'ap_ovld'.
INFO: [RTGEN 206-500] Setting interface mode on port 'kernel8/array_116' to 'ap_ovld'.
INFO: [RTGEN 206-500] Setting interface mode on port 'kernel8/array_117' to 'ap_ovld'.
INFO: [RTGEN 206-500] Setting interface mode on port 'kernel8/array_118' to 'ap_ovld'.
INFO: [RTGEN 206-500] Setting interface mode on port 'kernel8/array_119' to 'ap_ovld'.
INFO: [RTGEN 206-500] Setting interface mode on port 'kernel8/array_120' to 'ap_ovld'.
INFO: [RTGEN 206-500] Setting interface mode on port 'kernel8/array_121' to 'ap_ovld'.
INFO: [RTGEN 206-500] Setting interface mode on port 'kernel8/array_122' to 'ap_ovld'.
INFO: [RTGEN 206-500] Setting interface mode on port 'kernel8/array_123' to 'ap_ovld'.
INFO: [RTGEN 206-500] Setting interface mode on port 'kernel8/array_124' to 'ap_ovld'.
INFO: [RTGEN 206-500] Setting interface mode on port 'kernel8/array_125' to 'ap_ovld'.
INFO: [RTGEN 206-500] Setting interface mode on port 'kernel8/array_126' to 'ap_ovld'.
INFO: [RTGEN 206-500] Setting interface mode on port 'kernel8/array_127' to 'ap_ovld'.
INFO: [RTGEN 206-500] Setting interface mode on port 'kernel8/array_128' to 'ap_ovld'.
INFO: [RTGEN 206-500] Setting interface mode on port 'kernel8/array_129' to 'ap_ovld'.
INFO: [RTGEN 206-500] Setting interface mode on port 'kernel8/array_130' to 'ap_ovld'.
INFO: [RTGEN 206-500] Setting interface mode on port 'kernel8/array_131' to 'ap_ovld'.
INFO: [RTGEN 206-500] Setting interface mode on port 'kernel8/array_132' to 'ap_ovld'.
INFO: [RTGEN 206-500] Setting interface mode on port 'kernel8/array_133' to 'ap_ovld'.
INFO: [RTGEN 206-500] Setting interface mode on port 'kernel8/array_134' to 'ap_ovld'.
INFO: [RTGEN 206-500] Setting interface mode on port 'kernel8/array_135' to 'ap_ovld'.
INFO: [RTGEN 206-500] Setting interface mode on port 'kernel8/array_136' to 'ap_ovld'.
INFO: [RTGEN 206-500] Setting interface mode on port 'kernel8/array_137' to 'ap_ovld'.
INFO: [RTGEN 206-500] Setting interface mode on port 'kernel8/array_138' to 'ap_ovld'.
INFO: [RTGEN 206-500] Setting interface mode on port 'kernel8/array_139' to 'ap_ovld'.
INFO: [RTGEN 206-500] Setting interface mode on port 'kernel8/array_140' to 'ap_ovld'.
INFO: [RTGEN 206-500] Setting interface mode on port 'kernel8/array_141' to 'ap_ovld'.
INFO: [RTGEN 206-500] Setting interface mode on port 'kernel8/array_142' to 'ap_ovld'.
INFO: [RTGEN 206-500] Setting interface mode on port 'kernel8/array_143' to 'ap_ovld'.
INFO: [RTGEN 206-500] Setting interface mode on port 'kernel8/array_144' to 'ap_ovld'.
INFO: [RTGEN 206-500] Setting interface mode on port 'kernel8/array_145' to 'ap_ovld'.
INFO: [RTGEN 206-500] Setting interface mode on port 'kernel8/array_146' to 'ap_ovld'.
INFO: [RTGEN 206-500] Setting interface mode on port 'kernel8/array_147' to 'ap_ovld'.
INFO: [RTGEN 206-500] Setting interface mode on port 'kernel8/array_148' to 'ap_ovld'.
INFO: [RTGEN 206-500] Setting interface mode on port 'kernel8/array_149' to 'ap_ovld'.
INFO: [RTGEN 206-500] Setting interface mode on port 'kernel8/array_150' to 'ap_ovld'.
INFO: [RTGEN 206-500] Setting interface mode on port 'kernel8/array_151' to 'ap_ovld'.
INFO: [RTGEN 206-500] Setting interface mode on port 'kernel8/array_152' to 'ap_ovld'.
INFO: [RTGEN 206-500] Setting interface mode on port 'kernel8/array_153' to 'ap_ovld'.
INFO: [RTGEN 206-500] Setting interface mode on port 'kernel8/array_154' to 'ap_ovld'.
INFO: [RTGEN 206-500] Setting interface mode on port 'kernel8/array_155' to 'ap_ovld'.
INFO: [RTGEN 206-500] Setting interface mode on port 'kernel8/array_156' to 'ap_ovld'.
INFO: [RTGEN 206-500] Setting interface mode on port 'kernel8/array_157' to 'ap_ovld'.
INFO: [RTGEN 206-500] Setting interface mode on port 'kernel8/array_158' to 'ap_ovld'.
INFO: [RTGEN 206-500] Setting interface mode on port 'kernel8/array_159' to 'ap_ovld'.
INFO: [RTGEN 206-500] Setting interface mode on port 'kernel8/array_160' to 'ap_ovld'.
INFO: [RTGEN 206-500] Setting interface mode on port 'kernel8/array_161' to 'ap_ovld'.
INFO: [RTGEN 206-500] Setting interface mode on port 'kernel8/array_162' to 'ap_ovld'.
INFO: [RTGEN 206-500] Setting interface mode on port 'kernel8/array_163' to 'ap_ovld'.
INFO: [RTGEN 206-500] Setting interface mode on port 'kernel8/array_164' to 'ap_ovld'.
INFO: [RTGEN 206-500] Setting interface mode on port 'kernel8/array_165' to 'ap_ovld'.
INFO: [RTGEN 206-500] Setting interface mode on port 'kernel8/array_166' to 'ap_ovld'.
INFO: [RTGEN 206-500] Setting interface mode on port 'kernel8/array_167' to 'ap_ovld'.
INFO: [RTGEN 206-500] Setting interface mode on port 'kernel8/array_168' to 'ap_ovld'.
INFO: [RTGEN 206-500] Setting interface mode on port 'kernel8/array_169' to 'ap_ovld'.
INFO: [RTGEN 206-500] Setting interface mode on port 'kernel8/array_170' to 'ap_ovld'.
INFO: [RTGEN 206-500] Setting interface mode on port 'kernel8/array_171' to 'ap_ovld'.
INFO: [RTGEN 206-500] Setting interface mode on port 'kernel8/array_172' to 'ap_ovld'.
INFO: [RTGEN 206-500] Setting interface mode on port 'kernel8/array_173' to 'ap_ovld'.
INFO: [RTGEN 206-500] Setting interface mode on port 'kernel8/array_174' to 'ap_ovld'.
INFO: [RTGEN 206-500] Setting interface mode on port 'kernel8/array_175' to 'ap_ovld'.
INFO: [RTGEN 206-500] Setting interface mode on port 'kernel8/array_176' to 'ap_ovld'.
INFO: [RTGEN 206-500] Setting interface mode on port 'kernel8/array_177' to 'ap_ovld'.
INFO: [RTGEN 206-500] Setting interface mode on port 'kernel8/array_178' to 'ap_ovld'.
INFO: [RTGEN 206-500] Setting interface mode on port 'kernel8/array_179' to 'ap_ovld'.
INFO: [RTGEN 206-500] Setting interface mode on port 'kernel8/array_180' to 'ap_ovld'.
INFO: [RTGEN 206-500] Setting interface mode on port 'kernel8/array_181' to 'ap_ovld'.
INFO: [RTGEN 206-500] Setting interface mode on port 'kernel8/array_182' to 'ap_ovld'.
INFO: [RTGEN 206-500] Setting interface mode on port 'kernel8/array_183' to 'ap_ovld'.
INFO: [RTGEN 206-500] Setting interface mode on port 'kernel8/array_184' to 'ap_ovld'.
INFO: [RTGEN 206-500] Setting interface mode on port 'kernel8/array_185' to 'ap_ovld'.
INFO: [RTGEN 206-500] Setting interface mode on port 'kernel8/array_186' to 'ap_ovld'.
INFO: [RTGEN 206-500] Setting interface mode on port 'kernel8/array_187' to 'ap_ovld'.
INFO: [RTGEN 206-500] Setting interface mode on port 'kernel8/array_188' to 'ap_ovld'.
INFO: [RTGEN 206-500] Setting interface mode on port 'kernel8/array_189' to 'ap_ovld'.
INFO: [RTGEN 206-500] Setting interface mode on port 'kernel8/array_190' to 'ap_ovld'.
INFO: [RTGEN 206-500] Setting interface mode on port 'kernel8/array_191' to 'ap_ovld'.
INFO: [RTGEN 206-500] Setting interface mode on port 'kernel8/array_192' to 'ap_ovld'.
INFO: [RTGEN 206-500] Setting interface mode on port 'kernel8/array_193' to 'ap_ovld'.
INFO: [RTGEN 206-500] Setting interface mode on port 'kernel8/array_194' to 'ap_ovld'.
INFO: [RTGEN 206-500] Setting interface mode on port 'kernel8/array_195' to 'ap_ovld'.
INFO: [RTGEN 206-500] Setting interface mode on port 'kernel8/array_196' to 'ap_ovld'.
INFO: [RTGEN 206-500] Setting interface mode on port 'kernel8/array_197' to 'ap_ovld'.
INFO: [RTGEN 206-500] Setting interface mode on port 'kernel8/array_198' to 'ap_ovld'.
INFO: [RTGEN 206-500] Setting interface mode on port 'kernel8/array_199' to 'ap_ovld'.
INFO: [RTGEN 206-500] Setting interface mode on port 'kernel8/array_200' to 'ap_ovld'.
INFO: [RTGEN 206-500] Setting interface mode on port 'kernel8/array_201' to 'ap_ovld'.
INFO: [RTGEN 206-500] Setting interface mode on port 'kernel8/array_202' to 'ap_ovld'.
INFO: [RTGEN 206-500] Setting interface mode on port 'kernel8/array_203' to 'ap_ovld'.
INFO: [RTGEN 206-500] Setting interface mode on port 'kernel8/array_204' to 'ap_ovld'.
INFO: [RTGEN 206-500] Setting interface mode on port 'kernel8/array_205' to 'ap_ovld'.
INFO: [RTGEN 206-500] Setting interface mode on port 'kernel8/array_206' to 'ap_ovld'.
INFO: [RTGEN 206-500] Setting interface mode on port 'kernel8/array_207' to 'ap_ovld'.
INFO: [RTGEN 206-500] Setting interface mode on port 'kernel8/array_208' to 'ap_ovld'.
INFO: [RTGEN 206-500] Setting interface mode on port 'kernel8/array_209' to 'ap_ovld'.
INFO: [RTGEN 206-500] Setting interface mode on port 'kernel8/array_210' to 'ap_ovld'.
INFO: [RTGEN 206-500] Setting interface mode on port 'kernel8/array_211' to 'ap_ovld'.
INFO: [RTGEN 206-500] Setting interface mode on port 'kernel8/array_212' to 'ap_ovld'.
INFO: [RTGEN 206-500] Setting interface mode on port 'kernel8/array_213' to 'ap_ovld'.
INFO: [RTGEN 206-500] Setting interface mode on port 'kernel8/array_214' to 'ap_ovld'.
INFO: [RTGEN 206-500] Setting interface mode on port 'kernel8/array_215' to 'ap_ovld'.
INFO: [RTGEN 206-500] Setting interface mode on port 'kernel8/array_216' to 'ap_ovld'.
INFO: [RTGEN 206-500] Setting interface mode on port 'kernel8/array_217' to 'ap_ovld'.
INFO: [RTGEN 206-500] Setting interface mode on port 'kernel8/array_218' to 'ap_ovld'.
INFO: [RTGEN 206-500] Setting interface mode on port 'kernel8/array_219' to 'ap_ovld'.
INFO: [RTGEN 206-500] Setting interface mode on port 'kernel8/array_220' to 'ap_ovld'.
INFO: [RTGEN 206-500] Setting interface mode on port 'kernel8/array_221' to 'ap_ovld'.
INFO: [RTGEN 206-500] Setting interface mode on port 'kernel8/array_222' to 'ap_ovld'.
INFO: [RTGEN 206-500] Setting interface mode on port 'kernel8/array_223' to 'ap_ovld'.
INFO: [RTGEN 206-500] Setting interface mode on port 'kernel8/array_224' to 'ap_ovld'.
INFO: [RTGEN 206-500] Setting interface mode on port 'kernel8/array_225' to 'ap_ovld'.
INFO: [RTGEN 206-500] Setting interface mode on port 'kernel8/array_226' to 'ap_ovld'.
INFO: [RTGEN 206-500] Setting interface mode on port 'kernel8/array_227' to 'ap_ovld'.
INFO: [RTGEN 206-500] Setting interface mode on port 'kernel8/array_228' to 'ap_ovld'.
INFO: [RTGEN 206-500] Setting interface mode on port 'kernel8/array_229' to 'ap_ovld'.
INFO: [RTGEN 206-500] Setting interface mode on port 'kernel8/array_230' to 'ap_ovld'.
INFO: [RTGEN 206-500] Setting interface mode on port 'kernel8/array_231' to 'ap_ovld'.
INFO: [RTGEN 206-500] Setting interface mode on port 'kernel8/array_232' to 'ap_ovld'.
INFO: [RTGEN 206-500] Setting interface mode on port 'kernel8/array_233' to 'ap_ovld'.
INFO: [RTGEN 206-500] Setting interface mode on port 'kernel8/array_234' to 'ap_ovld'.
INFO: [RTGEN 206-500] Setting interface mode on port 'kernel8/array_235' to 'ap_ovld'.
INFO: [RTGEN 206-500] Setting interface mode on port 'kernel8/array_236' to 'ap_ovld'.
INFO: [RTGEN 206-500] Setting interface mode on port 'kernel8/array_237' to 'ap_ovld'.
INFO: [RTGEN 206-500] Setting interface mode on port 'kernel8/array_238' to 'ap_ovld'.
INFO: [RTGEN 206-500] Setting interface mode on port 'kernel8/array_239' to 'ap_ovld'.
INFO: [RTGEN 206-500] Setting interface mode on port 'kernel8/array_240' to 'ap_ovld'.
INFO: [RTGEN 206-500] Setting interface mode on port 'kernel8/array_241' to 'ap_ovld'.
INFO: [RTGEN 206-500] Setting interface mode on port 'kernel8/array_242' to 'ap_ovld'.
INFO: [RTGEN 206-500] Setting interface mode on port 'kernel8/array_243' to 'ap_ovld'.
INFO: [RTGEN 206-500] Setting interface mode on port 'kernel8/array_244' to 'ap_ovld'.
INFO: [RTGEN 206-500] Setting interface mode on port 'kernel8/array_245' to 'ap_ovld'.
INFO: [RTGEN 206-500] Setting interface mode on port 'kernel8/array_246' to 'ap_ovld'.
INFO: [RTGEN 206-500] Setting interface mode on port 'kernel8/array_247' to 'ap_ovld'.
INFO: [RTGEN 206-500] Setting interface mode on port 'kernel8/array_248' to 'ap_ovld'.
INFO: [RTGEN 206-500] Setting interface mode on port 'kernel8/array_249' to 'ap_ovld'.
INFO: [RTGEN 206-500] Setting interface mode on port 'kernel8/array_250' to 'ap_ovld'.
INFO: [RTGEN 206-500] Setting interface mode on port 'kernel8/array_251' to 'ap_ovld'.
INFO: [RTGEN 206-500] Setting interface mode on port 'kernel8/array_252' to 'ap_ovld'.
INFO: [RTGEN 206-500] Setting interface mode on port 'kernel8/array_253' to 'ap_ovld'.
INFO: [RTGEN 206-500] Setting interface mode on port 'kernel8/array_254' to 'ap_ovld'.
INFO: [RTGEN 206-500] Setting interface mode on port 'kernel8/array_255' to 'ap_ovld'.
INFO: [RTGEN 206-500] Setting interface mode on port 'kernel8/array_256' to 'ap_ovld'.
INFO: [RTGEN 206-500] Setting interface mode on port 'kernel8/array_257' to 'ap_ovld'.
INFO: [RTGEN 206-500] Setting interface mode on port 'kernel8/array_258' to 'ap_ovld'.
INFO: [RTGEN 206-500] Setting interface mode on port 'kernel8/array_259' to 'ap_ovld'.
INFO: [RTGEN 206-500] Setting interface mode on port 'kernel8/array_260' to 'ap_ovld'.
INFO: [RTGEN 206-500] Setting interface mode on port 'kernel8/array_261' to 'ap_ovld'.
INFO: [RTGEN 206-500] Setting interface mode on port 'kernel8/array_262' to 'ap_ovld'.
INFO: [RTGEN 206-500] Setting interface mode on port 'kernel8/array_263' to 'ap_ovld'.
INFO: [RTGEN 206-500] Setting interface mode on port 'kernel8/array_264' to 'ap_ovld'.
INFO: [RTGEN 206-500] Setting interface mode on port 'kernel8/array_265' to 'ap_ovld'.
INFO: [RTGEN 206-500] Setting interface mode on port 'kernel8/array_266' to 'ap_ovld'.
INFO: [RTGEN 206-500] Setting interface mode on port 'kernel8/array_267' to 'ap_ovld'.
INFO: [RTGEN 206-500] Setting interface mode on port 'kernel8/array_268' to 'ap_ovld'.
INFO: [RTGEN 206-500] Setting interface mode on port 'kernel8/array_269' to 'ap_ovld'.
INFO: [RTGEN 206-500] Setting interface mode on port 'kernel8/array_270' to 'ap_ovld'.
INFO: [RTGEN 206-500] Setting interface mode on port 'kernel8/array_271' to 'ap_ovld'.
INFO: [RTGEN 206-500] Setting interface mode on port 'kernel8/array_272' to 'ap_ovld'.
INFO: [RTGEN 206-500] Setting interface mode on port 'kernel8/array_273' to 'ap_ovld'.
INFO: [RTGEN 206-500] Setting interface mode on port 'kernel8/array_274' to 'ap_ovld'.
INFO: [RTGEN 206-500] Setting interface mode on port 'kernel8/array_275' to 'ap_ovld'.
INFO: [RTGEN 206-500] Setting interface mode on port 'kernel8/array_276' to 'ap_ovld'.
INFO: [RTGEN 206-500] Setting interface mode on port 'kernel8/array_277' to 'ap_ovld'.
INFO: [RTGEN 206-500] Setting interface mode on port 'kernel8/array_278' to 'ap_ovld'.
INFO: [RTGEN 206-500] Setting interface mode on port 'kernel8/array_279' to 'ap_ovld'.
INFO: [RTGEN 206-500] Setting interface mode on port 'kernel8/array_280' to 'ap_ovld'.
INFO: [RTGEN 206-500] Setting interface mode on port 'kernel8/array_281' to 'ap_ovld'.
INFO: [RTGEN 206-500] Setting interface mode on port 'kernel8/array_282' to 'ap_ovld'.
INFO: [RTGEN 206-500] Setting interface mode on port 'kernel8/array_283' to 'ap_ovld'.
INFO: [RTGEN 206-500] Setting interface mode on port 'kernel8/array_284' to 'ap_ovld'.
INFO: [RTGEN 206-500] Setting interface mode on port 'kernel8/array_285' to 'ap_ovld'.
INFO: [RTGEN 206-500] Setting interface mode on port 'kernel8/array_286' to 'ap_ovld'.
INFO: [RTGEN 206-500] Setting interface mode on port 'kernel8/array_287' to 'ap_ovld'.
INFO: [RTGEN 206-500] Setting interface mode on port 'kernel8/array_288' to 'ap_ovld'.
INFO: [RTGEN 206-500] Setting interface mode on port 'kernel8/array_289' to 'ap_ovld'.
INFO: [RTGEN 206-500] Setting interface mode on port 'kernel8/array_290' to 'ap_ovld'.
INFO: [RTGEN 206-500] Setting interface mode on port 'kernel8/array_291' to 'ap_ovld'.
INFO: [RTGEN 206-500] Setting interface mode on port 'kernel8/array_292' to 'ap_ovld'.
INFO: [RTGEN 206-500] Setting interface mode on port 'kernel8/array_293' to 'ap_ovld'.
INFO: [RTGEN 206-500] Setting interface mode on port 'kernel8/array_294' to 'ap_ovld'.
INFO: [RTGEN 206-500] Setting interface mode on port 'kernel8/array_295' to 'ap_ovld'.
INFO: [RTGEN 206-500] Setting interface mode on port 'kernel8/array_296' to 'ap_ovld'.
INFO: [RTGEN 206-500] Setting interface mode on port 'kernel8/array_297' to 'ap_ovld'.
INFO: [RTGEN 206-500] Setting interface mode on port 'kernel8/array_298' to 'ap_ovld'.
INFO: [RTGEN 206-500] Setting interface mode on port 'kernel8/array_299' to 'ap_ovld'.
INFO: [RTGEN 206-500] Setting interface mode on port 'kernel8/array_300' to 'ap_ovld'.
INFO: [RTGEN 206-500] Setting interface mode on port 'kernel8/array_301' to 'ap_ovld'.
INFO: [RTGEN 206-500] Setting interface mode on port 'kernel8/array_302' to 'ap_ovld'.
INFO: [RTGEN 206-500] Setting interface mode on port 'kernel8/array_303' to 'ap_ovld'.
INFO: [RTGEN 206-500] Setting interface mode on port 'kernel8/array_304' to 'ap_ovld'.
INFO: [RTGEN 206-500] Setting interface mode on port 'kernel8/array_305' to 'ap_ovld'.
INFO: [RTGEN 206-500] Setting interface mode on port 'kernel8/array_306' to 'ap_ovld'.
INFO: [RTGEN 206-500] Setting interface mode on port 'kernel8/array_307' to 'ap_ovld'.
INFO: [RTGEN 206-500] Setting interface mode on port 'kernel8/array_308' to 'ap_ovld'.
INFO: [RTGEN 206-500] Setting interface mode on port 'kernel8/array_309' to 'ap_ovld'.
INFO: [RTGEN 206-500] Setting interface mode on port 'kernel8/array_310' to 'ap_ovld'.
INFO: [RTGEN 206-500] Setting interface mode on port 'kernel8/array_311' to 'ap_ovld'.
INFO: [RTGEN 206-500] Setting interface mode on port 'kernel8/array_312' to 'ap_ovld'.
INFO: [RTGEN 206-500] Setting interface mode on port 'kernel8/array_313' to 'ap_ovld'.
INFO: [RTGEN 206-500] Setting interface mode on port 'kernel8/array_314' to 'ap_ovld'.
INFO: [RTGEN 206-500] Setting interface mode on port 'kernel8/array_315' to 'ap_ovld'.
INFO: [RTGEN 206-500] Setting interface mode on port 'kernel8/array_316' to 'ap_ovld'.
INFO: [RTGEN 206-500] Setting interface mode on port 'kernel8/array_317' to 'ap_ovld'.
INFO: [RTGEN 206-500] Setting interface mode on port 'kernel8/array_318' to 'ap_ovld'.
INFO: [RTGEN 206-500] Setting interface mode on port 'kernel8/array_319' to 'ap_ovld'.
INFO: [RTGEN 206-500] Setting interface mode on port 'kernel8/array_320' to 'ap_ovld'.
INFO: [RTGEN 206-500] Setting interface mode on port 'kernel8/array_321' to 'ap_ovld'.
INFO: [RTGEN 206-500] Setting interface mode on port 'kernel8/array_322' to 'ap_ovld'.
INFO: [RTGEN 206-500] Setting interface mode on port 'kernel8/array_323' to 'ap_ovld'.
INFO: [RTGEN 206-500] Setting interface mode on port 'kernel8/array_324' to 'ap_ovld'.
INFO: [RTGEN 206-500] Setting interface mode on port 'kernel8/array_325' to 'ap_ovld'.
INFO: [RTGEN 206-500] Setting interface mode on port 'kernel8/array_326' to 'ap_ovld'.
INFO: [RTGEN 206-500] Setting interface mode on port 'kernel8/array_327' to 'ap_ovld'.
INFO: [RTGEN 206-500] Setting interface mode on port 'kernel8/array_328' to 'ap_ovld'.
INFO: [RTGEN 206-500] Setting interface mode on port 'kernel8/array_329' to 'ap_ovld'.
INFO: [RTGEN 206-500] Setting interface mode on port 'kernel8/array_330' to 'ap_ovld'.
INFO: [RTGEN 206-500] Setting interface mode on port 'kernel8/array_331' to 'ap_ovld'.
INFO: [RTGEN 206-500] Setting interface mode on port 'kernel8/array_332' to 'ap_ovld'.
INFO: [RTGEN 206-500] Setting interface mode on port 'kernel8/array_333' to 'ap_ovld'.
INFO: [RTGEN 206-500] Setting interface mode on port 'kernel8/array_334' to 'ap_ovld'.
INFO: [RTGEN 206-500] Setting interface mode on port 'kernel8/array_335' to 'ap_ovld'.
INFO: [RTGEN 206-500] Setting interface mode on port 'kernel8/array_336' to 'ap_ovld'.
INFO: [RTGEN 206-500] Setting interface mode on port 'kernel8/array_337' to 'ap_ovld'.
INFO: [RTGEN 206-500] Setting interface mode on port 'kernel8/array_338' to 'ap_ovld'.
INFO: [RTGEN 206-500] Setting interface mode on port 'kernel8/array_339' to 'ap_ovld'.
INFO: [RTGEN 206-500] Setting interface mode on port 'kernel8/array_340' to 'ap_ovld'.
INFO: [RTGEN 206-500] Setting interface mode on port 'kernel8/array_341' to 'ap_ovld'.
INFO: [RTGEN 206-500] Setting interface mode on port 'kernel8/array_342' to 'ap_ovld'.
INFO: [RTGEN 206-500] Setting interface mode on port 'kernel8/array_343' to 'ap_ovld'.
INFO: [RTGEN 206-500] Setting interface mode on port 'kernel8/array_344' to 'ap_ovld'.
INFO: [RTGEN 206-500] Setting interface mode on port 'kernel8/array_345' to 'ap_ovld'.
INFO: [RTGEN 206-500] Setting interface mode on port 'kernel8/array_346' to 'ap_ovld'.
INFO: [RTGEN 206-500] Setting interface mode on port 'kernel8/array_347' to 'ap_ovld'.
INFO: [RTGEN 206-500] Setting interface mode on port 'kernel8/array_348' to 'ap_ovld'.
INFO: [RTGEN 206-500] Setting interface mode on port 'kernel8/array_349' to 'ap_ovld'.
INFO: [RTGEN 206-500] Setting interface mode on port 'kernel8/array_350' to 'ap_ovld'.
INFO: [RTGEN 206-500] Setting interface mode on port 'kernel8/array_351' to 'ap_ovld'.
INFO: [RTGEN 206-500] Setting interface mode on port 'kernel8/array_352' to 'ap_ovld'.
INFO: [RTGEN 206-500] Setting interface mode on port 'kernel8/array_353' to 'ap_ovld'.
INFO: [RTGEN 206-500] Setting interface mode on port 'kernel8/array_354' to 'ap_ovld'.
INFO: [RTGEN 206-500] Setting interface mode on port 'kernel8/array_355' to 'ap_ovld'.
INFO: [RTGEN 206-500] Setting interface mode on port 'kernel8/array_356' to 'ap_ovld'.
INFO: [RTGEN 206-500] Setting interface mode on port 'kernel8/array_357' to 'ap_ovld'.
INFO: [RTGEN 206-500] Setting interface mode on port 'kernel8/array_358' to 'ap_ovld'.
INFO: [RTGEN 206-500] Setting interface mode on port 'kernel8/array_359' to 'ap_ovld'.
INFO: [RTGEN 206-500] Setting interface mode on port 'kernel8/array_360' to 'ap_ovld'.
INFO: [RTGEN 206-500] Setting interface mode on port 'kernel8/array_361' to 'ap_ovld'.
INFO: [RTGEN 206-500] Setting interface mode on port 'kernel8/array_362' to 'ap_ovld'.
INFO: [RTGEN 206-500] Setting interface mode on port 'kernel8/array_363' to 'ap_ovld'.
INFO: [RTGEN 206-500] Setting interface mode on port 'kernel8/array_364' to 'ap_ovld'.
INFO: [RTGEN 206-500] Setting interface mode on port 'kernel8/array_365' to 'ap_ovld'.
INFO: [RTGEN 206-500] Setting interface mode on port 'kernel8/array_366' to 'ap_ovld'.
INFO: [RTGEN 206-500] Setting interface mode on port 'kernel8/array_367' to 'ap_ovld'.
INFO: [RTGEN 206-500] Setting interface mode on port 'kernel8/array_368' to 'ap_ovld'.
INFO: [RTGEN 206-500] Setting interface mode on port 'kernel8/array_369' to 'ap_ovld'.
INFO: [RTGEN 206-500] Setting interface mode on port 'kernel8/array_370' to 'ap_ovld'.
INFO: [RTGEN 206-500] Setting interface mode on port 'kernel8/array_371' to 'ap_ovld'.
INFO: [RTGEN 206-500] Setting interface mode on port 'kernel8/array_372' to 'ap_ovld'.
INFO: [RTGEN 206-500] Setting interface mode on port 'kernel8/array_373' to 'ap_ovld'.
INFO: [RTGEN 206-500] Setting interface mode on port 'kernel8/array_374' to 'ap_ovld'.
INFO: [RTGEN 206-500] Setting interface mode on port 'kernel8/array_375' to 'ap_ovld'.
INFO: [RTGEN 206-500] Setting interface mode on port 'kernel8/array_376' to 'ap_ovld'.
INFO: [RTGEN 206-500] Setting interface mode on port 'kernel8/array_377' to 'ap_ovld'.
INFO: [RTGEN 206-500] Setting interface mode on port 'kernel8/array_378' to 'ap_ovld'.
INFO: [RTGEN 206-500] Setting interface mode on port 'kernel8/array_379' to 'ap_ovld'.
INFO: [RTGEN 206-500] Setting interface mode on port 'kernel8/array_380' to 'ap_ovld'.
INFO: [RTGEN 206-500] Setting interface mode on port 'kernel8/array_381' to 'ap_ovld'.
INFO: [RTGEN 206-500] Setting interface mode on port 'kernel8/array_382' to 'ap_ovld'.
INFO: [RTGEN 206-500] Setting interface mode on port 'kernel8/array_383' to 'ap_ovld'.
INFO: [RTGEN 206-500] Setting interface mode on port 'kernel8/array_384' to 'ap_ovld'.
INFO: [RTGEN 206-500] Setting interface mode on port 'kernel8/array_385' to 'ap_ovld'.
INFO: [RTGEN 206-500] Setting interface mode on port 'kernel8/array_386' to 'ap_ovld'.
INFO: [RTGEN 206-500] Setting interface mode on port 'kernel8/array_387' to 'ap_ovld'.
INFO: [RTGEN 206-500] Setting interface mode on port 'kernel8/array_388' to 'ap_ovld'.
INFO: [RTGEN 206-500] Setting interface mode on port 'kernel8/array_389' to 'ap_ovld'.
INFO: [RTGEN 206-500] Setting interface mode on port 'kernel8/array_390' to 'ap_ovld'.
INFO: [RTGEN 206-500] Setting interface mode on port 'kernel8/array_391' to 'ap_ovld'.
INFO: [RTGEN 206-500] Setting interface mode on port 'kernel8/array_392' to 'ap_ovld'.
INFO: [RTGEN 206-500] Setting interface mode on port 'kernel8/array_393' to 'ap_ovld'.
INFO: [RTGEN 206-500] Setting interface mode on port 'kernel8/array_394' to 'ap_ovld'.
INFO: [RTGEN 206-500] Setting interface mode on port 'kernel8/array_395' to 'ap_ovld'.
INFO: [RTGEN 206-500] Setting interface mode on port 'kernel8/array_396' to 'ap_ovld'.
INFO: [RTGEN 206-500] Setting interface mode on port 'kernel8/array_397' to 'ap_ovld'.
INFO: [RTGEN 206-500] Setting interface mode on port 'kernel8/array_398' to 'ap_ovld'.
INFO: [RTGEN 206-500] Setting interface mode on port 'kernel8/array_399' to 'ap_ovld'.
INFO: [RTGEN 206-500] Setting interface mode on port 'kernel8/array_400' to 'ap_ovld'.
INFO: [RTGEN 206-500] Setting interface mode on port 'kernel8/array_401' to 'ap_ovld'.
INFO: [RTGEN 206-500] Setting interface mode on port 'kernel8/array_402' to 'ap_ovld'.
INFO: [RTGEN 206-500] Setting interface mode on port 'kernel8/array_403' to 'ap_ovld'.
INFO: [RTGEN 206-500] Setting interface mode on port 'kernel8/array_404' to 'ap_ovld'.
INFO: [RTGEN 206-500] Setting interface mode on port 'kernel8/array_405' to 'ap_ovld'.
INFO: [RTGEN 206-500] Setting interface mode on port 'kernel8/array_406' to 'ap_ovld'.
INFO: [RTGEN 206-500] Setting interface mode on port 'kernel8/array_407' to 'ap_ovld'.
INFO: [RTGEN 206-500] Setting interface mode on port 'kernel8/array_408' to 'ap_ovld'.
INFO: [RTGEN 206-500] Setting interface mode on port 'kernel8/array_409' to 'ap_ovld'.
INFO: [RTGEN 206-500] Setting interface mode on port 'kernel8/array_410' to 'ap_ovld'.
INFO: [RTGEN 206-500] Setting interface mode on port 'kernel8/array_411' to 'ap_ovld'.
INFO: [RTGEN 206-500] Setting interface mode on port 'kernel8/array_412' to 'ap_ovld'.
INFO: [RTGEN 206-500] Setting interface mode on port 'kernel8/array_413' to 'ap_ovld'.
INFO: [RTGEN 206-500] Setting interface mode on port 'kernel8/array_414' to 'ap_ovld'.
INFO: [RTGEN 206-500] Setting interface mode on port 'kernel8/array_415' to 'ap_ovld'.
INFO: [RTGEN 206-500] Setting interface mode on port 'kernel8/array_416' to 'ap_ovld'.
INFO: [RTGEN 206-500] Setting interface mode on port 'kernel8/array_417' to 'ap_ovld'.
INFO: [RTGEN 206-500] Setting interface mode on port 'kernel8/array_418' to 'ap_ovld'.
INFO: [RTGEN 206-500] Setting interface mode on port 'kernel8/array_419' to 'ap_ovld'.
INFO: [RTGEN 206-500] Setting interface mode on port 'kernel8/array_420' to 'ap_ovld'.
INFO: [RTGEN 206-500] Setting interface mode on port 'kernel8/array_421' to 'ap_ovld'.
INFO: [RTGEN 206-500] Setting interface mode on port 'kernel8/array_422' to 'ap_ovld'.
INFO: [RTGEN 206-500] Setting interface mode on port 'kernel8/array_423' to 'ap_ovld'.
INFO: [RTGEN 206-500] Setting interface mode on port 'kernel8/array_424' to 'ap_ovld'.
INFO: [RTGEN 206-500] Setting interface mode on port 'kernel8/array_425' to 'ap_ovld'.
INFO: [RTGEN 206-500] Setting interface mode on port 'kernel8/array_426' to 'ap_ovld'.
INFO: [RTGEN 206-500] Setting interface mode on port 'kernel8/array_427' to 'ap_ovld'.
INFO: [RTGEN 206-500] Setting interface mode on port 'kernel8/array_428' to 'ap_ovld'.
INFO: [RTGEN 206-500] Setting interface mode on port 'kernel8/array_429' to 'ap_ovld'.
INFO: [RTGEN 206-500] Setting interface mode on port 'kernel8/array_430' to 'ap_ovld'.
INFO: [RTGEN 206-500] Setting interface mode on port 'kernel8/array_431' to 'ap_ovld'.
INFO: [RTGEN 206-500] Setting interface mode on port 'kernel8/array_432' to 'ap_ovld'.
INFO: [RTGEN 206-500] Setting interface mode on port 'kernel8/array_433' to 'ap_ovld'.
INFO: [RTGEN 206-500] Setting interface mode on port 'kernel8/array_434' to 'ap_ovld'.
INFO: [RTGEN 206-500] Setting interface mode on port 'kernel8/array_435' to 'ap_ovld'.
INFO: [RTGEN 206-500] Setting interface mode on port 'kernel8/array_436' to 'ap_ovld'.
INFO: [RTGEN 206-500] Setting interface mode on port 'kernel8/array_437' to 'ap_ovld'.
INFO: [RTGEN 206-500] Setting interface mode on port 'kernel8/array_438' to 'ap_ovld'.
INFO: [RTGEN 206-500] Setting interface mode on port 'kernel8/array_439' to 'ap_ovld'.
INFO: [RTGEN 206-500] Setting interface mode on port 'kernel8/array_440' to 'ap_ovld'.
INFO: [RTGEN 206-500] Setting interface mode on port 'kernel8/array_441' to 'ap_ovld'.
INFO: [RTGEN 206-500] Setting interface mode on port 'kernel8/array_442' to 'ap_ovld'.
INFO: [RTGEN 206-500] Setting interface mode on port 'kernel8/array_443' to 'ap_ovld'.
INFO: [RTGEN 206-500] Setting interface mode on port 'kernel8/array_444' to 'ap_ovld'.
INFO: [RTGEN 206-500] Setting interface mode on port 'kernel8/array_445' to 'ap_ovld'.
INFO: [RTGEN 206-500] Setting interface mode on port 'kernel8/array_446' to 'ap_ovld'.
INFO: [RTGEN 206-500] Setting interface mode on port 'kernel8/array_447' to 'ap_ovld'.
INFO: [RTGEN 206-500] Setting interface mode on port 'kernel8/array_448' to 'ap_ovld'.
INFO: [RTGEN 206-500] Setting interface mode on port 'kernel8/array_449' to 'ap_ovld'.
INFO: [RTGEN 206-500] Setting interface mode on port 'kernel8/array_450' to 'ap_ovld'.
INFO: [RTGEN 206-500] Setting interface mode on port 'kernel8/array_451' to 'ap_ovld'.
INFO: [RTGEN 206-500] Setting interface mode on port 'kernel8/array_452' to 'ap_ovld'.
INFO: [RTGEN 206-500] Setting interface mode on port 'kernel8/array_453' to 'ap_ovld'.
INFO: [RTGEN 206-500] Setting interface mode on port 'kernel8/array_454' to 'ap_ovld'.
INFO: [RTGEN 206-500] Setting interface mode on port 'kernel8/array_455' to 'ap_ovld'.
INFO: [RTGEN 206-500] Setting interface mode on port 'kernel8/array_456' to 'ap_ovld'.
INFO: [RTGEN 206-500] Setting interface mode on port 'kernel8/array_457' to 'ap_ovld'.
INFO: [RTGEN 206-500] Setting interface mode on port 'kernel8/array_458' to 'ap_ovld'.
INFO: [RTGEN 206-500] Setting interface mode on port 'kernel8/array_459' to 'ap_ovld'.
INFO: [RTGEN 206-500] Setting interface mode on port 'kernel8/array_460' to 'ap_ovld'.
INFO: [RTGEN 206-500] Setting interface mode on port 'kernel8/array_461' to 'ap_ovld'.
INFO: [RTGEN 206-500] Setting interface mode on port 'kernel8/array_462' to 'ap_ovld'.
INFO: [RTGEN 206-500] Setting interface mode on port 'kernel8/array_463' to 'ap_ovld'.
INFO: [RTGEN 206-500] Setting interface mode on port 'kernel8/array_464' to 'ap_ovld'.
INFO: [RTGEN 206-500] Setting interface mode on port 'kernel8/array_465' to 'ap_ovld'.
INFO: [RTGEN 206-500] Setting interface mode on port 'kernel8/array_466' to 'ap_ovld'.
INFO: [RTGEN 206-500] Setting interface mode on port 'kernel8/array_467' to 'ap_ovld'.
INFO: [RTGEN 206-500] Setting interface mode on port 'kernel8/array_468' to 'ap_ovld'.
INFO: [RTGEN 206-500] Setting interface mode on port 'kernel8/array_469' to 'ap_ovld'.
INFO: [RTGEN 206-500] Setting interface mode on port 'kernel8/array_470' to 'ap_ovld'.
INFO: [RTGEN 206-500] Setting interface mode on port 'kernel8/array_471' to 'ap_ovld'.
INFO: [RTGEN 206-500] Setting interface mode on port 'kernel8/array_472' to 'ap_ovld'.
INFO: [RTGEN 206-500] Setting interface mode on port 'kernel8/array_473' to 'ap_ovld'.
INFO: [RTGEN 206-500] Setting interface mode on port 'kernel8/array_474' to 'ap_ovld'.
INFO: [RTGEN 206-500] Setting interface mode on port 'kernel8/array_475' to 'ap_ovld'.
INFO: [RTGEN 206-500] Setting interface mode on port 'kernel8/array_476' to 'ap_ovld'.
INFO: [RTGEN 206-500] Setting interface mode on port 'kernel8/array_477' to 'ap_ovld'.
INFO: [RTGEN 206-500] Setting interface mode on port 'kernel8/array_478' to 'ap_ovld'.
INFO: [RTGEN 206-500] Setting interface mode on port 'kernel8/array_479' to 'ap_ovld'.
INFO: [RTGEN 206-500] Setting interface mode on port 'kernel8/array_480' to 'ap_ovld'.
INFO: [RTGEN 206-500] Setting interface mode on port 'kernel8/array_481' to 'ap_ovld'.
INFO: [RTGEN 206-500] Setting interface mode on port 'kernel8/array_482' to 'ap_ovld'.
INFO: [RTGEN 206-500] Setting interface mode on port 'kernel8/array_483' to 'ap_ovld'.
INFO: [RTGEN 206-500] Setting interface mode on port 'kernel8/array_484' to 'ap_ovld'.
INFO: [RTGEN 206-500] Setting interface mode on port 'kernel8/array_485' to 'ap_ovld'.
INFO: [RTGEN 206-500] Setting interface mode on port 'kernel8/array_486' to 'ap_ovld'.
INFO: [RTGEN 206-500] Setting interface mode on port 'kernel8/array_487' to 'ap_ovld'.
INFO: [RTGEN 206-500] Setting interface mode on port 'kernel8/array_488' to 'ap_ovld'.
INFO: [RTGEN 206-500] Setting interface mode on port 'kernel8/array_489' to 'ap_ovld'.
INFO: [RTGEN 206-500] Setting interface mode on port 'kernel8/array_490' to 'ap_ovld'.
INFO: [RTGEN 206-500] Setting interface mode on port 'kernel8/array_491' to 'ap_ovld'.
INFO: [RTGEN 206-500] Setting interface mode on port 'kernel8/array_492' to 'ap_ovld'.
INFO: [RTGEN 206-500] Setting interface mode on port 'kernel8/array_493' to 'ap_ovld'.
INFO: [RTGEN 206-500] Setting interface mode on port 'kernel8/array_494' to 'ap_ovld'.
INFO: [RTGEN 206-500] Setting interface mode on port 'kernel8/array_495' to 'ap_ovld'.
INFO: [RTGEN 206-500] Setting interface mode on port 'kernel8/array_496' to 'ap_ovld'.
INFO: [RTGEN 206-500] Setting interface mode on port 'kernel8/array_497' to 'ap_ovld'.
INFO: [RTGEN 206-500] Setting interface mode on port 'kernel8/array_498' to 'ap_ovld'.
INFO: [RTGEN 206-500] Setting interface mode on port 'kernel8/array_499' to 'ap_ovld'.
INFO: [RTGEN 206-500] Setting interface mode on port 'kernel8/array_500' to 'ap_ovld'.
INFO: [RTGEN 206-500] Setting interface mode on port 'kernel8/array_501' to 'ap_ovld'.
INFO: [RTGEN 206-500] Setting interface mode on port 'kernel8/array_502' to 'ap_ovld'.
INFO: [RTGEN 206-500] Setting interface mode on port 'kernel8/array_503' to 'ap_ovld'.
INFO: [RTGEN 206-500] Setting interface mode on port 'kernel8/array_504' to 'ap_ovld'.
INFO: [RTGEN 206-500] Setting interface mode on port 'kernel8/array_505' to 'ap_ovld'.
INFO: [RTGEN 206-500] Setting interface mode on port 'kernel8/array_506' to 'ap_ovld'.
INFO: [RTGEN 206-500] Setting interface mode on port 'kernel8/array_507' to 'ap_ovld'.
INFO: [RTGEN 206-500] Setting interface mode on port 'kernel8/array_508' to 'ap_ovld'.
INFO: [RTGEN 206-500] Setting interface mode on port 'kernel8/array_509' to 'ap_ovld'.
INFO: [RTGEN 206-500] Setting interface mode on port 'kernel8/array_510' to 'ap_ovld'.
INFO: [RTGEN 206-500] Setting interface mode on port 'kernel8/array_511' to 'ap_ovld'.
INFO: [RTGEN 206-500] Setting interface mode on port 'kernel8/array_512' to 'ap_ovld'.
INFO: [RTGEN 206-500] Setting interface mode on port 'kernel8/array_513' to 'ap_ovld'.
INFO: [RTGEN 206-500] Setting interface mode on port 'kernel8/array_514' to 'ap_ovld'.
INFO: [RTGEN 206-500] Setting interface mode on port 'kernel8/array_515' to 'ap_ovld'.
INFO: [RTGEN 206-500] Setting interface mode on port 'kernel8/array_516' to 'ap_ovld'.
INFO: [RTGEN 206-500] Setting interface mode on port 'kernel8/array_517' to 'ap_ovld'.
INFO: [RTGEN 206-500] Setting interface mode on port 'kernel8/array_518' to 'ap_ovld'.
INFO: [RTGEN 206-500] Setting interface mode on port 'kernel8/array_519' to 'ap_ovld'.
INFO: [RTGEN 206-500] Setting interface mode on port 'kernel8/array_520' to 'ap_ovld'.
INFO: [RTGEN 206-500] Setting interface mode on port 'kernel8/array_521' to 'ap_ovld'.
INFO: [RTGEN 206-500] Setting interface mode on port 'kernel8/array_522' to 'ap_ovld'.
INFO: [RTGEN 206-500] Setting interface mode on port 'kernel8/array_523' to 'ap_ovld'.
INFO: [RTGEN 206-500] Setting interface mode on port 'kernel8/array_524' to 'ap_ovld'.
INFO: [RTGEN 206-500] Setting interface mode on port 'kernel8/array_525' to 'ap_ovld'.
INFO: [RTGEN 206-500] Setting interface mode on port 'kernel8/array_526' to 'ap_ovld'.
INFO: [RTGEN 206-500] Setting interface mode on port 'kernel8/array_527' to 'ap_ovld'.
INFO: [RTGEN 206-500] Setting interface mode on port 'kernel8/array_528' to 'ap_ovld'.
INFO: [RTGEN 206-500] Setting interface mode on port 'kernel8/array_529' to 'ap_ovld'.
INFO: [RTGEN 206-500] Setting interface mode on port 'kernel8/array_530' to 'ap_ovld'.
INFO: [RTGEN 206-500] Setting interface mode on port 'kernel8/array_531' to 'ap_ovld'.
INFO: [RTGEN 206-500] Setting interface mode on port 'kernel8/array_532' to 'ap_ovld'.
INFO: [RTGEN 206-500] Setting interface mode on port 'kernel8/array_533' to 'ap_ovld'.
INFO: [RTGEN 206-500] Setting interface mode on port 'kernel8/array_534' to 'ap_ovld'.
INFO: [RTGEN 206-500] Setting interface mode on port 'kernel8/array_535' to 'ap_ovld'.
INFO: [RTGEN 206-500] Setting interface mode on port 'kernel8/array_536' to 'ap_ovld'.
INFO: [RTGEN 206-500] Setting interface mode on port 'kernel8/array_537' to 'ap_ovld'.
INFO: [RTGEN 206-500] Setting interface mode on port 'kernel8/array_538' to 'ap_ovld'.
INFO: [RTGEN 206-500] Setting interface mode on port 'kernel8/array_539' to 'ap_ovld'.
INFO: [RTGEN 206-500] Setting interface mode on port 'kernel8/array_540' to 'ap_ovld'.
INFO: [RTGEN 206-500] Setting interface mode on port 'kernel8/array_541' to 'ap_ovld'.
INFO: [RTGEN 206-500] Setting interface mode on port 'kernel8/array_542' to 'ap_ovld'.
INFO: [RTGEN 206-500] Setting interface mode on port 'kernel8/array_543' to 'ap_ovld'.
INFO: [RTGEN 206-500] Setting interface mode on port 'kernel8/array_544' to 'ap_ovld'.
INFO: [RTGEN 206-500] Setting interface mode on port 'kernel8/array_545' to 'ap_ovld'.
INFO: [RTGEN 206-500] Setting interface mode on port 'kernel8/array_546' to 'ap_ovld'.
INFO: [RTGEN 206-500] Setting interface mode on port 'kernel8/array_547' to 'ap_ovld'.
INFO: [RTGEN 206-500] Setting interface mode on port 'kernel8/array_548' to 'ap_ovld'.
INFO: [RTGEN 206-500] Setting interface mode on port 'kernel8/array_549' to 'ap_ovld'.
INFO: [RTGEN 206-500] Setting interface mode on port 'kernel8/array_550' to 'ap_ovld'.
INFO: [RTGEN 206-500] Setting interface mode on port 'kernel8/array_551' to 'ap_ovld'.
INFO: [RTGEN 206-500] Setting interface mode on port 'kernel8/array_552' to 'ap_ovld'.
INFO: [RTGEN 206-500] Setting interface mode on port 'kernel8/array_553' to 'ap_ovld'.
INFO: [RTGEN 206-500] Setting interface mode on port 'kernel8/array_554' to 'ap_ovld'.
INFO: [RTGEN 206-500] Setting interface mode on port 'kernel8/array_555' to 'ap_ovld'.
INFO: [RTGEN 206-500] Setting interface mode on port 'kernel8/array_556' to 'ap_ovld'.
INFO: [RTGEN 206-500] Setting interface mode on port 'kernel8/array_557' to 'ap_ovld'.
INFO: [RTGEN 206-500] Setting interface mode on port 'kernel8/array_558' to 'ap_ovld'.
INFO: [RTGEN 206-500] Setting interface mode on port 'kernel8/array_559' to 'ap_ovld'.
INFO: [RTGEN 206-500] Setting interface mode on port 'kernel8/array_560' to 'ap_ovld'.
INFO: [RTGEN 206-500] Setting interface mode on port 'kernel8/array_561' to 'ap_ovld'.
INFO: [RTGEN 206-500] Setting interface mode on port 'kernel8/array_562' to 'ap_ovld'.
INFO: [RTGEN 206-500] Setting interface mode on port 'kernel8/array_563' to 'ap_ovld'.
INFO: [RTGEN 206-500] Setting interface mode on port 'kernel8/array_564' to 'ap_ovld'.
INFO: [RTGEN 206-500] Setting interface mode on port 'kernel8/array_565' to 'ap_ovld'.
INFO: [RTGEN 206-500] Setting interface mode on port 'kernel8/array_566' to 'ap_ovld'.
INFO: [RTGEN 206-500] Setting interface mode on port 'kernel8/array_567' to 'ap_ovld'.
INFO: [RTGEN 206-500] Setting interface mode on port 'kernel8/array_568' to 'ap_ovld'.
INFO: [RTGEN 206-500] Setting interface mode on port 'kernel8/array_569' to 'ap_ovld'.
INFO: [RTGEN 206-500] Setting interface mode on port 'kernel8/array_570' to 'ap_ovld'.
INFO: [RTGEN 206-500] Setting interface mode on port 'kernel8/array_571' to 'ap_ovld'.
INFO: [RTGEN 206-500] Setting interface mode on port 'kernel8/array_572' to 'ap_ovld'.
INFO: [RTGEN 206-500] Setting interface mode on port 'kernel8/array_573' to 'ap_ovld'.
INFO: [RTGEN 206-500] Setting interface mode on port 'kernel8/array_574' to 'ap_ovld'.
INFO: [RTGEN 206-500] Setting interface mode on port 'kernel8/array_575' to 'ap_ovld'.
INFO: [RTGEN 206-500] Setting interface mode on port 'kernel8/array_576' to 'ap_ovld'.
INFO: [RTGEN 206-500] Setting interface mode on port 'kernel8/array_577' to 'ap_ovld'.
INFO: [RTGEN 206-500] Setting interface mode on port 'kernel8/array_578' to 'ap_ovld'.
INFO: [RTGEN 206-500] Setting interface mode on port 'kernel8/array_579' to 'ap_ovld'.
INFO: [RTGEN 206-500] Setting interface mode on port 'kernel8/array_580' to 'ap_ovld'.
INFO: [RTGEN 206-500] Setting interface mode on port 'kernel8/array_581' to 'ap_ovld'.
INFO: [RTGEN 206-500] Setting interface mode on port 'kernel8/array_582' to 'ap_ovld'.
INFO: [RTGEN 206-500] Setting interface mode on port 'kernel8/array_583' to 'ap_ovld'.
INFO: [RTGEN 206-500] Setting interface mode on port 'kernel8/array_584' to 'ap_ovld'.
INFO: [RTGEN 206-500] Setting interface mode on port 'kernel8/array_585' to 'ap_ovld'.
INFO: [RTGEN 206-500] Setting interface mode on port 'kernel8/array_586' to 'ap_ovld'.
INFO: [RTGEN 206-500] Setting interface mode on port 'kernel8/array_587' to 'ap_ovld'.
INFO: [RTGEN 206-500] Setting interface mode on port 'kernel8/array_588' to 'ap_ovld'.
INFO: [RTGEN 206-500] Setting interface mode on port 'kernel8/array_589' to 'ap_ovld'.
INFO: [RTGEN 206-500] Setting interface mode on port 'kernel8/array_590' to 'ap_ovld'.
INFO: [RTGEN 206-500] Setting interface mode on port 'kernel8/array_591' to 'ap_ovld'.
INFO: [RTGEN 206-500] Setting interface mode on port 'kernel8/array_592' to 'ap_ovld'.
INFO: [RTGEN 206-500] Setting interface mode on port 'kernel8/array_593' to 'ap_ovld'.
INFO: [RTGEN 206-500] Setting interface mode on port 'kernel8/array_594' to 'ap_ovld'.
INFO: [RTGEN 206-500] Setting interface mode on port 'kernel8/array_595' to 'ap_ovld'.
INFO: [RTGEN 206-500] Setting interface mode on port 'kernel8/array_596' to 'ap_ovld'.
INFO: [RTGEN 206-500] Setting interface mode on port 'kernel8/array_597' to 'ap_ovld'.
INFO: [RTGEN 206-500] Setting interface mode on port 'kernel8/array_598' to 'ap_ovld'.
INFO: [RTGEN 206-500] Setting interface mode on port 'kernel8/array_599' to 'ap_ovld'.
INFO: [RTGEN 206-500] Setting interface mode on port 'kernel8/array_600' to 'ap_ovld'.
INFO: [RTGEN 206-500] Setting interface mode on port 'kernel8/array_601' to 'ap_ovld'.
INFO: [RTGEN 206-500] Setting interface mode on port 'kernel8/array_602' to 'ap_ovld'.
INFO: [RTGEN 206-500] Setting interface mode on port 'kernel8/array_603' to 'ap_ovld'.
INFO: [RTGEN 206-500] Setting interface mode on port 'kernel8/array_604' to 'ap_ovld'.
INFO: [RTGEN 206-500] Setting interface mode on port 'kernel8/array_605' to 'ap_ovld'.
INFO: [RTGEN 206-500] Setting interface mode on port 'kernel8/array_606' to 'ap_ovld'.
INFO: [RTGEN 206-500] Setting interface mode on port 'kernel8/array_607' to 'ap_ovld'.
INFO: [RTGEN 206-500] Setting interface mode on port 'kernel8/array_608' to 'ap_ovld'.
INFO: [RTGEN 206-500] Setting interface mode on port 'kernel8/array_609' to 'ap_ovld'.
INFO: [RTGEN 206-500] Setting interface mode on port 'kernel8/array_610' to 'ap_ovld'.
INFO: [RTGEN 206-500] Setting interface mode on port 'kernel8/array_611' to 'ap_ovld'.
INFO: [RTGEN 206-500] Setting interface mode on port 'kernel8/array_612' to 'ap_ovld'.
INFO: [RTGEN 206-500] Setting interface mode on port 'kernel8/array_613' to 'ap_ovld'.
INFO: [RTGEN 206-500] Setting interface mode on port 'kernel8/array_614' to 'ap_ovld'.
INFO: [RTGEN 206-500] Setting interface mode on port 'kernel8/array_615' to 'ap_ovld'.
INFO: [RTGEN 206-500] Setting interface mode on port 'kernel8/array_616' to 'ap_ovld'.
INFO: [RTGEN 206-500] Setting interface mode on port 'kernel8/array_617' to 'ap_ovld'.
INFO: [RTGEN 206-500] Setting interface mode on port 'kernel8/array_618' to 'ap_ovld'.
INFO: [RTGEN 206-500] Setting interface mode on port 'kernel8/array_619' to 'ap_ovld'.
INFO: [RTGEN 206-500] Setting interface mode on port 'kernel8/array_620' to 'ap_ovld'.
INFO: [RTGEN 206-500] Setting interface mode on port 'kernel8/array_621' to 'ap_ovld'.
INFO: [RTGEN 206-500] Setting interface mode on port 'kernel8/array_622' to 'ap_ovld'.
INFO: [RTGEN 206-500] Setting interface mode on port 'kernel8/array_623' to 'ap_ovld'.
INFO: [RTGEN 206-500] Setting interface mode on port 'kernel8/array_624' to 'ap_ovld'.
INFO: [RTGEN 206-500] Setting interface mode on port 'kernel8/array_625' to 'ap_ovld'.
INFO: [RTGEN 206-500] Setting interface mode on port 'kernel8/array_626' to 'ap_ovld'.
INFO: [RTGEN 206-500] Setting interface mode on port 'kernel8/array_627' to 'ap_ovld'.
INFO: [RTGEN 206-500] Setting interface mode on port 'kernel8/array_628' to 'ap_ovld'.
INFO: [RTGEN 206-500] Setting interface mode on port 'kernel8/array_629' to 'ap_ovld'.
INFO: [RTGEN 206-500] Setting interface mode on port 'kernel8/array_630' to 'ap_ovld'.
INFO: [RTGEN 206-500] Setting interface mode on port 'kernel8/array_631' to 'ap_ovld'.
INFO: [RTGEN 206-500] Setting interface mode on port 'kernel8/array_632' to 'ap_ovld'.
INFO: [RTGEN 206-500] Setting interface mode on port 'kernel8/array_633' to 'ap_ovld'.
INFO: [RTGEN 206-500] Setting interface mode on port 'kernel8/array_634' to 'ap_ovld'.
INFO: [RTGEN 206-500] Setting interface mode on port 'kernel8/array_635' to 'ap_ovld'.
INFO: [RTGEN 206-500] Setting interface mode on port 'kernel8/array_636' to 'ap_ovld'.
INFO: [RTGEN 206-500] Setting interface mode on port 'kernel8/array_637' to 'ap_ovld'.
INFO: [RTGEN 206-500] Setting interface mode on port 'kernel8/array_638' to 'ap_ovld'.
INFO: [RTGEN 206-500] Setting interface mode on port 'kernel8/array_639' to 'ap_ovld'.
INFO: [RTGEN 206-500] Setting interface mode on port 'kernel8/array_640' to 'ap_ovld'.
INFO: [RTGEN 206-500] Setting interface mode on port 'kernel8/array_641' to 'ap_ovld'.
INFO: [RTGEN 206-500] Setting interface mode on port 'kernel8/array_642' to 'ap_ovld'.
INFO: [RTGEN 206-500] Setting interface mode on port 'kernel8/array_643' to 'ap_ovld'.
INFO: [RTGEN 206-500] Setting interface mode on port 'kernel8/array_644' to 'ap_ovld'.
INFO: [RTGEN 206-500] Setting interface mode on port 'kernel8/array_645' to 'ap_ovld'.
INFO: [RTGEN 206-500] Setting interface mode on port 'kernel8/array_646' to 'ap_ovld'.
INFO: [RTGEN 206-500] Setting interface mode on port 'kernel8/array_647' to 'ap_ovld'.
INFO: [RTGEN 206-500] Setting interface mode on port 'kernel8/array_648' to 'ap_ovld'.
INFO: [RTGEN 206-500] Setting interface mode on port 'kernel8/array_649' to 'ap_ovld'.
INFO: [RTGEN 206-500] Setting interface mode on port 'kernel8/array_650' to 'ap_ovld'.
INFO: [RTGEN 206-500] Setting interface mode on port 'kernel8/array_651' to 'ap_ovld'.
INFO: [RTGEN 206-500] Setting interface mode on port 'kernel8/array_652' to 'ap_ovld'.
INFO: [RTGEN 206-500] Setting interface mode on port 'kernel8/array_653' to 'ap_ovld'.
INFO: [RTGEN 206-500] Setting interface mode on port 'kernel8/array_654' to 'ap_ovld'.
INFO: [RTGEN 206-500] Setting interface mode on port 'kernel8/array_655' to 'ap_ovld'.
INFO: [RTGEN 206-500] Setting interface mode on port 'kernel8/array_656' to 'ap_ovld'.
INFO: [RTGEN 206-500] Setting interface mode on port 'kernel8/array_657' to 'ap_ovld'.
INFO: [RTGEN 206-500] Setting interface mode on port 'kernel8/array_658' to 'ap_ovld'.
INFO: [RTGEN 206-500] Setting interface mode on port 'kernel8/array_659' to 'ap_ovld'.
INFO: [RTGEN 206-500] Setting interface mode on port 'kernel8/array_660' to 'ap_ovld'.
INFO: [RTGEN 206-500] Setting interface mode on port 'kernel8/array_661' to 'ap_ovld'.
INFO: [RTGEN 206-500] Setting interface mode on port 'kernel8/array_662' to 'ap_ovld'.
INFO: [RTGEN 206-500] Setting interface mode on port 'kernel8/array_663' to 'ap_ovld'.
INFO: [RTGEN 206-500] Setting interface mode on port 'kernel8/array_664' to 'ap_ovld'.
INFO: [RTGEN 206-500] Setting interface mode on port 'kernel8/array_665' to 'ap_ovld'.
INFO: [RTGEN 206-500] Setting interface mode on port 'kernel8/array_666' to 'ap_ovld'.
INFO: [RTGEN 206-500] Setting interface mode on port 'kernel8/array_667' to 'ap_ovld'.
INFO: [RTGEN 206-500] Setting interface mode on port 'kernel8/array_668' to 'ap_ovld'.
INFO: [RTGEN 206-500] Setting interface mode on port 'kernel8/array_669' to 'ap_ovld'.
INFO: [RTGEN 206-500] Setting interface mode on port 'kernel8/array_670' to 'ap_ovld'.
INFO: [RTGEN 206-500] Setting interface mode on port 'kernel8/array_671' to 'ap_ovld'.
INFO: [RTGEN 206-500] Setting interface mode on port 'kernel8/array_672' to 'ap_ovld'.
INFO: [RTGEN 206-500] Setting interface mode on port 'kernel8/array_673' to 'ap_ovld'.
INFO: [RTGEN 206-500] Setting interface mode on port 'kernel8/array_674' to 'ap_ovld'.
INFO: [RTGEN 206-500] Setting interface mode on port 'kernel8/array_675' to 'ap_ovld'.
INFO: [RTGEN 206-500] Setting interface mode on port 'kernel8/array_676' to 'ap_ovld'.
INFO: [RTGEN 206-500] Setting interface mode on port 'kernel8/array_677' to 'ap_ovld'.
INFO: [RTGEN 206-500] Setting interface mode on port 'kernel8/array_678' to 'ap_ovld'.
INFO: [RTGEN 206-500] Setting interface mode on port 'kernel8/array_679' to 'ap_ovld'.
INFO: [RTGEN 206-500] Setting interface mode on port 'kernel8/array_680' to 'ap_ovld'.
INFO: [RTGEN 206-500] Setting interface mode on port 'kernel8/array_681' to 'ap_ovld'.
INFO: [RTGEN 206-500] Setting interface mode on port 'kernel8/array_682' to 'ap_ovld'.
INFO: [RTGEN 206-500] Setting interface mode on port 'kernel8/array_683' to 'ap_ovld'.
INFO: [RTGEN 206-500] Setting interface mode on port 'kernel8/array_684' to 'ap_ovld'.
INFO: [RTGEN 206-500] Setting interface mode on port 'kernel8/array_685' to 'ap_ovld'.
INFO: [RTGEN 206-500] Setting interface mode on port 'kernel8/array_686' to 'ap_ovld'.
INFO: [RTGEN 206-500] Setting interface mode on port 'kernel8/array_687' to 'ap_ovld'.
INFO: [RTGEN 206-500] Setting interface mode on port 'kernel8/array_688' to 'ap_ovld'.
INFO: [RTGEN 206-500] Setting interface mode on port 'kernel8/array_689' to 'ap_ovld'.
INFO: [RTGEN 206-500] Setting interface mode on port 'kernel8/array_690' to 'ap_ovld'.
INFO: [RTGEN 206-500] Setting interface mode on port 'kernel8/array_691' to 'ap_ovld'.
INFO: [RTGEN 206-500] Setting interface mode on port 'kernel8/array_692' to 'ap_ovld'.
INFO: [RTGEN 206-500] Setting interface mode on port 'kernel8/array_693' to 'ap_ovld'.
INFO: [RTGEN 206-500] Setting interface mode on port 'kernel8/array_694' to 'ap_ovld'.
INFO: [RTGEN 206-500] Setting interface mode on port 'kernel8/array_695' to 'ap_ovld'.
INFO: [RTGEN 206-500] Setting interface mode on port 'kernel8/array_696' to 'ap_ovld'.
INFO: [RTGEN 206-500] Setting interface mode on port 'kernel8/array_697' to 'ap_ovld'.
INFO: [RTGEN 206-500] Setting interface mode on port 'kernel8/array_698' to 'ap_ovld'.
INFO: [RTGEN 206-500] Setting interface mode on port 'kernel8/array_699' to 'ap_ovld'.
INFO: [RTGEN 206-500] Setting interface mode on port 'kernel8/array_700' to 'ap_ovld'.
INFO: [RTGEN 206-500] Setting interface mode on port 'kernel8/array_701' to 'ap_ovld'.
INFO: [RTGEN 206-500] Setting interface mode on port 'kernel8/array_702' to 'ap_ovld'.
INFO: [RTGEN 206-500] Setting interface mode on port 'kernel8/array_703' to 'ap_ovld'.
INFO: [RTGEN 206-500] Setting interface mode on port 'kernel8/array_704' to 'ap_ovld'.
INFO: [RTGEN 206-500] Setting interface mode on port 'kernel8/array_705' to 'ap_ovld'.
INFO: [RTGEN 206-500] Setting interface mode on port 'kernel8/array_706' to 'ap_ovld'.
INFO: [RTGEN 206-500] Setting interface mode on port 'kernel8/array_707' to 'ap_ovld'.
INFO: [RTGEN 206-500] Setting interface mode on port 'kernel8/array_708' to 'ap_ovld'.
INFO: [RTGEN 206-500] Setting interface mode on port 'kernel8/array_709' to 'ap_ovld'.
INFO: [RTGEN 206-500] Setting interface mode on port 'kernel8/array_710' to 'ap_ovld'.
INFO: [RTGEN 206-500] Setting interface mode on port 'kernel8/array_711' to 'ap_ovld'.
INFO: [RTGEN 206-500] Setting interface mode on port 'kernel8/array_712' to 'ap_ovld'.
INFO: [RTGEN 206-500] Setting interface mode on port 'kernel8/array_713' to 'ap_ovld'.
INFO: [RTGEN 206-500] Setting interface mode on port 'kernel8/array_714' to 'ap_ovld'.
INFO: [RTGEN 206-500] Setting interface mode on port 'kernel8/array_715' to 'ap_ovld'.
INFO: [RTGEN 206-500] Setting interface mode on port 'kernel8/array_716' to 'ap_ovld'.
INFO: [RTGEN 206-500] Setting interface mode on port 'kernel8/array_717' to 'ap_ovld'.
INFO: [RTGEN 206-500] Setting interface mode on port 'kernel8/array_718' to 'ap_ovld'.
INFO: [RTGEN 206-500] Setting interface mode on port 'kernel8/array_719' to 'ap_ovld'.
INFO: [RTGEN 206-500] Setting interface mode on port 'kernel8/array_720' to 'ap_ovld'.
INFO: [RTGEN 206-500] Setting interface mode on port 'kernel8/array_721' to 'ap_ovld'.
INFO: [RTGEN 206-500] Setting interface mode on port 'kernel8/array_722' to 'ap_ovld'.
INFO: [RTGEN 206-500] Setting interface mode on port 'kernel8/array_723' to 'ap_ovld'.
INFO: [RTGEN 206-500] Setting interface mode on port 'kernel8/array_724' to 'ap_ovld'.
INFO: [RTGEN 206-500] Setting interface mode on port 'kernel8/array_725' to 'ap_ovld'.
INFO: [RTGEN 206-500] Setting interface mode on port 'kernel8/array_726' to 'ap_ovld'.
INFO: [RTGEN 206-500] Setting interface mode on port 'kernel8/array_727' to 'ap_ovld'.
INFO: [RTGEN 206-500] Setting interface mode on port 'kernel8/array_728' to 'ap_ovld'.
INFO: [RTGEN 206-500] Setting interface mode on port 'kernel8/array_729' to 'ap_ovld'.
INFO: [RTGEN 206-500] Setting interface mode on port 'kernel8/array_730' to 'ap_ovld'.
INFO: [RTGEN 206-500] Setting interface mode on port 'kernel8/array_731' to 'ap_ovld'.
INFO: [RTGEN 206-500] Setting interface mode on port 'kernel8/array_732' to 'ap_ovld'.
INFO: [RTGEN 206-500] Setting interface mode on port 'kernel8/array_733' to 'ap_ovld'.
INFO: [RTGEN 206-500] Setting interface mode on port 'kernel8/array_734' to 'ap_ovld'.
INFO: [RTGEN 206-500] Setting interface mode on port 'kernel8/array_735' to 'ap_ovld'.
INFO: [RTGEN 206-500] Setting interface mode on port 'kernel8/array_736' to 'ap_ovld'.
INFO: [RTGEN 206-500] Setting interface mode on port 'kernel8/array_737' to 'ap_ovld'.
INFO: [RTGEN 206-500] Setting interface mode on port 'kernel8/array_738' to 'ap_ovld'.
INFO: [RTGEN 206-500] Setting interface mode on port 'kernel8/array_739' to 'ap_ovld'.
INFO: [RTGEN 206-500] Setting interface mode on port 'kernel8/array_740' to 'ap_ovld'.
INFO: [RTGEN 206-500] Setting interface mode on port 'kernel8/array_741' to 'ap_ovld'.
INFO: [RTGEN 206-500] Setting interface mode on port 'kernel8/array_742' to 'ap_ovld'.
INFO: [RTGEN 206-500] Setting interface mode on port 'kernel8/array_743' to 'ap_ovld'.
INFO: [RTGEN 206-500] Setting interface mode on port 'kernel8/array_744' to 'ap_ovld'.
INFO: [RTGEN 206-500] Setting interface mode on port 'kernel8/array_745' to 'ap_ovld'.
INFO: [RTGEN 206-500] Setting interface mode on port 'kernel8/array_746' to 'ap_ovld'.
INFO: [RTGEN 206-500] Setting interface mode on port 'kernel8/array_747' to 'ap_ovld'.
INFO: [RTGEN 206-500] Setting interface mode on port 'kernel8/array_748' to 'ap_ovld'.
INFO: [RTGEN 206-500] Setting interface mode on port 'kernel8/array_749' to 'ap_ovld'.
INFO: [RTGEN 206-500] Setting interface mode on port 'kernel8/array_750' to 'ap_ovld'.
INFO: [RTGEN 206-500] Setting interface mode on port 'kernel8/array_751' to 'ap_ovld'.
INFO: [RTGEN 206-500] Setting interface mode on port 'kernel8/array_752' to 'ap_ovld'.
INFO: [RTGEN 206-500] Setting interface mode on port 'kernel8/array_753' to 'ap_ovld'.
INFO: [RTGEN 206-500] Setting interface mode on port 'kernel8/array_754' to 'ap_ovld'.
INFO: [RTGEN 206-500] Setting interface mode on port 'kernel8/array_755' to 'ap_ovld'.
INFO: [RTGEN 206-500] Setting interface mode on port 'kernel8/array_756' to 'ap_ovld'.
INFO: [RTGEN 206-500] Setting interface mode on port 'kernel8/array_757' to 'ap_ovld'.
INFO: [RTGEN 206-500] Setting interface mode on port 'kernel8/array_758' to 'ap_ovld'.
INFO: [RTGEN 206-500] Setting interface mode on port 'kernel8/array_759' to 'ap_ovld'.
INFO: [RTGEN 206-500] Setting interface mode on port 'kernel8/array_760' to 'ap_ovld'.
INFO: [RTGEN 206-500] Setting interface mode on port 'kernel8/array_761' to 'ap_ovld'.
INFO: [RTGEN 206-500] Setting interface mode on port 'kernel8/array_762' to 'ap_ovld'.
INFO: [RTGEN 206-500] Setting interface mode on port 'kernel8/array_763' to 'ap_ovld'.
INFO: [RTGEN 206-500] Setting interface mode on port 'kernel8/array_764' to 'ap_ovld'.
INFO: [RTGEN 206-500] Setting interface mode on port 'kernel8/array_765' to 'ap_ovld'.
INFO: [RTGEN 206-500] Setting interface mode on port 'kernel8/array_766' to 'ap_ovld'.
INFO: [RTGEN 206-500] Setting interface mode on port 'kernel8/array_767' to 'ap_ovld'.
INFO: [RTGEN 206-500] Setting interface mode on port 'kernel8/array_768' to 'ap_ovld'.
INFO: [RTGEN 206-500] Setting interface mode on port 'kernel8/array_769' to 'ap_ovld'.
INFO: [RTGEN 206-500] Setting interface mode on port 'kernel8/array_770' to 'ap_ovld'.
INFO: [RTGEN 206-500] Setting interface mode on port 'kernel8/array_771' to 'ap_ovld'.
INFO: [RTGEN 206-500] Setting interface mode on port 'kernel8/array_772' to 'ap_ovld'.
INFO: [RTGEN 206-500] Setting interface mode on port 'kernel8/array_773' to 'ap_ovld'.
INFO: [RTGEN 206-500] Setting interface mode on port 'kernel8/array_774' to 'ap_ovld'.
INFO: [RTGEN 206-500] Setting interface mode on port 'kernel8/array_775' to 'ap_ovld'.
INFO: [RTGEN 206-500] Setting interface mode on port 'kernel8/array_776' to 'ap_ovld'.
INFO: [RTGEN 206-500] Setting interface mode on port 'kernel8/array_777' to 'ap_ovld'.
INFO: [RTGEN 206-500] Setting interface mode on port 'kernel8/array_778' to 'ap_ovld'.
INFO: [RTGEN 206-500] Setting interface mode on port 'kernel8/array_779' to 'ap_ovld'.
INFO: [RTGEN 206-500] Setting interface mode on port 'kernel8/array_780' to 'ap_ovld'.
INFO: [RTGEN 206-500] Setting interface mode on port 'kernel8/array_781' to 'ap_ovld'.
INFO: [RTGEN 206-500] Setting interface mode on port 'kernel8/array_782' to 'ap_ovld'.
INFO: [RTGEN 206-500] Setting interface mode on port 'kernel8/array_783' to 'ap_ovld'.
INFO: [RTGEN 206-500] Setting interface mode on port 'kernel8/array_784' to 'ap_ovld'.
INFO: [RTGEN 206-500] Setting interface mode on port 'kernel8/array_785' to 'ap_ovld'.
INFO: [RTGEN 206-500] Setting interface mode on port 'kernel8/array_786' to 'ap_ovld'.
INFO: [RTGEN 206-500] Setting interface mode on port 'kernel8/array_787' to 'ap_ovld'.
INFO: [RTGEN 206-500] Setting interface mode on port 'kernel8/array_788' to 'ap_ovld'.
INFO: [RTGEN 206-500] Setting interface mode on port 'kernel8/array_789' to 'ap_ovld'.
INFO: [RTGEN 206-500] Setting interface mode on port 'kernel8/array_790' to 'ap_ovld'.
INFO: [RTGEN 206-500] Setting interface mode on port 'kernel8/array_791' to 'ap_ovld'.
INFO: [RTGEN 206-500] Setting interface mode on port 'kernel8/array_792' to 'ap_ovld'.
INFO: [RTGEN 206-500] Setting interface mode on port 'kernel8/array_793' to 'ap_ovld'.
INFO: [RTGEN 206-500] Setting interface mode on port 'kernel8/array_794' to 'ap_ovld'.
INFO: [RTGEN 206-500] Setting interface mode on port 'kernel8/array_795' to 'ap_ovld'.
INFO: [RTGEN 206-500] Setting interface mode on port 'kernel8/array_796' to 'ap_ovld'.
INFO: [RTGEN 206-500] Setting interface mode on port 'kernel8/array_797' to 'ap_ovld'.
INFO: [RTGEN 206-500] Setting interface mode on port 'kernel8/array_798' to 'ap_ovld'.
INFO: [RTGEN 206-500] Setting interface mode on port 'kernel8/array_799' to 'ap_ovld'.
INFO: [RTGEN 206-500] Setting interface mode on port 'kernel8/array_800' to 'ap_ovld'.
INFO: [RTGEN 206-500] Setting interface mode on port 'kernel8/array_801' to 'ap_ovld'.
INFO: [RTGEN 206-500] Setting interface mode on port 'kernel8/array_802' to 'ap_ovld'.
INFO: [RTGEN 206-500] Setting interface mode on port 'kernel8/array_803' to 'ap_ovld'.
INFO: [RTGEN 206-500] Setting interface mode on port 'kernel8/array_804' to 'ap_ovld'.
INFO: [RTGEN 206-500] Setting interface mode on port 'kernel8/array_805' to 'ap_ovld'.
INFO: [RTGEN 206-500] Setting interface mode on port 'kernel8/array_806' to 'ap_ovld'.
INFO: [RTGEN 206-500] Setting interface mode on port 'kernel8/array_807' to 'ap_ovld'.
INFO: [RTGEN 206-500] Setting interface mode on port 'kernel8/array_808' to 'ap_ovld'.
INFO: [RTGEN 206-500] Setting interface mode on port 'kernel8/array_809' to 'ap_ovld'.
INFO: [RTGEN 206-500] Setting interface mode on port 'kernel8/array_810' to 'ap_ovld'.
INFO: [RTGEN 206-500] Setting interface mode on port 'kernel8/array_811' to 'ap_ovld'.
INFO: [RTGEN 206-500] Setting interface mode on port 'kernel8/array_812' to 'ap_ovld'.
INFO: [RTGEN 206-500] Setting interface mode on port 'kernel8/array_813' to 'ap_ovld'.
INFO: [RTGEN 206-500] Setting interface mode on port 'kernel8/array_814' to 'ap_ovld'.
INFO: [RTGEN 206-500] Setting interface mode on port 'kernel8/array_815' to 'ap_ovld'.
INFO: [RTGEN 206-500] Setting interface mode on port 'kernel8/array_816' to 'ap_ovld'.
INFO: [RTGEN 206-500] Setting interface mode on port 'kernel8/array_817' to 'ap_ovld'.
INFO: [RTGEN 206-500] Setting interface mode on port 'kernel8/array_818' to 'ap_ovld'.
INFO: [RTGEN 206-500] Setting interface mode on port 'kernel8/array_819' to 'ap_ovld'.
INFO: [RTGEN 206-500] Setting interface mode on port 'kernel8/array_820' to 'ap_ovld'.
INFO: [RTGEN 206-500] Setting interface mode on port 'kernel8/array_821' to 'ap_ovld'.
INFO: [RTGEN 206-500] Setting interface mode on port 'kernel8/array_822' to 'ap_ovld'.
INFO: [RTGEN 206-500] Setting interface mode on port 'kernel8/array_823' to 'ap_ovld'.
INFO: [RTGEN 206-500] Setting interface mode on port 'kernel8/array_824' to 'ap_ovld'.
INFO: [RTGEN 206-500] Setting interface mode on port 'kernel8/array_825' to 'ap_ovld'.
INFO: [RTGEN 206-500] Setting interface mode on port 'kernel8/array_826' to 'ap_ovld'.
INFO: [RTGEN 206-500] Setting interface mode on port 'kernel8/array_827' to 'ap_ovld'.
INFO: [RTGEN 206-500] Setting interface mode on port 'kernel8/array_828' to 'ap_ovld'.
INFO: [RTGEN 206-500] Setting interface mode on port 'kernel8/array_829' to 'ap_ovld'.
INFO: [RTGEN 206-500] Setting interface mode on port 'kernel8/array_830' to 'ap_ovld'.
INFO: [RTGEN 206-500] Setting interface mode on port 'kernel8/array_831' to 'ap_ovld'.
INFO: [RTGEN 206-500] Setting interface mode on port 'kernel8/array_832' to 'ap_ovld'.
INFO: [RTGEN 206-500] Setting interface mode on port 'kernel8/array_833' to 'ap_ovld'.
INFO: [RTGEN 206-500] Setting interface mode on port 'kernel8/array_834' to 'ap_ovld'.
INFO: [RTGEN 206-500] Setting interface mode on port 'kernel8/array_835' to 'ap_ovld'.
INFO: [RTGEN 206-500] Setting interface mode on port 'kernel8/array_836' to 'ap_ovld'.
INFO: [RTGEN 206-500] Setting interface mode on port 'kernel8/array_837' to 'ap_ovld'.
INFO: [RTGEN 206-500] Setting interface mode on port 'kernel8/array_838' to 'ap_ovld'.
INFO: [RTGEN 206-500] Setting interface mode on port 'kernel8/array_839' to 'ap_ovld'.
INFO: [RTGEN 206-500] Setting interface mode on port 'kernel8/array_840' to 'ap_ovld'.
INFO: [RTGEN 206-500] Setting interface mode on port 'kernel8/array_841' to 'ap_ovld'.
INFO: [RTGEN 206-500] Setting interface mode on port 'kernel8/array_842' to 'ap_ovld'.
INFO: [RTGEN 206-500] Setting interface mode on port 'kernel8/array_843' to 'ap_ovld'.
INFO: [RTGEN 206-500] Setting interface mode on port 'kernel8/array_844' to 'ap_ovld'.
INFO: [RTGEN 206-500] Setting interface mode on port 'kernel8/array_845' to 'ap_ovld'.
INFO: [RTGEN 206-500] Setting interface mode on port 'kernel8/array_846' to 'ap_ovld'.
INFO: [RTGEN 206-500] Setting interface mode on port 'kernel8/array_847' to 'ap_ovld'.
INFO: [RTGEN 206-500] Setting interface mode on port 'kernel8/array_848' to 'ap_ovld'.
INFO: [RTGEN 206-500] Setting interface mode on port 'kernel8/array_849' to 'ap_ovld'.
INFO: [RTGEN 206-500] Setting interface mode on port 'kernel8/array_850' to 'ap_ovld'.
INFO: [RTGEN 206-500] Setting interface mode on port 'kernel8/array_851' to 'ap_ovld'.
INFO: [RTGEN 206-500] Setting interface mode on port 'kernel8/array_852' to 'ap_ovld'.
INFO: [RTGEN 206-500] Setting interface mode on port 'kernel8/array_853' to 'ap_ovld'.
INFO: [RTGEN 206-500] Setting interface mode on port 'kernel8/array_854' to 'ap_ovld'.
INFO: [RTGEN 206-500] Setting interface mode on port 'kernel8/array_855' to 'ap_ovld'.
INFO: [RTGEN 206-500] Setting interface mode on port 'kernel8/array_856' to 'ap_ovld'.
INFO: [RTGEN 206-500] Setting interface mode on port 'kernel8/array_857' to 'ap_ovld'.
INFO: [RTGEN 206-500] Setting interface mode on port 'kernel8/array_858' to 'ap_ovld'.
INFO: [RTGEN 206-500] Setting interface mode on port 'kernel8/array_859' to 'ap_ovld'.
INFO: [RTGEN 206-500] Setting interface mode on port 'kernel8/array_860' to 'ap_ovld'.
INFO: [RTGEN 206-500] Setting interface mode on port 'kernel8/array_861' to 'ap_ovld'.
INFO: [RTGEN 206-500] Setting interface mode on port 'kernel8/array_862' to 'ap_ovld'.
INFO: [RTGEN 206-500] Setting interface mode on port 'kernel8/array_863' to 'ap_ovld'.
INFO: [RTGEN 206-500] Setting interface mode on port 'kernel8/array_864' to 'ap_ovld'.
INFO: [RTGEN 206-500] Setting interface mode on port 'kernel8/array_865' to 'ap_ovld'.
INFO: [RTGEN 206-500] Setting interface mode on port 'kernel8/array_866' to 'ap_ovld'.
INFO: [RTGEN 206-500] Setting interface mode on port 'kernel8/array_867' to 'ap_ovld'.
INFO: [RTGEN 206-500] Setting interface mode on port 'kernel8/array_868' to 'ap_ovld'.
INFO: [RTGEN 206-500] Setting interface mode on port 'kernel8/array_869' to 'ap_ovld'.
INFO: [RTGEN 206-500] Setting interface mode on port 'kernel8/array_870' to 'ap_ovld'.
INFO: [RTGEN 206-500] Setting interface mode on port 'kernel8/array_871' to 'ap_ovld'.
INFO: [RTGEN 206-500] Setting interface mode on port 'kernel8/array_872' to 'ap_ovld'.
INFO: [RTGEN 206-500] Setting interface mode on port 'kernel8/array_873' to 'ap_ovld'.
INFO: [RTGEN 206-500] Setting interface mode on port 'kernel8/array_874' to 'ap_ovld'.
INFO: [RTGEN 206-500] Setting interface mode on port 'kernel8/array_875' to 'ap_ovld'.
INFO: [RTGEN 206-500] Setting interface mode on port 'kernel8/array_876' to 'ap_ovld'.
INFO: [RTGEN 206-500] Setting interface mode on port 'kernel8/array_877' to 'ap_ovld'.
INFO: [RTGEN 206-500] Setting interface mode on port 'kernel8/array_878' to 'ap_ovld'.
INFO: [RTGEN 206-500] Setting interface mode on port 'kernel8/array_879' to 'ap_ovld'.
INFO: [RTGEN 206-500] Setting interface mode on port 'kernel8/array_880' to 'ap_ovld'.
INFO: [RTGEN 206-500] Setting interface mode on port 'kernel8/array_881' to 'ap_ovld'.
INFO: [RTGEN 206-500] Setting interface mode on port 'kernel8/array_882' to 'ap_ovld'.
INFO: [RTGEN 206-500] Setting interface mode on port 'kernel8/array_883' to 'ap_ovld'.
INFO: [RTGEN 206-500] Setting interface mode on port 'kernel8/array_884' to 'ap_ovld'.
INFO: [RTGEN 206-500] Setting interface mode on port 'kernel8/array_885' to 'ap_ovld'.
INFO: [RTGEN 206-500] Setting interface mode on port 'kernel8/array_886' to 'ap_ovld'.
INFO: [RTGEN 206-500] Setting interface mode on port 'kernel8/array_887' to 'ap_ovld'.
INFO: [RTGEN 206-500] Setting interface mode on port 'kernel8/array_888' to 'ap_ovld'.
INFO: [RTGEN 206-500] Setting interface mode on port 'kernel8/array_889' to 'ap_ovld'.
INFO: [RTGEN 206-500] Setting interface mode on port 'kernel8/array_890' to 'ap_ovld'.
INFO: [RTGEN 206-500] Setting interface mode on port 'kernel8/array_891' to 'ap_ovld'.
INFO: [RTGEN 206-500] Setting interface mode on port 'kernel8/array_892' to 'ap_ovld'.
INFO: [RTGEN 206-500] Setting interface mode on port 'kernel8/array_893' to 'ap_ovld'.
INFO: [RTGEN 206-500] Setting interface mode on port 'kernel8/array_894' to 'ap_ovld'.
INFO: [RTGEN 206-500] Setting interface mode on port 'kernel8/array_895' to 'ap_ovld'.
INFO: [RTGEN 206-500] Setting interface mode on port 'kernel8/array_896' to 'ap_ovld'.
INFO: [RTGEN 206-500] Setting interface mode on port 'kernel8/array_897' to 'ap_ovld'.
INFO: [RTGEN 206-500] Setting interface mode on port 'kernel8/array_898' to 'ap_ovld'.
INFO: [RTGEN 206-500] Setting interface mode on port 'kernel8/array_899' to 'ap_ovld'.
INFO: [RTGEN 206-500] Setting interface mode on port 'kernel8/array_900' to 'ap_ovld'.
INFO: [RTGEN 206-500] Setting interface mode on port 'kernel8/array_901' to 'ap_ovld'.
INFO: [RTGEN 206-500] Setting interface mode on port 'kernel8/array_902' to 'ap_ovld'.
INFO: [RTGEN 206-500] Setting interface mode on port 'kernel8/array_903' to 'ap_ovld'.
INFO: [RTGEN 206-500] Setting interface mode on port 'kernel8/array_904' to 'ap_ovld'.
INFO: [RTGEN 206-500] Setting interface mode on port 'kernel8/array_905' to 'ap_ovld'.
INFO: [RTGEN 206-500] Setting interface mode on port 'kernel8/array_906' to 'ap_ovld'.
INFO: [RTGEN 206-500] Setting interface mode on port 'kernel8/array_907' to 'ap_ovld'.
INFO: [RTGEN 206-500] Setting interface mode on port 'kernel8/array_908' to 'ap_ovld'.
INFO: [RTGEN 206-500] Setting interface mode on port 'kernel8/array_909' to 'ap_ovld'.
INFO: [RTGEN 206-500] Setting interface mode on port 'kernel8/array_910' to 'ap_ovld'.
INFO: [RTGEN 206-500] Setting interface mode on port 'kernel8/array_911' to 'ap_ovld'.
INFO: [RTGEN 206-500] Setting interface mode on port 'kernel8/array_912' to 'ap_ovld'.
INFO: [RTGEN 206-500] Setting interface mode on port 'kernel8/array_913' to 'ap_ovld'.
INFO: [RTGEN 206-500] Setting interface mode on port 'kernel8/array_914' to 'ap_ovld'.
INFO: [RTGEN 206-500] Setting interface mode on port 'kernel8/array_915' to 'ap_ovld'.
INFO: [RTGEN 206-500] Setting interface mode on port 'kernel8/array_916' to 'ap_ovld'.
INFO: [RTGEN 206-500] Setting interface mode on port 'kernel8/array_917' to 'ap_ovld'.
INFO: [RTGEN 206-500] Setting interface mode on port 'kernel8/array_918' to 'ap_ovld'.
INFO: [RTGEN 206-500] Setting interface mode on port 'kernel8/array_919' to 'ap_ovld'.
INFO: [RTGEN 206-500] Setting interface mode on port 'kernel8/array_920' to 'ap_ovld'.
INFO: [RTGEN 206-500] Setting interface mode on port 'kernel8/array_921' to 'ap_ovld'.
INFO: [RTGEN 206-500] Setting interface mode on port 'kernel8/array_922' to 'ap_ovld'.
INFO: [RTGEN 206-500] Setting interface mode on port 'kernel8/array_923' to 'ap_ovld'.
INFO: [RTGEN 206-500] Setting interface mode on port 'kernel8/array_924' to 'ap_ovld'.
INFO: [RTGEN 206-500] Setting interface mode on port 'kernel8/array_925' to 'ap_ovld'.
INFO: [RTGEN 206-500] Setting interface mode on port 'kernel8/array_926' to 'ap_ovld'.
INFO: [RTGEN 206-500] Setting interface mode on port 'kernel8/array_927' to 'ap_ovld'.
INFO: [RTGEN 206-500] Setting interface mode on port 'kernel8/array_928' to 'ap_ovld'.
INFO: [RTGEN 206-500] Setting interface mode on port 'kernel8/array_929' to 'ap_ovld'.
INFO: [RTGEN 206-500] Setting interface mode on port 'kernel8/array_930' to 'ap_ovld'.
INFO: [RTGEN 206-500] Setting interface mode on port 'kernel8/array_931' to 'ap_ovld'.
INFO: [RTGEN 206-500] Setting interface mode on port 'kernel8/array_932' to 'ap_ovld'.
INFO: [RTGEN 206-500] Setting interface mode on port 'kernel8/array_933' to 'ap_ovld'.
INFO: [RTGEN 206-500] Setting interface mode on port 'kernel8/array_934' to 'ap_ovld'.
INFO: [RTGEN 206-500] Setting interface mode on port 'kernel8/array_935' to 'ap_ovld'.
INFO: [RTGEN 206-500] Setting interface mode on port 'kernel8/array_936' to 'ap_ovld'.
INFO: [RTGEN 206-500] Setting interface mode on port 'kernel8/array_937' to 'ap_ovld'.
INFO: [RTGEN 206-500] Setting interface mode on port 'kernel8/array_938' to 'ap_ovld'.
INFO: [RTGEN 206-500] Setting interface mode on port 'kernel8/array_939' to 'ap_ovld'.
INFO: [RTGEN 206-500] Setting interface mode on port 'kernel8/array_940' to 'ap_ovld'.
INFO: [RTGEN 206-500] Setting interface mode on port 'kernel8/array_941' to 'ap_ovld'.
INFO: [RTGEN 206-500] Setting interface mode on port 'kernel8/array_942' to 'ap_ovld'.
INFO: [RTGEN 206-500] Setting interface mode on port 'kernel8/array_943' to 'ap_ovld'.
INFO: [RTGEN 206-500] Setting interface mode on port 'kernel8/array_944' to 'ap_ovld'.
INFO: [RTGEN 206-500] Setting interface mode on port 'kernel8/array_945' to 'ap_ovld'.
INFO: [RTGEN 206-500] Setting interface mode on port 'kernel8/array_946' to 'ap_ovld'.
INFO: [RTGEN 206-500] Setting interface mode on port 'kernel8/array_947' to 'ap_ovld'.
INFO: [RTGEN 206-500] Setting interface mode on port 'kernel8/array_948' to 'ap_ovld'.
INFO: [RTGEN 206-500] Setting interface mode on port 'kernel8/array_949' to 'ap_ovld'.
INFO: [RTGEN 206-500] Setting interface mode on port 'kernel8/array_950' to 'ap_ovld'.
INFO: [RTGEN 206-500] Setting interface mode on port 'kernel8/array_951' to 'ap_ovld'.
INFO: [RTGEN 206-500] Setting interface mode on port 'kernel8/array_952' to 'ap_ovld'.
INFO: [RTGEN 206-500] Setting interface mode on port 'kernel8/array_953' to 'ap_ovld'.
INFO: [RTGEN 206-500] Setting interface mode on port 'kernel8/array_954' to 'ap_ovld'.
INFO: [RTGEN 206-500] Setting interface mode on port 'kernel8/array_955' to 'ap_ovld'.
INFO: [RTGEN 206-500] Setting interface mode on port 'kernel8/array_956' to 'ap_ovld'.
INFO: [RTGEN 206-500] Setting interface mode on port 'kernel8/array_957' to 'ap_ovld'.
INFO: [RTGEN 206-500] Setting interface mode on port 'kernel8/array_958' to 'ap_ovld'.
INFO: [RTGEN 206-500] Setting interface mode on port 'kernel8/array_959' to 'ap_ovld'.
INFO: [RTGEN 206-500] Setting interface mode on port 'kernel8/array_960' to 'ap_ovld'.
INFO: [RTGEN 206-500] Setting interface mode on port 'kernel8/array_961' to 'ap_ovld'.
INFO: [RTGEN 206-500] Setting interface mode on port 'kernel8/array_962' to 'ap_ovld'.
INFO: [RTGEN 206-500] Setting interface mode on port 'kernel8/array_963' to 'ap_ovld'.
INFO: [RTGEN 206-500] Setting interface mode on port 'kernel8/array_964' to 'ap_ovld'.
INFO: [RTGEN 206-500] Setting interface mode on port 'kernel8/array_965' to 'ap_ovld'.
INFO: [RTGEN 206-500] Setting interface mode on port 'kernel8/array_966' to 'ap_ovld'.
INFO: [RTGEN 206-500] Setting interface mode on port 'kernel8/array_967' to 'ap_ovld'.
INFO: [RTGEN 206-500] Setting interface mode on port 'kernel8/array_968' to 'ap_ovld'.
INFO: [RTGEN 206-500] Setting interface mode on port 'kernel8/array_969' to 'ap_ovld'.
INFO: [RTGEN 206-500] Setting interface mode on port 'kernel8/array_970' to 'ap_ovld'.
INFO: [RTGEN 206-500] Setting interface mode on port 'kernel8/array_971' to 'ap_ovld'.
INFO: [RTGEN 206-500] Setting interface mode on port 'kernel8/array_972' to 'ap_ovld'.
INFO: [RTGEN 206-500] Setting interface mode on port 'kernel8/array_973' to 'ap_ovld'.
INFO: [RTGEN 206-500] Setting interface mode on port 'kernel8/array_974' to 'ap_ovld'.
INFO: [RTGEN 206-500] Setting interface mode on port 'kernel8/array_975' to 'ap_ovld'.
INFO: [RTGEN 206-500] Setting interface mode on port 'kernel8/array_976' to 'ap_ovld'.
INFO: [RTGEN 206-500] Setting interface mode on port 'kernel8/array_977' to 'ap_ovld'.
INFO: [RTGEN 206-500] Setting interface mode on port 'kernel8/array_978' to 'ap_ovld'.
INFO: [RTGEN 206-500] Setting interface mode on port 'kernel8/array_979' to 'ap_ovld'.
INFO: [RTGEN 206-500] Setting interface mode on port 'kernel8/array_980' to 'ap_ovld'.
INFO: [RTGEN 206-500] Setting interface mode on port 'kernel8/array_981' to 'ap_ovld'.
INFO: [RTGEN 206-500] Setting interface mode on port 'kernel8/array_982' to 'ap_ovld'.
INFO: [RTGEN 206-500] Setting interface mode on port 'kernel8/array_983' to 'ap_ovld'.
INFO: [RTGEN 206-500] Setting interface mode on port 'kernel8/array_984' to 'ap_ovld'.
INFO: [RTGEN 206-500] Setting interface mode on port 'kernel8/array_985' to 'ap_ovld'.
INFO: [RTGEN 206-500] Setting interface mode on port 'kernel8/array_986' to 'ap_ovld'.
INFO: [RTGEN 206-500] Setting interface mode on port 'kernel8/array_987' to 'ap_ovld'.
INFO: [RTGEN 206-500] Setting interface mode on port 'kernel8/array_988' to 'ap_ovld'.
INFO: [RTGEN 206-500] Setting interface mode on port 'kernel8/array_989' to 'ap_ovld'.
INFO: [RTGEN 206-500] Setting interface mode on port 'kernel8/array_990' to 'ap_ovld'.
INFO: [RTGEN 206-500] Setting interface mode on port 'kernel8/array_991' to 'ap_ovld'.
INFO: [RTGEN 206-500] Setting interface mode on port 'kernel8/array_992' to 'ap_ovld'.
INFO: [RTGEN 206-500] Setting interface mode on port 'kernel8/array_993' to 'ap_ovld'.
INFO: [RTGEN 206-500] Setting interface mode on port 'kernel8/array_994' to 'ap_ovld'.
INFO: [RTGEN 206-500] Setting interface mode on port 'kernel8/array_995' to 'ap_ovld'.
INFO: [RTGEN 206-500] Setting interface mode on port 'kernel8/array_996' to 'ap_ovld'.
INFO: [RTGEN 206-500] Setting interface mode on port 'kernel8/array_997' to 'ap_ovld'.
INFO: [RTGEN 206-500] Setting interface mode on port 'kernel8/array_998' to 'ap_ovld'.
INFO: [RTGEN 206-500] Setting interface mode on port 'kernel8/array_999' to 'ap_ovld'.
INFO: [RTGEN 206-500] Setting interface mode on port 'kernel8/array_1000' to 'ap_ovld'.
INFO: [RTGEN 206-500] Setting interface mode on port 'kernel8/array_1001' to 'ap_ovld'.
INFO: [RTGEN 206-500] Setting interface mode on port 'kernel8/array_1002' to 'ap_ovld'.
INFO: [RTGEN 206-500] Setting interface mode on port 'kernel8/array_1003' to 'ap_ovld'.
INFO: [RTGEN 206-500] Setting interface mode on port 'kernel8/array_1004' to 'ap_ovld'.
INFO: [RTGEN 206-500] Setting interface mode on port 'kernel8/array_1005' to 'ap_ovld'.
INFO: [RTGEN 206-500] Setting interface mode on port 'kernel8/array_1006' to 'ap_ovld'.
INFO: [RTGEN 206-500] Setting interface mode on port 'kernel8/array_1007' to 'ap_ovld'.
INFO: [RTGEN 206-500] Setting interface mode on port 'kernel8/array_1008' to 'ap_ovld'.
INFO: [RTGEN 206-500] Setting interface mode on port 'kernel8/array_1009' to 'ap_ovld'.
INFO: [RTGEN 206-500] Setting interface mode on port 'kernel8/array_1010' to 'ap_ovld'.
INFO: [RTGEN 206-500] Setting interface mode on port 'kernel8/array_1011' to 'ap_ovld'.
INFO: [RTGEN 206-500] Setting interface mode on port 'kernel8/array_1012' to 'ap_ovld'.
INFO: [RTGEN 206-500] Setting interface mode on port 'kernel8/array_1013' to 'ap_ovld'.
INFO: [RTGEN 206-500] Setting interface mode on port 'kernel8/array_1014' to 'ap_ovld'.
INFO: [RTGEN 206-500] Setting interface mode on port 'kernel8/array_1015' to 'ap_ovld'.
INFO: [RTGEN 206-500] Setting interface mode on port 'kernel8/array_1016' to 'ap_ovld'.
INFO: [RTGEN 206-500] Setting interface mode on port 'kernel8/array_1017' to 'ap_ovld'.
INFO: [RTGEN 206-500] Setting interface mode on port 'kernel8/array_1018' to 'ap_ovld'.
INFO: [RTGEN 206-500] Setting interface mode on port 'kernel8/array_1019' to 'ap_ovld'.
INFO: [RTGEN 206-500] Setting interface mode on port 'kernel8/array_1020' to 'ap_ovld'.
INFO: [RTGEN 206-500] Setting interface mode on port 'kernel8/array_1021' to 'ap_ovld'.
INFO: [RTGEN 206-500] Setting interface mode on port 'kernel8/array_1022' to 'ap_ovld'.
INFO: [RTGEN 206-500] Setting interface mode on port 'kernel8/array_1023' to 'ap_ovld'.
INFO: [RTGEN 206-500] Setting interface mode on port 'kernel8/multiplier' to 'ap_none'.
INFO: [RTGEN 206-500] Setting interface mode on port 'kernel8/offset' to 'ap_none'.
INFO: [RTGEN 206-500] Setting interface mode on function 'kernel8' to 'ap_ctrl_hs'.
INFO: [SYN 201-210] Renamed object name 'kernel8_mux_102410_32_1_1' to 'kernel8_mux_10241bkb' due to the length limit 20
INFO: [RTGEN 206-100] Generating core module 'kernel8_mux_10241bkb': 1 instance(s).
INFO: [RTGEN 206-100] Finished creating RTL model for 'kernel8'.
INFO: [HLS 200-111]  Elapsed time: 19.78 seconds; current allocated memory: 478.926 MB.
INFO: [HLS 200-790] **** Loop Constraint Status: All loop constraints were NOT satisfied.
INFO: [HLS 200-789] **** Estimated Fmax: 151.98 MHz
INFO: [HLS 200-111] Finished generating all RTL models Time (s): cpu = 00:07:34 ; elapsed = 00:07:36 . Memory (MB): peak = 1467.398 ; gain = 1054.008 ; free physical = 1367 ; free virtual = 4111
INFO: [VHDL 208-304] Generating VHDL RTL for kernel8.
INFO: [VLOG 209-307] Generating Verilog RTL for kernel8.
INFO: [HLS 200-112] Total elapsed time: 456.05 seconds; peak allocated memory: 478.926 MB.
