INFO: [HLS 200-10] Running '/home/francisco/xilinx/Vivado/2019.2/bin/unwrapped/lnx64.o/vivado_hls'
INFO: [HLS 200-10] For user 'francisco' on host 'frblazquezm-PC' (Linux_x86_64 version 5.8.0-50-generic) on Tue May 11 16:05:35 CEST 2021
INFO: [HLS 200-10] On os Ubuntu 20.04.2 LTS
INFO: [HLS 200-10] In directory '/home/francisco/Documents/Universidad/5_Carrera/Advanced_Computer_Architecture/Homeworks/homework_3/kernels/kernel6'
Sourcing Tcl script '/home/francisco/Documents/Universidad/5_Carrera/Advanced_Computer_Architecture/Homeworks/homework_3/kernels/kernel6/prj_kernel6/solution1/csynth.tcl'
INFO: [HLS 200-10] Opening project '/home/francisco/Documents/Universidad/5_Carrera/Advanced_Computer_Architecture/Homeworks/homework_3/kernels/kernel6/prj_kernel6'.
INFO: [HLS 200-10] Adding design file 'kernel6.cpp' to the project
INFO: [HLS 200-10] Adding test bench file 'kernel6_test.cpp' to the project
INFO: [HLS 200-10] Opening solution '/home/francisco/Documents/Universidad/5_Carrera/Advanced_Computer_Architecture/Homeworks/homework_3/kernels/kernel6/prj_kernel6/solution1'.
INFO: [SYN 201-201] Setting up clock 'default' with a period of 10ns.
INFO: [HLS 200-10] Setting target device to 'xc7k160t-fbg484-1'
INFO: [SCHED 204-61] Option 'relax_ii_for_timing' is enabled, will increase II to preserve clock frequency constraints.
INFO: [HLS 200-10] Analyzing design file 'kernel6.cpp' ... 
INFO: [HLS 200-111] Finished Linking Time (s): cpu = 00:00:07 ; elapsed = 00:00:08 . Memory (MB): peak = 936.426 ; gain = 523.035 ; free physical = 904 ; free virtual = 6033
INFO: [HLS 200-111] Finished Checking Pragmas Time (s): cpu = 00:00:07 ; elapsed = 00:00:08 . Memory (MB): peak = 936.426 ; gain = 523.035 ; free physical = 904 ; free virtual = 6033
INFO: [HLS 200-10] Starting code transformations ...
INFO: [HLS 200-111] Finished Standard Transforms Time (s): cpu = 00:00:08 ; elapsed = 00:00:09 . Memory (MB): peak = 936.426 ; gain = 523.035 ; free physical = 901 ; free virtual = 6032
INFO: [HLS 200-10] Checking synthesizability ...
INFO: [HLS 200-111] Finished Checking Synthesizability Time (s): cpu = 00:00:08 ; elapsed = 00:00:09 . Memory (MB): peak = 936.426 ; gain = 523.035 ; free physical = 900 ; free virtual = 6032
INFO: [HLS 200-111] Finished Pre-synthesis Time (s): cpu = 00:00:08 ; elapsed = 00:00:09 . Memory (MB): peak = 936.426 ; gain = 523.035 ; free physical = 885 ; free virtual = 6016
INFO: [HLS 200-111] Finished Architecture Synthesis Time (s): cpu = 00:00:08 ; elapsed = 00:00:09 . Memory (MB): peak = 936.426 ; gain = 523.035 ; free physical = 885 ; free virtual = 6016
INFO: [HLS 200-10] Starting hardware synthesis ...
INFO: [HLS 200-10] Synthesizing 'kernel6' ...
INFO: [HLS 200-10] ----------------------------------------------------------------
INFO: [HLS 200-42] -- Implementing module 'kernel6' 
INFO: [HLS 200-10] ----------------------------------------------------------------
INFO: [SCHED 204-11] Starting scheduling ...
INFO: [SCHED 204-11] Finished scheduling.
INFO: [HLS 200-111]  Elapsed time: 8.7 seconds; current allocated memory: 91.726 MB.
INFO: [BIND 205-100] Starting micro-architecture generation ...
INFO: [BIND 205-101] Performing variable lifetime analysis.
INFO: [BIND 205-101] Exploring resource sharing.
INFO: [BIND 205-101] Binding ...
INFO: [BIND 205-100] Finished micro-architecture generation.
INFO: [HLS 200-111]  Elapsed time: 0.01 seconds; current allocated memory: 91.789 MB.
INFO: [HLS 200-10] ----------------------------------------------------------------
INFO: [HLS 200-10] -- Generating RTL for module 'kernel6' 
INFO: [HLS 200-10] ----------------------------------------------------------------
INFO: [RTGEN 206-500] Setting interface mode on port 'kernel6/x' to 'ap_none'.
INFO: [RTGEN 206-500] Setting interface mode on function 'kernel6' to 'ap_ctrl_hs'.
INFO: [RTGEN 206-100] Finished creating RTL model for 'kernel6'.
INFO: [HLS 200-111]  Elapsed time: 0.01 seconds; current allocated memory: 91.992 MB.
INFO: [HLS 200-790] **** Loop Constraint Status: All loop constraints were satisfied.
INFO: [HLS 200-789] **** Estimated Fmax: 123.06 MHz
INFO: [HLS 200-111] Finished generating all RTL models Time (s): cpu = 00:00:09 ; elapsed = 00:00:09 . Memory (MB): peak = 936.426 ; gain = 523.035 ; free physical = 878 ; free virtual = 6010
INFO: [VHDL 208-304] Generating VHDL RTL for kernel6.
INFO: [VLOG 209-307] Generating Verilog RTL for kernel6.
INFO: [HLS 200-112] Total elapsed time: 9.17 seconds; peak allocated memory: 91.992 MB.
